2026-04-10 09:09:13 - ERROR - [logic\api\OpenWeatherMap\weather.py] - Ошибка при проверке даты обновления данных: [Errno 2] No such file or directory: 'date_update.json'
2026-04-10 09:10:00 - ERROR - [logic\api\OpenWeatherMap\weather.py] - Ошибка при проверке даты обновления данных: [Errno 2] No such file or directory: 'date_update.json'
2026-04-10 09:13:04 - ERROR - [logic\api\OpenWeatherMap\weather.py] - Ошибка при проверке даты обновления данных: [Errno 2] No such file or directory: 'date_update.json'
2026-04-10 09:14:51 - ERROR - [logic\api\OpenWeatherMap\weather.py] - Ошибка при проверке даты обновления данных: [Errno 2] No such file or directory: 'logic/api/OpenWeatherMap/date_update.json'
2026-04-10 09:17:21 - ERROR - [logic\api\OpenWeatherMap\weather.py] - Ошибка при записи данных в json файл: Object of type Function is not JSON serializable
2026-04-10 09:17:21 - ERROR - [logic\api\OpenWeatherMap\weather.py] - Ошибка при проверке даты обновления данных: Expecting value: line 1 column 12 (char 11)
2026-04-10 09:18:00 - ERROR - [logic\api\OpenWeatherMap\weather.py] - Ошибка при записи данных в json файл: Object of type Function is not JSON serializable
2026-04-10 09:18:00 - ERROR - [logic\api\OpenWeatherMap\weather.py] - Ошибка при проверке даты обновления данных: [Errno 2] No such file or directory: 'logic/api/OpenWeatherMap/date_updatedate_update.json'
2026-04-10 09:18:24 - ERROR - [logic\api\OpenWeatherMap\weather.py] - Ошибка при записи данных в json файл: Object of type Function is not JSON serializable
2026-04-10 09:18:24 - ERROR - [logic\api\OpenWeatherMap\weather.py] - Ошибка при проверке даты обновления данных: [Errno 2] No such file or directory: 'logic/api/OpenWeatherMap/date_updatedate_update.json'
2026-04-10 09:22:28 - ERROR - [logic\api\OpenWeatherMap\weather.py] - Ошибка при записи данных в json файл: type object 'datetime.datetime' has no attribute 'datetime'
2026-04-10 09:23:32 - ERROR - [logic\api\OpenWeatherMap\weather.py] - Ошибка при записи данных в json файл: type object 'datetime.datetime' has no attribute 'timedelta'
2026-04-10 09:24:30 - ERROR - [logic\api\OpenWeatherMap\weather.py] - Ошибка при записи данных в json файл: type object 'datetime.datetime' has no attribute 'timedelta'
2026-04-10 09:24:30 - ERROR - [logic\api\OpenWeatherMap\weather.py] - Ошибка при проверке даты обновления данных: Expecting value: line 1 column 1 (char 0)
2026-04-10 09:26:23 - ERROR - [logic\api\OpenWeatherMap\weather.py] - Ошибка при записи данных в json файл: Object of type Function is not JSON serializable
2026-04-10 09:26:23 - ERROR - [logic\api\OpenWeatherMap\weather.py] - Ошибка при проверке даты обновления данных: Expecting value: line 1 column 12 (char 11)
2026-04-10 09:28:38 - ERROR - [logic\api\OpenWeatherMap\weather.py] - Ошибка при записи данных в json файл: Object of type datetime is not JSON serializable
2026-04-10 09:28:38 - ERROR - [logic\api\OpenWeatherMap\weather.py] - Ошибка при проверке даты обновления данных: Expecting value: line 1 column 12 (char 11)
2026-04-10 09:28:50 - ERROR - [logic\api\OpenWeatherMap\weather.py] - Ошибка при записи данных в json файл: Object of type datetime is not JSON serializable
2026-04-10 09:28:50 - ERROR - [logic\api\OpenWeatherMap\weather.py] - Ошибка при проверке даты обновления данных: Expecting value: line 1 column 12 (char 11)
2026-04-10 09:30:26 - ERROR - [logic\api\OpenWeatherMap\weather.py] - Ошибка при проверке даты обновления данных: Expecting value: line 1 column 12 (char 11)
2026-04-10 09:30:36 - ERROR - [logic\api\OpenWeatherMap\weather.py] - Ошибка при записи данных в json файл: Object of type datetime is not JSON serializable
2026-04-10 09:30:57 - ERROR - [logic\api\OpenWeatherMap\weather.py] - Ошибка при получении данных погоды для города (Москва): HTTPConnectionPool(host='api.openweathermap.org', port=80): Max retries exceeded with url: /data/2.5/weather?q=%D0%9C%D0%BE%D1%81%D0%BA%D0%B2%D0%B0&appid=6bb8642792165bf0e9cee96779374806&units=metric (Caused by ConnectTimeoutError(<HTTPConnection(host='api.openweathermap.org', port=80) at 0x1d324e61b20>, 'Connection to api.openweathermap.org timed out. (connect timeout=None)'))
2026-04-10 09:33:33 - ERROR - [logic\api\OpenWeatherMap\weather.py] - Ошибка при проверке даты обновления данных: Expecting value: line 1 column 1 (char 0)
2026-04-10 09:33:54 - ERROR - [logic\api\OpenWeatherMap\weather.py] - Ошибка при получении данных погоды для города (Москва): HTTPConnectionPool(host='api.openweathermap.org', port=80): Max retries exceeded with url: /data/2.5/weather?q=%D0%9C%D0%BE%D1%81%D0%BA%D0%B2%D0%B0&appid=6bb8642792165bf0e9cee96779374806&units=metric (Caused by ConnectTimeoutError(<HTTPConnection(host='api.openweathermap.org', port=80) at 0x278a4315580>, 'Connection to api.openweathermap.org timed out. (connect timeout=None)'))
2026-04-10 09:34:13 - ERROR - [logic\api\OpenWeatherMap\weather.py] - Ошибка при проверке даты обновления данных: Boolean value of this clause is not defined
2026-04-10 09:34:34 - ERROR - [logic\api\OpenWeatherMap\weather.py] - Ошибка при получении данных погоды для города (Москва): HTTPConnectionPool(host='api.openweathermap.org', port=80): Max retries exceeded with url: /data/2.5/weather?q=%D0%9C%D0%BE%D1%81%D0%BA%D0%B2%D0%B0&appid=6bb8642792165bf0e9cee96779374806&units=metric (Caused by ConnectTimeoutError(<HTTPConnection(host='api.openweathermap.org', port=80) at 0x1f99034d940>, 'Connection to api.openweathermap.org timed out. (connect timeout=None)'))
2026-04-10 10:08:36 - ERROR - [logic\api\OpenWeatherMap\weather.py] - Ошибка при проверке даты обновления данных: Boolean value of this clause is not defined
2026-04-10 10:08:57 - ERROR - [logic\api\OpenWeatherMap\weather.py] - Ошибка при получении данных погоды для города (Москва): HTTPConnectionPool(host='api.openweathermap.org', port=80): Max retries exceeded with url: /data/2.5/weather?q=%D0%9C%D0%BE%D1%81%D0%BA%D0%B2%D0%B0&appid=6bb8642792165bf0e9cee96779374806&units=metric (Caused by ConnectTimeoutError(<HTTPConnection(host='api.openweathermap.org', port=80) at 0x2bd2df1fb00>, 'Connection to api.openweathermap.org timed out. (connect timeout=None)'))
2026-04-10 10:34:18 - ERROR - [logic\api\OpenWeatherMap\weather.py] - Ошибка при получении данных погоды для города (Москва): Expecting value: line 1 column 1 (char 0)
2026-04-10 10:35:25 - ERROR - [logic\api\OpenWeatherMap\weather.py] - Ошибка при проверке даты запроса: Expecting value: line 1 column 1 (char 0)
2026-04-10 10:35:47 - ERROR - [logic\api\OpenWeatherMap\weather.py] - Ошибка при проверке даты запроса: Expecting value: line 1 column 1 (char 0)
2026-04-10 10:36:09 - ERROR - [logic\api\OpenWeatherMap\weather.py] - Ошибка при получении данных погоды для города (Москва): HTTPConnectionPool(host='api.openweathermap.org', port=80): Max retries exceeded with url: /data/2.5/weather?q=%D0%9C%D0%BE%D1%81%D0%BA%D0%B2%D0%B0&appid=6bb8642792165bf0e9cee96779374806&units=metric (Caused by ConnectTimeoutError(<HTTPConnection(host='api.openweathermap.org', port=80) at 0x17d8d7a7500>, 'Connection to api.openweathermap.org timed out. (connect timeout=None)'))
2026-04-10 10:37:22 - ERROR - [logic\api\OpenWeatherMap\weather.py] - Ошибка при проверке даты запроса: unsupported operand type(s) for -: 'str' and 'datetime.datetime'
2026-04-10 10:37:29 - ERROR - [logic\api\OpenWeatherMap\weather.py] - Ошибка при проверке даты запроса: unsupported operand type(s) for -: 'str' and 'datetime.datetime'
2026-04-10 10:39:59 - ERROR - [logic\api\OpenWeatherMap\weather.py] - Ошибка при получении данных погоды для города (Москва): HTTPConnectionPool(host='api.openweathermap.org', port=80): Max retries exceeded with url: /data/2.5/weather?q=%D0%9C%D0%BE%D1%81%D0%BA%D0%B2%D0%B0&appid=6bb8642792165bf0e9cee96779374806&units=metric (Caused by ConnectTimeoutError(<HTTPConnection(host='api.openweathermap.org', port=80) at 0x1e619729310>, 'Connection to api.openweathermap.org timed out. (connect timeout=None)'))
2026-04-10 10:41:29 - ERROR - [logic\api\OpenWeatherMap\weather.py] - Ошибка при получении данных погоды для города (Москва): HTTPConnectionPool(host='api.openweathermap.org', port=80): Max retries exceeded with url: /data/2.5/weather?q=%D0%9C%D0%BE%D1%81%D0%BA%D0%B2%D0%B0&appid=6bb8642792165bf0e9cee96779374806&units=metric (Caused by ConnectTimeoutError(<HTTPConnection(host='api.openweathermap.org', port=80) at 0x1c94e7dab40>, 'Connection to api.openweathermap.org timed out. (connect timeout=None)'))
2026-04-10 10:42:02 - ERROR - [logic\api\OpenWeatherMap\weather.py] - Ошибка при получении данных погоды для города (Москва): HTTPSConnectionPool(host='api.openweathermap.org', port=443): Max retries exceeded with url: /data/2.5/weather?q=%D0%9C%D0%BE%D1%81%D0%BA%D0%B2%D0%B0&appid=6bb8642792165bf0e9cee96779374806&units=metric (Caused by ConnectTimeoutError(<HTTPSConnection(host='api.openweathermap.org', port=443) at 0x1b55ec14f20>, 'Connection to api.openweathermap.org timed out. (connect timeout=None)'))
2026-04-10 10:43:25 - ERROR - [logic\api\OpenWeatherMap\weather.py] - Ошибка при получении данных погоды для города (Москва): HTTPConnectionPool(host='api.openweathermap.org', port=80): Max retries exceeded with url: /data/2.5/weather?q=%D0%9C%D0%BE%D1%81%D0%BA%D0%B2%D0%B0&appid=6bb8642792165bf0e9cee96779374806&units=metric (Caused by ConnectTimeoutError(<HTTPConnection(host='api.openweathermap.org', port=80) at 0x1923a749160>, 'Connection to api.openweathermap.org timed out. (connect timeout=None)'))
2026-04-10 10:58:34 - ERROR - [logic\api\OpenWeatherMap\weather.py] - Ошибка при получении данных погоды для города (Москва): HTTPConnectionPool(host='api.openweathermap.org', port=80): Max retries exceeded with url: /data/2.5/weather?q=%D0%9C%D0%BE%D1%81%D0%BA%D0%B2%D0%B0&appid=6bb8642792165bf0e9cee96779374806&units=metric (Caused by ConnectTimeoutError(<HTTPConnection(host='api.openweathermap.org', port=80) at 0x24a619348c0>, 'Connection to api.openweathermap.org timed out. (connect timeout=None)'))
2026-04-10 11:17:22 - ERROR - [logic\api\OpenWeatherMap\weather.py] - Ошибка при получении данных погоды для города (Москва): HTTPConnectionPool(host='api.openweathermap.org', port=80): Max retries exceeded with url: /data/2.5/weather?q=%D0%9C%D0%BE%D1%81%D0%BA%D0%B2%D0%B0&appid=6bb8642792165bf0e9cee96779374806&units=metric (Caused by ConnectTimeoutError(<HTTPConnection(host='api.openweathermap.org', port=80) at 0x211a1a5d310>, 'Connection to api.openweathermap.org timed out. (connect timeout=None)'))
2026-04-10 11:17:59 - ERROR - [logic\api\OpenWeatherMap\weather.py] - Ошибка при получении данных погоды для города (Москва): HTTPConnectionPool(host='api.openweathermap.org', port=80): Max retries exceeded with url: /data/2.5/weather?q=%D0%9C%D0%BE%D1%81%D0%BA%D0%B2%D0%B0&appid=6bb8642792165bf0e9cee96779374806&units=metric (Caused by ConnectTimeoutError(<HTTPConnection(host='api.openweathermap.org', port=80) at 0x1d72e54d220>, 'Connection to api.openweathermap.org timed out. (connect timeout=None)'))
2026-04-10 11:18:21 - ERROR - [logic\api\OpenWeatherMap\weather.py] - Ошибка при получении данных погоды для города (Москва): HTTPConnectionPool(host='api.openweathermap.org', port=80): Max retries exceeded with url: /data/2.5/weather?q=%D0%9C%D0%BE%D1%81%D0%BA%D0%B2%D0%B0&appid=6bb8642792165bf0e9cee96779374806&units=metric (Caused by ConnectTimeoutError(<HTTPConnection(host='api.openweathermap.org', port=80) at 0x1b79a70d370>, 'Connection to api.openweathermap.org timed out. (connect timeout=None)'))
2026-04-10 13:18:35 - ERROR - [logic\api\OpenWeatherMap\weather.py] - Ошибка при получении данных погоды для города (Москва): HTTPConnectionPool(host='api.openweathermap.org', port=80): Max retries exceeded with url: /data/2.5/weather?q=%D0%9C%D0%BE%D1%81%D0%BA%D0%B2%D0%B0&appid=6bb8642792165bf0e9cee96779374806&units=metric (Caused by ConnectTimeoutError(<HTTPConnection(host='api.openweathermap.org', port=80) at 0x18d86afa0f0>, 'Connection to api.openweathermap.org timed out. (connect timeout=None)'))
2026-04-10 13:18:57 - ERROR - [logic\api\OpenWeatherMap\weather.py] - Ошибка при получении данных погоды для города (Москва): HTTPConnectionPool(host='api.openweathermap.org', port=80): Max retries exceeded with url: /data/2.5/weather?q=%D0%9C%D0%BE%D1%81%D0%BA%D0%B2%D0%B0&appid=6bb8642792165bf0e9cee96779374806&units=metric (Caused by ConnectTimeoutError(<HTTPConnection(host='api.openweathermap.org', port=80) at 0x23f8165a030>, 'Connection to api.openweathermap.org timed out. (connect timeout=None)'))
2026-04-10 14:54:30 - ERROR - [logic\api\OpenWeatherMap\weather.py] - Ошибка при получении данных погоды для города (Москва): HTTPConnectionPool(host='api.openweathermap.org', port=80): Read timed out. (read timeout=None)
2026-04-10 15:01:34 - ERROR - [logic\api\OpenWeatherMap\weather.py] - Ошибка при получении данных погоды для города (Москва): HTTPConnectionPool(host='api.openweathermap.org', port=80): Read timed out. (read timeout=None)
2026-04-10 15:03:01 - ERROR - [logic\api\OpenWeatherMap\weather.py] - Ошибка при получении данных погоды для города (Москва): HTTPConnectionPool(host='api.openweathermap.org', port=80): Read timed out. (read timeout=None)
2026-04-10 15:04:33 - ERROR - [logic\api\OpenWeatherMap\weather.py] - Ошибка при получении данных погоды для города (Москва): HTTPConnectionPool(host='api.openweathermap.org', port=80): Read timed out. (read timeout=None)
2026-04-10 15:04:51 - ERROR - [logic\api\OpenWeatherMap\weather.py] - Ошибка при получении данных погоды для города (Москва): HTTPConnectionPool(host='api.openweathermap.org', port=80): Read timed out. (read timeout=None)
2026-04-10 15:05:43 - ERROR - [logic\api\OpenWeatherMap\weather.py] - Ошибка при получении данных погоды для города (Москва): HTTPConnectionPool(host='api.openweathermap.org', port=80): Read timed out. (read timeout=None)
2026-04-10 15:06:12 - ERROR - [logic\api\OpenWeatherMap\weather.py] - Ошибка при получении данных погоды для города (Москва): HTTPConnectionPool(host='api.openweathermap.org', port=80): Read timed out. (read timeout=None)
2026-04-10 16:23:39 - ERROR - [logic\api\OpenWeatherMap\weather.py] - Ошибка при получении данных погоды для города (Москва): HTTPConnectionPool(host='api.openweathermap.org', port=80): Read timed out. (read timeout=None)
2026-04-10 16:23:39 - ERROR - [logic\api\OpenWeatherMap\weather.py] - Ошибка при получении данных погоды для города (Москва): HTTPConnectionPool(host='api.openweathermap.org', port=80): Read timed out. (read timeout=None)
2026-04-10 16:23:40 - ERROR - [logic\api\OpenWeatherMap\weather.py] - Ошибка при получении данных погоды для города (Москва): HTTPConnectionPool(host='api.openweathermap.org', port=80): Read timed out. (read timeout=None)
2026-04-10 16:23:41 - ERROR - [logic\api\OpenWeatherMap\weather.py] - Ошибка при получении данных погоды для города (Москва): HTTPConnectionPool(host='api.openweathermap.org', port=80): Read timed out. (read timeout=None)
2026-04-10 16:25:46 - ERROR - [logic\api\OpenWeatherMap\weather.py] - Ошибка при получении данных погоды для города (Москва): HTTPConnectionPool(host='api.openweathermap.org', port=80): Read timed out. (read timeout=None)
2026-04-10 16:25:47 - ERROR - [logic\api\OpenWeatherMap\weather.py] - Ошибка при получении данных погоды для города (Москва): HTTPConnectionPool(host='api.openweathermap.org', port=80): Read timed out. (read timeout=None)
2026-04-10 16:25:52 - ERROR - [logic\api\OpenWeatherMap\weather.py] - Ошибка при получении данных погоды для города (Москва): HTTPConnectionPool(host='api.openweathermap.org', port=80): Read timed out. (read timeout=None)
2026-04-10 16:27:07 - ERROR - [logic\api\OpenWeatherMap\weather.py] - Ошибка при получении данных погоды для города (Москва): HTTPConnectionPool(host='api.openweathermap.org', port=80): Read timed out. (read timeout=None)
2026-04-10 16:27:09 - ERROR - [logic\api\OpenWeatherMap\weather.py] - Ошибка при получении данных погоды для города (Москва): HTTPConnectionPool(host='api.openweathermap.org', port=80): Read timed out. (read timeout=None)
2026-04-10 16:27:11 - ERROR - [logic\api\OpenWeatherMap\weather.py] - Ошибка при получении данных погоды для города (Москва): HTTPConnectionPool(host='api.openweathermap.org', port=80): Read timed out. (read timeout=None)
2026-04-11 04:38:50 - ERROR - [logic\api\OpenWeatherMap\weather.py] - Ошибка при получении данных погоды для города (Москва): HTTPConnectionPool(host='api.openweathermap.org', port=80): Max retries exceeded with url: /data/2.5/weather?q=%D0%9C%D0%BE%D1%81%D0%BA%D0%B2%D0%B0&appid=6bb8642792165bf0e9cee96779374806&units=metric (Caused by ConnectTimeoutError(<HTTPConnection(host='api.openweathermap.org', port=80) at 0x1be2d58adb0>, 'Connection to api.openweathermap.org timed out. (connect timeout=None)'))
2026-04-11 04:38:51 - ERROR - [logic\api\OpenWeatherMap\weather.py] - Ошибка при получении данных погоды для города (Москва): HTTPConnectionPool(host='api.openweathermap.org', port=80): Max retries exceeded with url: /data/2.5/weather?q=%D0%9C%D0%BE%D1%81%D0%BA%D0%B2%D0%B0&appid=6bb8642792165bf0e9cee96779374806&units=metric (Caused by ConnectTimeoutError(<HTTPConnection(host='api.openweathermap.org', port=80) at 0x171efaf6600>, 'Connection to api.openweathermap.org timed out. (connect timeout=None)'))
2026-04-11 04:39:13 - ERROR - [logic\api\OpenWeatherMap\weather.py] - Ошибка при получении данных погоды для города (Москва): HTTPConnectionPool(host='api.openweathermap.org', port=80): Max retries exceeded with url: /data/2.5/weather?q=%D0%9C%D0%BE%D1%81%D0%BA%D0%B2%D0%B0&appid=6bb8642792165bf0e9cee96779374806&units=metric (Caused by ConnectTimeoutError(<HTTPConnection(host='api.openweathermap.org', port=80) at 0x1e09c286600>, 'Connection to api.openweathermap.org timed out. (connect timeout=None)'))
2026-04-11 04:39:13 - ERROR - [logic\api\OpenWeatherMap\weather.py] - Ошибка при получении данных погоды для города (Москва): HTTPConnectionPool(host='api.openweathermap.org', port=80): Max retries exceeded with url: /data/2.5/weather?q=%D0%9C%D0%BE%D1%81%D0%BA%D0%B2%D0%B0&appid=6bb8642792165bf0e9cee96779374806&units=metric (Caused by ConnectTimeoutError(<HTTPConnection(host='api.openweathermap.org', port=80) at 0x1e09c2e5970>, 'Connection to api.openweathermap.org timed out. (connect timeout=None)'))
2026-04-11 04:40:11 - ERROR - [logic\api\OpenWeatherMap\weather.py] - Ошибка при получении данных погоды для города (Москва): HTTPConnectionPool(host='api.openweathermap.org', port=80): Max retries exceeded with url: /data/2.5/weather?q=%D0%9C%D0%BE%D1%81%D0%BA%D0%B2%D0%B0&appid=6bb8642792165bf0e9cee96779374806&units=metric (Caused by ConnectTimeoutError(<HTTPConnection(host='api.openweathermap.org', port=80) at 0x1be2d77b9b0>, 'Connection to api.openweathermap.org timed out. (connect timeout=None)'))
2026-04-11 04:40:34 - ERROR - [logic\api\OpenWeatherMap\weather.py] - Ошибка при получении данных погоды для города (Москва): HTTPConnectionPool(host='api.openweathermap.org', port=80): Max retries exceeded with url: /data/2.5/weather?q=%D0%9C%D0%BE%D1%81%D0%BA%D0%B2%D0%B0&appid=6bb8642792165bf0e9cee96779374806&units=metric (Caused by ConnectTimeoutError(<HTTPConnection(host='api.openweathermap.org', port=80) at 0x1e09c2e6c00>, 'Connection to api.openweathermap.org timed out. (connect timeout=None)'))
2026-04-11 04:57:40 - ERROR - [logic\api\OpenWeatherMap\weather.py] - Ошибка при получении данных погоды для города (Москва): HTTPConnectionPool(host='api.openweathermap.org', port=80): Max retries exceeded with url: /data/2.5/weather?q=%D0%9C%D0%BE%D1%81%D0%BA%D0%B2%D0%B0&appid=6bb8642792165bf0e9cee96779374806&units=metric (Caused by ConnectTimeoutError(<HTTPConnection(host='api.openweathermap.org', port=80) at 0x23c811666f0>, 'Connection to api.openweathermap.org timed out. (connect timeout=None)'))
2026-04-11 04:57:41 - ERROR - [logic\api\OpenWeatherMap\weather.py] - Ошибка при получении данных погоды для города (Москва): HTTPConnectionPool(host='api.openweathermap.org', port=80): Max retries exceeded with url: /data/2.5/weather?q=%D0%9C%D0%BE%D1%81%D0%BA%D0%B2%D0%B0&appid=6bb8642792165bf0e9cee96779374806&units=metric (Caused by ConnectTimeoutError(<HTTPConnection(host='api.openweathermap.org', port=80) at 0x20a10ff3440>, 'Connection to api.openweathermap.org timed out. (connect timeout=None)'))
2026-04-11 04:57:42 - ERROR - [logic\api\OpenWeatherMap\weather.py] - Ошибка при получении данных погоды для города (Москва): HTTPConnectionPool(host='api.openweathermap.org', port=80): Max retries exceeded with url: /data/2.5/weather?q=%D0%9C%D0%BE%D1%81%D0%BA%D0%B2%D0%B0&appid=6bb8642792165bf0e9cee96779374806&units=metric (Caused by ConnectTimeoutError(<HTTPConnection(host='api.openweathermap.org', port=80) at 0x20a11196e40>, 'Connection to api.openweathermap.org timed out. (connect timeout=None)'))
2026-04-11 04:57:43 - ERROR - [logic\api\OpenWeatherMap\weather.py] - Ошибка при получении данных погоды для города (Москва): HTTPConnectionPool(host='api.openweathermap.org', port=80): Max retries exceeded with url: /data/2.5/weather?q=%D0%9C%D0%BE%D1%81%D0%BA%D0%B2%D0%B0&appid=6bb8642792165bf0e9cee96779374806&units=metric (Caused by ConnectTimeoutError(<HTTPConnection(host='api.openweathermap.org', port=80) at 0x20a111c34a0>, 'Connection to api.openweathermap.org timed out. (connect timeout=None)'))
2026-04-11 04:57:45 - ERROR - [logic\api\OpenWeatherMap\weather.py] - Ошибка при получении данных погоды для города (Москва): HTTPConnectionPool(host='api.openweathermap.org', port=80): Max retries exceeded with url: /data/2.5/weather?q=%D0%9C%D0%BE%D1%81%D0%BA%D0%B2%D0%B0&appid=6bb8642792165bf0e9cee96779374806&units=metric (Caused by ConnectTimeoutError(<HTTPConnection(host='api.openweathermap.org', port=80) at 0x20a111da570>, 'Connection to api.openweathermap.org timed out. (connect timeout=None)'))
2026-04-11 04:57:46 - ERROR - [logic\api\OpenWeatherMap\weather.py] - Ошибка при получении данных погоды для города (Москва): HTTPConnectionPool(host='api.openweathermap.org', port=80): Max retries exceeded with url: /data/2.5/weather?q=%D0%9C%D0%BE%D1%81%D0%BA%D0%B2%D0%B0&appid=6bb8642792165bf0e9cee96779374806&units=metric (Caused by ConnectTimeoutError(<HTTPConnection(host='api.openweathermap.org', port=80) at 0x20a110caf60>, 'Connection to api.openweathermap.org timed out. (connect timeout=None)'))
2026-04-11 04:58:13 - ERROR - [logic\api\OpenWeatherMap\weather.py] - Ошибка при получении данных погоды для города (Москва): HTTPConnectionPool(host='api.openweathermap.org', port=80): Max retries exceeded with url: /data/2.5/weather?q=%D0%9C%D0%BE%D1%81%D0%BA%D0%B2%D0%B0&appid=6bb8642792165bf0e9cee96779374806&units=metric (Caused by ConnectTimeoutError(<HTTPConnection(host='api.openweathermap.org', port=80) at 0x2124c626720>, 'Connection to api.openweathermap.org timed out. (connect timeout=None)'))
2026-04-11 04:58:14 - ERROR - [logic\api\OpenWeatherMap\weather.py] - Ошибка при получении данных погоды для города (Москва): HTTPConnectionPool(host='api.openweathermap.org', port=80): Max retries exceeded with url: /data/2.5/weather?q=%D0%9C%D0%BE%D1%81%D0%BA%D0%B2%D0%B0&appid=6bb8642792165bf0e9cee96779374806&units=metric (Caused by ConnectTimeoutError(<HTTPConnection(host='api.openweathermap.org', port=80) at 0x2124c6857c0>, 'Connection to api.openweathermap.org timed out. (connect timeout=None)'))
2026-04-11 04:58:16 - ERROR - [logic\api\OpenWeatherMap\weather.py] - Ошибка при получении данных погоды для города (Москва): HTTPConnectionPool(host='api.openweathermap.org', port=80): Max retries exceeded with url: /data/2.5/weather?q=%D0%9C%D0%BE%D1%81%D0%BA%D0%B2%D0%B0&appid=6bb8642792165bf0e9cee96779374806&units=metric (Caused by ConnectTimeoutError(<HTTPConnection(host='api.openweathermap.org', port=80) at 0x2124c7872f0>, 'Connection to api.openweathermap.org timed out. (connect timeout=None)'))
2026-04-11 04:58:17 - ERROR - [logic\api\OpenWeatherMap\weather.py] - Ошибка при получении данных погоды для города (Москва): HTTPConnectionPool(host='api.openweathermap.org', port=80): Max retries exceeded with url: /data/2.5/weather?q=%D0%9C%D0%BE%D1%81%D0%BA%D0%B2%D0%B0&appid=6bb8642792165bf0e9cee96779374806&units=metric (Caused by ConnectTimeoutError(<HTTPConnection(host='api.openweathermap.org', port=80) at 0x2124c729b80>, 'Connection to api.openweathermap.org timed out. (connect timeout=None)'))
2026-04-11 05:35:05 - ERROR - [logic\api\OpenWeatherMap\weather.py] - Ошибка ...
...
2026-04-11 05:35:06 - ERROR - [logic\api\OpenWeatherMap\weather.py] - Ошибка ...
...
2026-04-11 05:35:09 - ERROR - [logic\api\OpenWeatherMap\weather.py] - Ошибка ...
...
2026-04-11 05:35:09 - ERROR - [logic\api\OpenWeatherMap\weather.py] - Ошибка ...
...
2026-04-11 05:37:44 - ERROR - [logic\api\OpenWeatherMap\weather.py] - Ошибка при получении данных погоды для города (Москва): HTTPConnectionPool(host='api.openweathermap.org', port=80): Read timed out. (read timeout=None)
2026-04-11 05:37:46 - ERROR - [logic\api\OpenWeatherMap\weather.py] - Ошибка при получении данных погоды для города (Москва): HTTPConnectionPool(host='api.openweathermap.org', port=80): Read timed out. (read timeout=None)
2026-04-11 05:37:46 - ERROR - [logic\api\OpenWeatherMap\weather.py] - Ошибка при получении данных погоды для города (Москва): HTTPConnectionPool(host='api.openweathermap.org', port=80): Read timed out. (read timeout=None)
2026-04-11 05:44:20 - ERROR - [logic\api\OpenWeatherMap\weather.py] - Ошибка при получении данных погоды для города (Москва): HTTPConnectionPool(host='api.openweathermap.org', port=80): Read timed out. (read timeout=None)
2026-04-11 05:44:32 - ERROR - [logic\api\OpenWeatherMap\weather.py] - Ошибка при получении данных погоды для города (Москва): HTTPConnectionPool(host='api.openweathermap.org', port=80): Read timed out. (read timeout=None)
2026-04-11 05:44:32 - ERROR - [logic\api\OpenWeatherMap\weather.py] - Ошибка при получении данных погоды для города (Москва): HTTPConnectionPool(host='api.openweathermap.org', port=80): Read timed out. (read timeout=None)
2026-04-11 05:44:58 - ERROR - [logic\api\OpenWeatherMap\weather.py] - Ошибка при получении данных погоды для города (Москва): HTTPConnectionPool(host='api.openweathermap.org', port=80): Read timed out. (read timeout=None)
2026-04-11 05:45:58 - ERROR - [logic\api\OpenWeatherMap\weather.py] - Ошибка при получении данных погоды для города (Москва): HTTPConnectionPool(host='api.openweathermap.org', port=80): Read timed out. (read timeout=None)
2026-04-11 05:46:15 - ERROR - [logic\api\OpenWeatherMap\weather.py] - Ошибка при получении данных погоды для города (Москва): HTTPConnectionPool(host='api.openweathermap.org', port=80): Read timed out. (read timeout=None)
2026-04-11 05:46:15 - ERROR - [logic\api\OpenWeatherMap\weather.py] - Ошибка при получении данных погоды для города (Москва): HTTPConnectionPool(host='api.openweathermap.org', port=80): Read timed out. (read timeout=None)
2026-04-11 05:46:18 - ERROR - [logic\api\OpenWeatherMap\weather.py] - Ошибка при получении данных погоды для города (Москва): HTTPConnectionPool(host='api.openweathermap.org', port=80): Read timed out. (read timeout=None)
2026-04-11 05:47:35 - ERROR - [logic\api\OpenWeatherMap\weather.py] - Ошибка при получении данных погоды для города (Москва): HTTPConnectionPool(host='api.openweathermap.org', port=80): Read timed out. (read timeout=None)
2026-04-11 05:47:35 - ERROR - [logic\api\OpenWeatherMap\weather.py] - Ошибка при получении данных погоды для города (Москва): HTTPConnectionPool(host='api.openweathermap.org', port=80): Read timed out. (read timeout=None)
2026-04-11 05:47:37 - ERROR - [logic\api\OpenWeatherMap\weather.py] - Ошибка при получении данных погоды для города (Москва): HTTPConnectionPool(host='api.openweathermap.org', port=80): Read timed out. (read timeout=None)
2026-04-11 05:47:39 - ERROR - [logic\api\OpenWeatherMap\weather.py] - Ошибка при получении данных погоды для города (Москва): HTTPConnectionPool(host='api.openweathermap.org', port=80): Read timed out. (read timeout=None)
2026-04-15 08:22:16 - ERROR - [logic\api\OpenWeatherMap\weather.py] - Ошибка при получении данных погоды для города (Москва): HTTPConnectionPool(host='api.openweathermap.org', port=80): Read timed out. (read timeout=None)
2026-04-15 08:22:17 - ERROR - [logic\api\OpenWeatherMap\weather.py] - Ошибка при получении данных погоды для города (Москва): HTTPConnectionPool(host='api.openweathermap.org', port=80): Read timed out. (read timeout=None)
2026-04-15 08:51:09 - ERROR - [logic\api\OpenWeatherMap\weather.py] - Ошибка при получении данных погоды для города (Москва): HTTPConnectionPool(host='api.openweathermap.org', port=80): Read timed out. (read timeout=None)
2026-04-15 08:51:09 - ERROR - [logic\api\OpenWeatherMap\weather.py] - Ошибка при получении данных погоды для города (Москва): HTTPConnectionPool(host='api.openweathermap.org', port=80): Read timed out. (read timeout=None)
2026-04-19 05:18:50 - ERROR - [logic\api\OpenWeatherMap\weather.py] - Ошибка при получении данных погоды для города (Москва): HTTPConnectionPool(host='api.openweathermap.org', port=80): Read timed out. (read timeout=None)
2026-04-19 05:24:14 - ERROR - [logic\api\OpenWeatherMap\weather.py] - Ошибка при получении данных погоды для города (Москва): HTTPConnectionPool(host='api.openweathermap.org', port=80): Read timed out. (read timeout=None)
2026-04-19 05:24:14 - ERROR - [logic\api\OpenWeatherMap\weather.py] - Ошибка при получении данных погоды для города (Москва): HTTPConnectionPool(host='api.openweathermap.org', port=80): Read timed out. (read timeout=None)
2026-04-19 08:50:55 - ERROR - [logic\api\OpenWeatherMap\weather.py] - Ошибка при получении данных погоды для города (Москва): HTTPConnectionPool(host='api.openweathermap.org', port=80): Read timed out. (read timeout=None)
2026-04-19 08:50:59 - ERROR - [logic\api\OpenWeatherMap\weather.py] - Ошибка при получении данных погоды для города (Москва): HTTPConnectionPool(host='api.openweathermap.org', port=80): Read timed out. (read timeout=None)
2026-04-19 08:51:00 - ERROR - [logic\api\OpenWeatherMap\weather.py] - Ошибка при получении данных погоды для города (Москва): HTTPConnectionPool(host='api.openweathermap.org', port=80): Read timed out. (read timeout=None)
2026-04-19 10:51:07 - ERROR - [logic\api\OpenWeatherMap\weather.py] - Ошибка при получении данных погоды для города (Москва): HTTPConnectionPool(host='api.openweathermap.org', port=80): Read timed out. (read timeout=None)
2026-04-19 10:51:09 - ERROR - [logic\api\OpenWeatherMap\weather.py] - Ошибка при получении данных погоды для города (Москва): HTTPConnectionPool(host='api.openweathermap.org', port=80): Read timed out. (read timeout=None)
2026-04-19 11:05:13 - ERROR - [logic\api\OpenWeatherMap\weather.py] - Ошибка при получении данных погоды для города (Москва): HTTPConnectionPool(host='api.openweathermap.org', port=80): Read timed out. (read timeout=None)
2026-04-19 11:05:16 - ERROR - [logic\api\OpenWeatherMap\weather.py] - Ошибка при получении данных погоды для города (Москва): HTTPConnectionPool(host='api.openweathermap.org', port=80): Read timed out. (read timeout=None)
2026-04-19 11:07:29 - ERROR - [logic\api\OpenWeatherMap\weather.py] - Ошибка при получении данных погоды для города (Москва): HTTPConnectionPool(host='api.openweathermap.org', port=80): Read timed out. (read timeout=None)
2026-04-19 11:07:32 - ERROR - [logic\api\OpenWeatherMap\weather.py] - Ошибка при получении данных погоды для города (Москва): HTTPConnectionPool(host='api.openweathermap.org', port=80): Read timed out. (read timeout=None)
2026-04-19 11:07:32 - ERROR - [logic\api\OpenWeatherMap\weather.py] - Ошибка при получении данных погоды для города (Москва): HTTPConnectionPool(host='api.openweathermap.org', port=80): Read timed out. (read timeout=None)
2026-04-19 15:20:29 - ERROR - [logic\api\OpenWeatherMap\weather.py] - Ошибка при получении данных погоды для города (Москва): HTTPConnectionPool(host='api.openweathermap.org', port=80): Read timed out. (read timeout=None)
2026-04-19 15:20:30 - ERROR - [logic\api\OpenWeatherMap\weather.py] - Ошибка при получении данных погоды для города (Москва): HTTPConnectionPool(host='api.openweathermap.org', port=80): Read timed out. (read timeout=None)
2026-04-19 15:26:11 - ERROR - [logic\api\OpenWeatherMap\weather.py] - Ошибка при получении данных погоды для города (Москва): HTTPConnectionPool(host='api.openweathermap.org', port=80): Read timed out. (read timeout=None)
2026-04-19 15:26:12 - ERROR - [logic\api\OpenWeatherMap\weather.py] - Ошибка при получении данных погоды для города (Москва): HTTPConnectionPool(host='api.openweathermap.org', port=80): Read timed out. (read timeout=None)
2026-04-19 15:27:50 - ERROR - [logic\api\OpenWeatherMap\weather.py] - Ошибка при получении данных погоды для города (Москва): HTTPConnectionPool(host='api.openweathermap.org', port=80): Read timed out. (read timeout=None)
2026-04-19 15:27:51 - ERROR - [logic\api\OpenWeatherMap\weather.py] - Ошибка при получении данных погоды для города (Москва): HTTPConnectionPool(host='api.openweathermap.org', port=80): Read timed out. (read timeout=None)
2026-04-19 15:45:42 - ERROR - [logic\api\OpenWeatherMap\weather.py] - Ошибка при получении данных погоды для города (Москва): HTTPConnectionPool(host='api.openweathermap.org', port=80): Read timed out. (read timeout=None)
2026-04-19 15:45:45 - ERROR - [logic\api\OpenWeatherMap\weather.py] - Ошибка при получении данных погоды для города (Москва): HTTPConnectionPool(host='api.openweathermap.org', port=80): Read timed out. (read timeout=None)
2026-04-19 15:45:45 - ERROR - [logic\api\OpenWeatherMap\weather.py] - Ошибка при получении данных погоды для города (Москва): HTTPConnectionPool(host='api.openweathermap.org', port=80): Read timed out. (read timeout=None)
2026-04-19 15:45:46 - ERROR - [logic\api\OpenWeatherMap\weather.py] - Ошибка при получении данных погоды для города (Москва): HTTPConnectionPool(host='api.openweathermap.org', port=80): Read timed out. (read timeout=None)
2026-04-19 15:45:46 - ERROR - [logic\api\OpenWeatherMap\weather.py] - Ошибка при получении данных погоды для города (Москва): HTTPConnectionPool(host='api.openweathermap.org', port=80): Read timed out. (read timeout=None)
2026-04-19 15:45:47 - ERROR - [logic\api\OpenWeatherMap\weather.py] - Ошибка при получении данных погоды для города (Москва): HTTPConnectionPool(host='api.openweathermap.org', port=80): Read timed out. (read timeout=None)
2026-04-19 15:45:56 - ERROR - [logic\api\OpenWeatherMap\weather.py] - Ошибка при получении данных погоды для города (Москва): HTTPConnectionPool(host='api.openweathermap.org', port=80): Read timed out. (read timeout=None)
2026-04-19 15:45:56 - ERROR - [logic\api\OpenWeatherMap\weather.py] - Ошибка при получении данных погоды для города (Москва): HTTPConnectionPool(host='api.openweathermap.org', port=80): Read timed out. (read timeout=None)
2026-04-19 15:48:22 - ERROR - [logic\api\OpenWeatherMap\weather.py] - Ошибка при получении данных погоды для города (Москва): HTTPConnectionPool(host='api.openweathermap.org', port=80): Read timed out. (read timeout=None)
2026-04-19 15:48:23 - ERROR - [logic\api\OpenWeatherMap\weather.py] - Ошибка при получении данных погоды для города (Москва): HTTPConnectionPool(host='api.openweathermap.org', port=80): Read timed out. (read timeout=None)
2026-04-19 16:01:51 - ERROR - [logic\api\OpenWeatherMap\weather.py] - Ошибка при получении данных погоды для города (Москва): HTTPConnectionPool(host='api.openweathermap.org', port=80): Read timed out. (read timeout=None)
2026-04-19 16:01:51 - ERROR - [logic\api\OpenWeatherMap\weather.py] - Ошибка при получении данных погоды для города (Москва): HTTPConnectionPool(host='api.openweathermap.org', port=80): Read timed out. (read timeout=None)
2026-04-19 16:01:52 - ERROR - [logic\api\OpenWeatherMap\weather.py] - Ошибка при получении данных погоды для города (Москва): HTTPConnectionPool(host='api.openweathermap.org', port=80): Read timed out. (read timeout=None)
2026-04-19 16:01:57 - ERROR - [logic\api\OpenWeatherMap\weather.py] - Ошибка при получении данных погоды для города (Москва): HTTPConnectionPool(host='api.openweathermap.org', port=80): Read timed out. (read timeout=None)
2026-04-19 17:24:40 - ERROR - [logic\api\OpenWeatherMap\weather.py] - Ошибка при получении данных погоды для города (Москва): HTTPConnectionPool(host='api.openweathermap.org', port=80): Read timed out. (read timeout=None)
2026-04-19 17:24:41 - ERROR - [logic\api\OpenWeatherMap\weather.py] - Ошибка при получении данных погоды для города (Москва): HTTPConnectionPool(host='api.openweathermap.org', port=80): Read timed out. (read timeout=None)
2026-04-19 17:24:42 - ERROR - [logic\api\OpenWeatherMap\weather.py] - Ошибка при получении данных погоды для города (Москва): HTTPConnectionPool(host='api.openweathermap.org', port=80): Read timed out. (read timeout=None)
2026-04-19 17:24:45 - ERROR - [logic\api\OpenWeatherMap\weather.py] - Ошибка при получении данных погоды для города (Москва): HTTPConnectionPool(host='api.openweathermap.org', port=80): Read timed out. (read timeout=None)
2026-04-19 17:35:54 - ERROR - [logic\api\OpenWeatherMap\weather.py] - Ошибка при получении данных погоды для города (Москва): HTTPConnectionPool(host='api.openweathermap.org', port=80): Read timed out. (read timeout=None)
2026-04-19 17:35:55 - ERROR - [logic\api\OpenWeatherMap\weather.py] - Ошибка при получении данных погоды для города (Москва): HTTPConnectionPool(host='api.openweathermap.org', port=80): Read timed out. (read timeout=None)
2026-04-19 17:35:59 - ERROR - [logic\api\OpenWeatherMap\weather.py] - Ошибка при получении данных погоды для города (Москва): HTTPConnectionPool(host='api.openweathermap.org', port=80): Read timed out. (read timeout=None)
2026-04-19 17:40:39 - ERROR - [logic\api\OpenWeatherMap\weather.py] - Ошибка при получении данных погоды для города (Москва): HTTPConnectionPool(host='api.openweathermap.org', port=80): Read timed out. (read timeout=None)
2026-04-19 17:50:12 - ERROR - [logic\api\OpenWeatherMap\weather.py] - Ошибка при получении данных погоды для города (Москва): HTTPConnectionPool(host='api.openweathermap.org', port=80): Read timed out. (read timeout=None)
2026-04-19 17:50:13 - ERROR - [logic\api\OpenWeatherMap\weather.py] - Ошибка при получении данных погоды для города (Москва): HTTPConnectionPool(host='api.openweathermap.org', port=80): Read timed out. (read timeout=None)
2026-04-19 17:50:14 - ERROR - [logic\api\OpenWeatherMap\weather.py] - Ошибка при получении данных погоды для города (Москва): HTTPConnectionPool(host='api.openweathermap.org', port=80): Read timed out. (read timeout=None)
2026-04-20 04:35:51 - ERROR - [logic\api\OpenWeatherMap\weather.py] - Ошибка при получении данных погоды для города (Москва): HTTPConnectionPool(host='api.openweathermap.org', port=80): Read timed out. (read timeout=None)
2026-04-20 04:35:52 - ERROR - [logic\api\OpenWeatherMap\weather.py] - Ошибка при получении данных погоды для города (Москва): HTTPConnectionPool(host='api.openweathermap.org', port=80): Read timed out. (read timeout=None)
2026-04-20 04:37:30 - ERROR - [logic\api\OpenWeatherMap\weather.py] - Ошибка при получении данных погоды для города (Москва): HTTPConnectionPool(host='api.openweathermap.org', port=80): Read timed out. (read timeout=None)
2026-04-20 04:37:31 - ERROR - [logic\api\OpenWeatherMap\weather.py] - Ошибка при получении данных погоды для города (Москва): HTTPConnectionPool(host='api.openweathermap.org', port=80): Read timed out. (read timeout=None)
2026-04-20 04:38:32 - ERROR - [logic\api\OpenWeatherMap\weather.py] - Ошибка при получении данных погоды для города (Москва): HTTPConnectionPool(host='api.openweathermap.org', port=80): Read timed out. (read timeout=None)
2026-04-20 04:38:35 - ERROR - [logic\api\OpenWeatherMap\weather.py] - Ошибка при получении данных погоды для города (Москва): HTTPConnectionPool(host='api.openweathermap.org', port=80): Read timed out. (read timeout=None)
2026-04-20 04:38:53 - ERROR - [logic\api\OpenWeatherMap\weather.py] - Ошибка при получении данных погоды для города (Москва): HTTPConnectionPool(host='api.openweathermap.org', port=80): Read timed out. (read timeout=None)
2026-04-20 04:39:01 - ERROR - [logic\api\OpenWeatherMap\weather.py] - Ошибка при получении данных погоды для города (Москва): HTTPConnectionPool(host='api.openweathermap.org', port=80): Read timed out. (read timeout=None)
2026-04-20 04:39:52 - ERROR - [logic\api\OpenWeatherMap\weather.py] - Ошибка при получении данных погоды для города (Москва): HTTPConnectionPool(host='api.openweathermap.org', port=80): Read timed out. (read timeout=None)
2026-04-20 04:40:09 - ERROR - [logic\api\OpenWeatherMap\weather.py] - Ошибка при получении данных погоды для города (Москва): HTTPConnectionPool(host='api.openweathermap.org', port=80): Read timed out. (read timeout=None)
2026-04-20 04:40:10 - ERROR - [logic\api\OpenWeatherMap\weather.py] - Ошибка при получении данных погоды для города (Москва): HTTPConnectionPool(host='api.openweathermap.org', port=80): Read timed out. (read timeout=None)
2026-04-20 04:40:10 - ERROR - [logic\api\OpenWeatherMap\weather.py] - Ошибка при получении данных погоды для города (Москва): HTTPConnectionPool(host='api.openweathermap.org', port=80): Read timed out. (read timeout=None)
2026-04-20 04:41:35 - ERROR - [logic\api\OpenWeatherMap\weather.py] - Ошибка при получении данных погоды для города (Москва): HTTPConnectionPool(host='api.openweathermap.org', port=80): Read timed out. (read timeout=None)
2026-04-20 04:42:07 - ERROR - [logic\api\OpenWeatherMap\weather.py] - Ошибка при получении данных погоды для города (Москва): HTTPConnectionPool(host='api.openweathermap.org', port=80): Read timed out. (read timeout=None)
2026-04-20 04:42:30 - ERROR - [logic\api\OpenWeatherMap\weather.py] - Ошибка при получении данных погоды для города (Москва): HTTPConnectionPool(host='api.openweathermap.org', port=80): Read timed out. (read timeout=None)
2026-04-20 04:42:47 - ERROR - [logic\api\OpenWeatherMap\weather.py] - Ошибка при получении данных погоды для города (Москва): HTTPConnectionPool(host='api.openweathermap.org', port=80): Read timed out. (read timeout=None)
2026-04-20 04:42:48 - ERROR - [logic\api\OpenWeatherMap\weather.py] - Ошибка при получении данных погоды для города (Москва): HTTPConnectionPool(host='api.openweathermap.org', port=80): Read timed out. (read timeout=None)
2026-04-20 04:42:49 - ERROR - [logic\api\OpenWeatherMap\weather.py] - Ошибка при получении данных погоды для города (Москва): HTTPConnectionPool(host='api.openweathermap.org', port=80): Read timed out. (read timeout=None)
2026-04-20 04:43:07 - ERROR - [logic\api\OpenWeatherMap\weather.py] - Ошибка при получении данных погоды для города (Москва): HTTPConnectionPool(host='api.openweathermap.org', port=80): Read timed out. (read timeout=None)
2026-04-20 04:43:12 - ERROR - [logic\api\OpenWeatherMap\weather.py] - Ошибка при получении данных погоды для города (Москва): HTTPConnectionPool(host='api.openweathermap.org', port=80): Read timed out. (read timeout=None)
2026-04-20 04:45:26 - ERROR - [logic\api\OpenWeatherMap\weather.py] - Ошибка при получении данных погоды для города (Москва): HTTPConnectionPool(host='api.openweathermap.org', port=80): Read timed out. (read timeout=None)
2026-04-20 04:45:28 - ERROR - [logic\api\OpenWeatherMap\weather.py] - Ошибка при получении данных погоды для города (Москва): HTTPConnectionPool(host='api.openweathermap.org', port=80): Read timed out. (read timeout=None)
2026-04-20 04:48:06 - ERROR - [logic\api\OpenWeatherMap\weather.py] - Ошибка при получении данных погоды для города (Москва): HTTPConnectionPool(host='api.openweathermap.org', port=80): Read timed out. (read timeout=None)
2026-04-20 04:48:07 - ERROR - [logic\api\OpenWeatherMap\weather.py] - Ошибка при получении данных погоды для города (Москва): HTTPConnectionPool(host='api.openweathermap.org', port=80): Read timed out. (read timeout=None)
2026-04-20 04:49:44 - ERROR - [logic\api\OpenWeatherMap\weather.py] - Ошибка при получении данных погоды для города (Москва): HTTPConnectionPool(host='api.openweathermap.org', port=80): Read timed out. (read timeout=None)
2026-04-20 04:49:45 - ERROR - [logic\api\OpenWeatherMap\weather.py] - Ошибка при получении данных погоды для города (Москва): HTTPConnectionPool(host='api.openweathermap.org', port=80): Read timed out. (read timeout=None)
2026-04-20 04:51:23 - ERROR - [logic\api\OpenWeatherMap\weather.py] - Ошибка при получении данных погоды для города (Москва): HTTPConnectionPool(host='api.openweathermap.org', port=80): Read timed out. (read timeout=None)
2026-04-20 04:51:24 - ERROR - [logic\api\OpenWeatherMap\weather.py] - Ошибка при получении данных погоды для города (Москва): HTTPConnectionPool(host='api.openweathermap.org', port=80): Read timed out. (read timeout=None)
2026-04-20 04:51:24 - ERROR - [logic\api\OpenWeatherMap\weather.py] - Ошибка при получении данных погоды для города (Москва): HTTPConnectionPool(host='api.openweathermap.org', port=80): Read timed out. (read timeout=None)
2026-04-20 04:54:35 - ERROR - [logic\api\OpenWeatherMap\weather.py] - Ошибка при получении данных погоды для города (Москва): HTTPConnectionPool(host='api.openweathermap.org', port=80): Read timed out. (read timeout=None)
2026-04-20 04:55:02 - ERROR - [logic\api\OpenWeatherMap\weather.py] - Ошибка при получении данных погоды для города (Москва): HTTPConnectionPool(host='api.openweathermap.org', port=80): Read timed out. (read timeout=None)
2026-04-20 04:55:03 - ERROR - [logic\api\OpenWeatherMap\weather.py] - Ошибка при получении данных погоды для города (Москва): HTTPConnectionPool(host='api.openweathermap.org', port=80): Read timed out. (read timeout=None)
2026-04-20 04:56:02 - ERROR - [logic\api\OpenWeatherMap\weather.py] - Ошибка при получении данных погоды для города (Москва): HTTPConnectionPool(host='api.openweathermap.org', port=80): Read timed out. (read timeout=None)
2026-04-20 04:56:04 - ERROR - [logic\api\OpenWeatherMap\weather.py] - Ошибка при получении данных погоды для города (Москва): HTTPConnectionPool(host='api.openweathermap.org', port=80): Read timed out. (read timeout=None)
2026-04-20 04:56:05 - ERROR - [logic\api\OpenWeatherMap\weather.py] - Ошибка при получении данных погоды для города (Москва): HTTPConnectionPool(host='api.openweathermap.org', port=80): Read timed out. (read timeout=None)
2026-04-20 04:56:41 - ERROR - [logic\api\OpenWeatherMap\weather.py] - Ошибка при получении данных погоды для города (Москва): HTTPConnectionPool(host='api.openweathermap.org', port=80): Read timed out. (read timeout=None)
2026-04-20 04:56:42 - ERROR - [logic\api\OpenWeatherMap\weather.py] - Ошибка при получении данных погоды для города (Москва): HTTPConnectionPool(host='api.openweathermap.org', port=80): Read timed out. (read timeout=None)
2026-04-20 04:56:59 - ERROR - [logic\api\OpenWeatherMap\weather.py] - Ошибка при получении данных погоды для города (Москва): HTTPConnectionPool(host='api.openweathermap.org', port=80): Read timed out. (read timeout=None)
2026-04-20 04:57:52 - ERROR - [logic\api\OpenWeatherMap\weather.py] - Ошибка при получении данных погоды для города (Москва): HTTPConnectionPool(host='api.openweathermap.org', port=80): Read timed out. (read timeout=None)
2026-04-20 04:58:06 - ERROR - [logic\api\OpenWeatherMap\weather.py] - Ошибка при получении данных погоды для города (Москва): HTTPConnectionPool(host='api.openweathermap.org', port=80): Read timed out. (read timeout=None)
2026-04-20 04:58:20 - ERROR - [logic\api\OpenWeatherMap\weather.py] - Ошибка при получении данных погоды для города (Москва): HTTPConnectionPool(host='api.openweathermap.org', port=80): Read timed out. (read timeout=None)
2026-04-20 04:58:20 - ERROR - [logic\api\OpenWeatherMap\weather.py] - Ошибка при получении данных погоды для города (Москва): HTTPConnectionPool(host='api.openweathermap.org', port=80): Read timed out. (read timeout=None)
2026-04-20 05:17:52 - ERROR - [logic\api\OpenWeatherMap\weather.py] - Ошибка при получении данных погоды для города (Москва): HTTPConnectionPool(host='api.openweathermap.org', port=80): Read timed out. (read timeout=None)
2026-04-20 05:18:06 - ERROR - [logic\api\OpenWeatherMap\weather.py] - Ошибка при получении данных погоды для города (Москва): HTTPConnectionPool(host='api.openweathermap.org', port=80): Read timed out. (read timeout=None)
2026-04-20 05:19:31 - ERROR - [logic\api\OpenWeatherMap\weather.py] - Ошибка при получении данных погоды для города (Москва): HTTPConnectionPool(host='api.openweathermap.org', port=80): Read timed out. (read timeout=None)
2026-04-20 05:25:46 - ERROR - [logic\api\OpenWeatherMap\weather.py] - Ошибка при получении данных погоды для города (Москва): HTTPConnectionPool(host='api.openweathermap.org', port=80): Read timed out. (read timeout=None)
2026-04-20 05:37:34 - ERROR - [logic\api\OpenWeatherMap\weather.py] - Ошибка при получении данных погоды для города (Москва): HTTPConnectionPool(host='api.openweathermap.org', port=80): Read timed out. (read timeout=None)
2026-04-20 05:40:17 - ERROR - [logic\api\OpenWeatherMap\weather.py] - Ошибка при получении данных погоды для города (Москва): HTTPConnectionPool(host='api.openweathermap.org', port=80): Read timed out. (read timeout=None)
2026-04-20 05:41:04 - ERROR - [logic\api\OpenWeatherMap\weather.py] - Ошибка при получении данных погоды для города (Москва): HTTPConnectionPool(host='api.openweathermap.org', port=80): Read timed out. (read timeout=None)
2026-04-20 05:41:43 - ERROR - [logic\api\OpenWeatherMap\weather.py] - Ошибка при получении данных погоды для города (Москва): HTTPConnectionPool(host='api.openweathermap.org', port=80): Read timed out. (read timeout=None)
2026-04-20 05:42:30 - ERROR - [logic\api\OpenWeatherMap\weather.py] - Ошибка при получении данных погоды для города (Москва): HTTPConnectionPool(host='api.openweathermap.org', port=80): Read timed out. (read timeout=None)
2026-04-20 05:42:31 - ERROR - [logic\api\OpenWeatherMap\weather.py] - Ошибка при получении данных погоды для города (Москва): HTTPConnectionPool(host='api.openweathermap.org', port=80): Read timed out. (read timeout=None)
2026-04-20 05:43:10 - ERROR - [logic\api\OpenWeatherMap\weather.py] - Ошибка при получении данных погоды для города (Москва): HTTPConnectionPool(host='api.openweathermap.org', port=80): Read timed out. (read timeout=None)
2026-04-20 05:44:36 - ERROR - [logic\api\OpenWeatherMap\weather.py] - Ошибка при получении данных погоды для города (Москва): HTTPConnectionPool(host='api.openweathermap.org', port=80): Read timed out. (read timeout=None)
2026-04-20 05:44:56 - ERROR - [logic\api\OpenWeatherMap\weather.py] - Ошибка при получении данных погоды для города (Москва): HTTPConnectionPool(host='api.openweathermap.org', port=80): Read timed out. (read timeout=None)
2026-04-20 05:46:23 - ERROR - [logic\api\OpenWeatherMap\weather.py] - Ошибка при получении данных погоды для города (Москва): HTTPConnectionPool(host='api.openweathermap.org', port=80): Read timed out. (read timeout=None)
2026-04-20 05:47:02 - ERROR - [logic\api\OpenWeatherMap\weather.py] - Ошибка при получении данных погоды для города (Москва): HTTPConnectionPool(host='api.openweathermap.org', port=80): Read timed out. (read timeout=None)
2026-04-20 05:47:33 - ERROR - [logic\api\OpenWeatherMap\weather.py] - Ошибка при получении данных погоды для города (Москва): HTTPConnectionPool(host='api.openweathermap.org', port=80): Read timed out. (read timeout=None)
2026-04-20 05:49:50 - ERROR - [logic\api\OpenWeatherMap\weather.py] - Ошибка при получении данных погоды для города (Москва): HTTPConnectionPool(host='api.openweathermap.org', port=80): Read timed out. (read timeout=None)
2026-04-20 05:50:29 - ERROR - [logic\api\OpenWeatherMap\weather.py] - Ошибка при получении данных погоды для города (Москва): HTTPConnectionPool(host='api.openweathermap.org', port=80): Read timed out. (read timeout=None)
2026-04-20 05:51:55 - ERROR - [logic\api\OpenWeatherMap\weather.py] - Ошибка при получении данных погоды для города (Москва): HTTPConnectionPool(host='api.openweathermap.org', port=80): Read timed out. (read timeout=None)
2026-04-20 05:52:16 - ERROR - [logic\api\OpenWeatherMap\weather.py] - Ошибка при получении данных погоды для города (Москва): HTTPConnectionPool(host='api.openweathermap.org', port=80): Read timed out. (read timeout=None)
2026-04-20 05:54:42 - ERROR - [logic\api\OpenWeatherMap\weather.py] - Ошибка при получении данных погоды для города (Москва): HTTPConnectionPool(host='api.openweathermap.org', port=80): Read timed out. (read timeout=None)
2026-04-20 05:56:22 - ERROR - [logic\api\OpenWeatherMap\weather.py] - Ошибка при получении данных погоды для города (Москва): HTTPConnectionPool(host='api.openweathermap.org', port=80): Read timed out. (read timeout=None)
2026-04-20 05:57:09 - ERROR - [logic\api\OpenWeatherMap\weather.py] - Ошибка при получении данных погоды для города (Москва): HTTPConnectionPool(host='api.openweathermap.org', port=80): Read timed out. (read timeout=None)
2026-04-20 05:57:44 - ERROR - [logic\api\OpenWeatherMap\weather.py] - Ошибка при получении данных погоды для города (Москва): HTTPConnectionPool(host='api.openweathermap.org', port=80): Read timed out. (read timeout=None)
2026-04-20 05:58:01 - ERROR - [logic\api\OpenWeatherMap\weather.py] - Ошибка при получении данных погоды для города (Москва): HTTPConnectionPool(host='api.openweathermap.org', port=80): Read timed out. (read timeout=None)
2026-04-20 07:53:26 - ERROR - [logic\api\OpenWeatherMap\weather.py] - Ошибка при получении данных погоды для города (Москва): HTTPConnectionPool(host='api.openweathermap.org', port=80): Read timed out. (read timeout=None)
2026-04-20 07:53:28 - ERROR - [logic\api\OpenWeatherMap\weather.py] - Ошибка при получении данных погоды для города (Москва): HTTPConnectionPool(host='api.openweathermap.org', port=80): Read timed out. (read timeout=None)
2026-04-22 07:47:03 - ERROR - [logic\api\OpenWeatherMap\weather.py] - Ошибка при получении данных погоды для города (Москва): HTTPConnectionPool(host='api.openweathermap.org', port=80): Read timed out. (read timeout=None)
2026-04-22 07:55:07 - ERROR - [logic\api\OpenWeatherMap\weather.py] - Ошибка при получении данных погоды для города (Москва): HTTPConnectionPool(host='api.openweathermap.org', port=80): Read timed out. (read timeout=None)
2026-04-22 07:55:14 - ERROR - [logic\api\OpenWeatherMap\weather.py] - Ошибка при получении данных погоды для города (Москва): HTTPConnectionPool(host='api.openweathermap.org', port=80): Read timed out. (read timeout=None)
2026-04-22 07:55:18 - ERROR - [logic\api\OpenWeatherMap\weather.py] - Ошибка при получении данных погоды для города (Москва): HTTPConnectionPool(host='api.openweathermap.org', port=80): Read timed out. (read timeout=None)
2026-04-22 07:55:18 - ERROR - [logic\api\OpenWeatherMap\weather.py] - Ошибка при получении данных погоды для города (Москва): HTTPConnectionPool(host='api.openweathermap.org', port=80): Read timed out. (read timeout=None)
2026-04-22 07:55:23 - ERROR - [logic\api\OpenWeatherMap\weather.py] - Ошибка при получении данных погоды для города (Москва): HTTPConnectionPool(host='api.openweathermap.org', port=80): Read timed out. (read timeout=None)
2026-04-22 07:55:24 - ERROR - [logic\api\OpenWeatherMap\weather.py] - Ошибка при получении данных погоды для города (Москва): HTTPConnectionPool(host='api.openweathermap.org', port=80): Read timed out. (read timeout=None)
2026-04-22 07:55:26 - ERROR - [logic\api\OpenWeatherMap\weather.py] - Ошибка при получении данных погоды для города (Москва): HTTPConnectionPool(host='api.openweathermap.org', port=80): Read timed out. (read timeout=None)
2026-04-22 08:08:51 - ERROR - [logic\api\OpenWeatherMap\weather.py] - Ошибка при получении данных погоды для города (Москва): HTTPConnectionPool(host='api.openweathermap.org', port=80): Read timed out. (read timeout=None)
2026-04-22 09:09:58 - ERROR - [logic\api\OpenWeatherMap\weather.py] - Ошибка при получении данных погоды для города (Москва): HTTPConnectionPool(host='api.openweathermap.org', port=80): Read timed out. (read timeout=None)
2026-04-22 09:16:20 - ERROR - [logic\api\OpenWeatherMap\weather.py] - Ошибка при получении данных погоды для города (Москва): HTTPConnectionPool(host='api.openweathermap.org', port=80): Read timed out. (read timeout=None)
2026-04-22 10:25:15 - ERROR - [logic\api\OpenWeatherMap\weather.py] - Ошибка при получении данных погоды для города (Москва): 'float' object is not subscriptable
2026-04-22 10:25:15 - ERROR - [logic\api\OpenWeatherMap\weather.py] - Ошибка при получении данных погоды для города (Москва): 'float' object is not subscriptable
2026-04-22 10:25:17 - ERROR - [logic\api\OpenWeatherMap\weather.py] - Ошибка при получении данных погоды для города (Москва): 'float' object is not subscriptable
2026-04-22 10:25:57 - ERROR - [logic\api\OpenWeatherMap\weather.py] - Ошибка при получении данных погоды для города (Москва): 'float' object is not subscriptable
2026-04-22 10:25:58 - ERROR - [logic\api\OpenWeatherMap\weather.py] - Ошибка при получении данных погоды для города (Москва): 'float' object is not subscriptable
