2026-04-10 08:10:02 - INFO - [app.py] - Инициализация основных компонентов приложения
2026-04-10 08:10:02 - INFO - [app.py] - Приложение запущено
2026-04-10 08:10:05 - INFO - [app.py] - Приложение остановлено
2026-04-10 09:09:13 - INFO - [app.py] - Инициализация основных компонентов приложения
2026-04-10 09:09:13 - INFO - [app.py] - Приложение запущено
2026-04-10 09:09:29 - INFO - [app.py] - Приложение остановлено
2026-04-10 09:34:13 - INFO - [app.py] - Инициализация основных компонентов приложения
2026-04-10 09:34:34 - INFO - [app.py] - Приложение запущено
2026-04-10 09:35:16 - INFO - [app.py] - Приложение остановлено
2026-04-10 11:17:00 - INFO - [app.py] - Инициализация основных компонентов приложения
2026-04-10 11:17:22 - INFO - [app.py] - Приложение запущено
2026-04-10 11:17:37 - INFO - [app.py] - Приложение остановлено
2026-04-10 11:17:38 - INFO - [app.py] - Инициализация основных компонентов приложения
2026-04-10 11:17:59 - INFO - [app.py] - Приложение запущено
2026-04-10 11:18:00 - INFO - [app.py] - Инициализация основных компонентов приложения
2026-04-10 11:18:21 - INFO - [app.py] - Приложение запущено
2026-04-10 11:20:07 - INFO - [app.py] - Приложение остановлено
2026-04-10 11:20:07 - INFO - [app.py] - Приложение остановлено
2026-04-10 13:18:14 - INFO - [app.py] - Инициализация основных компонентов приложения
2026-04-10 13:18:35 - INFO - [app.py] - Приложение запущено
2026-04-10 13:18:36 - INFO - [app.py] - Инициализация основных компонентов приложения
2026-04-10 13:18:57 - INFO - [app.py] - Приложение запущено
2026-04-10 13:42:00 - INFO - [app.py] - Приложение остановлено
2026-04-10 13:42:01 - INFO - [app.py] - Инициализация основных компонентов приложения
2026-04-10 13:42:02 - INFO - [app.py] - Приложение запущено
2026-04-10 13:42:57 - INFO - [app.py] - Приложение остановлено
2026-04-10 13:42:58 - INFO - [app.py] - Инициализация основных компонентов приложения
2026-04-10 13:42:58 - INFO - [app.py] - Приложение запущено
2026-04-10 13:43:37 - INFO - [app.py] - Приложение остановлено
2026-04-10 13:43:38 - INFO - [app.py] - Инициализация основных компонентов приложения
2026-04-10 13:43:38 - INFO - [app.py] - Приложение запущено
2026-04-10 13:43:53 - INFO - [app.py] - Приложение остановлено
2026-04-10 13:43:54 - INFO - [app.py] - Инициализация основных компонентов приложения
2026-04-10 13:43:54 - INFO - [app.py] - Приложение запущено
2026-04-10 13:44:22 - INFO - [app.py] - Приложение остановлено
2026-04-10 13:44:23 - INFO - [app.py] - Инициализация основных компонентов приложения
2026-04-10 13:44:24 - INFO - [app.py] - Приложение запущено
2026-04-10 13:44:37 - INFO - [app.py] - Приложение остановлено
2026-04-10 13:44:38 - INFO - [app.py] - Инициализация основных компонентов приложения
2026-04-10 13:44:39 - INFO - [app.py] - Приложение запущено
2026-04-10 13:45:35 - INFO - [app.py] - Приложение остановлено
2026-04-10 13:45:36 - INFO - [app.py] - Инициализация основных компонентов приложения
2026-04-10 13:45:36 - INFO - [app.py] - Приложение запущено
2026-04-10 13:46:02 - INFO - [app.py] - Приложение остановлено
2026-04-10 13:46:03 - INFO - [app.py] - Инициализация основных компонентов приложения
2026-04-10 13:46:03 - INFO - [app.py] - Приложение запущено
2026-04-10 13:46:17 - INFO - [app.py] - Приложение остановлено
2026-04-10 13:46:18 - INFO - [app.py] - Инициализация основных компонентов приложения
2026-04-10 13:46:18 - INFO - [app.py] - Приложение запущено
2026-04-10 13:47:36 - INFO - [app.py] - Приложение остановлено
2026-04-10 13:47:37 - INFO - [app.py] - Инициализация основных компонентов приложения
2026-04-10 13:47:37 - INFO - [app.py] - Приложение запущено
2026-04-10 13:47:38 - INFO - [app.py] - Приложение остановлено
2026-04-10 13:47:39 - INFO - [app.py] - Инициализация основных компонентов приложения
2026-04-10 13:47:39 - INFO - [app.py] - Приложение запущено
2026-04-10 13:50:14 - INFO - [app.py] - Приложение остановлено
2026-04-10 13:50:14 - INFO - [app.py] - Приложение остановлено
2026-04-10 13:51:21 - INFO - [app.py] - Инициализация основных компонентов приложения
2026-04-10 13:53:11 - INFO - [app.py] - Инициализация основных компонентов приложения
2026-04-10 13:53:11 - INFO - [app.py] - Приложение запущено
2026-04-10 13:53:12 - INFO - [app.py] - Инициализация основных компонентов приложения
2026-04-10 13:53:13 - INFO - [app.py] - Приложение запущено
2026-04-10 13:53:25 - INFO - [app.py] - Приложение остановлено
2026-04-10 13:53:26 - INFO - [app.py] - Инициализация основных компонентов приложения
2026-04-10 13:53:27 - INFO - [app.py] - Приложение запущено
2026-04-10 13:53:28 - INFO - [app.py] - Приложение остановлено
2026-04-10 13:53:28 - INFO - [app.py] - Приложение остановлено
2026-04-10 14:53:30 - INFO - [app.py] - Инициализация основных компонентов приложения
2026-04-10 14:53:31 - INFO - [app.py] - Приложение запущено
2026-04-10 14:53:32 - INFO - [app.py] - Инициализация основных компонентов приложения
2026-04-10 14:53:33 - INFO - [app.py] - Приложение запущено
2026-04-10 14:53:45 - INFO - [app.py] - Приложение остановлено
2026-04-10 14:53:46 - INFO - [app.py] - Инициализация основных компонентов приложения
2026-04-10 14:54:30 - INFO - [app.py] - Приложение запущено
2026-04-10 14:55:02 - INFO - [app.py] - Приложение остановлено
2026-04-10 14:55:03 - INFO - [app.py] - Инициализация основных компонентов приложения
2026-04-10 14:55:03 - INFO - [app.py] - Приложение запущено
2026-04-10 14:55:21 - INFO - [app.py] - Приложение остановлено
2026-04-10 14:55:22 - INFO - [app.py] - Инициализация основных компонентов приложения
2026-04-10 14:55:22 - INFO - [app.py] - Приложение запущено
2026-04-10 14:56:22 - INFO - [app.py] - Приложение остановлено
2026-04-10 14:56:22 - INFO - [app.py] - Приложение остановлено
2026-04-10 14:56:38 - INFO - [app.py] - Инициализация основных компонентов приложения
2026-04-10 14:57:07 - INFO - [app.py] - Инициализация основных компонентов приложения
2026-04-10 14:57:07 - INFO - [app.py] - Приложение запущено
2026-04-10 14:57:08 - INFO - [app.py] - Инициализация основных компонентов приложения
2026-04-10 14:57:08 - INFO - [app.py] - Приложение запущено
2026-04-10 14:58:04 - INFO - [app.py] - Приложение остановлено
2026-04-10 14:58:05 - INFO - [app.py] - Инициализация основных компонентов приложения
2026-04-10 14:58:06 - INFO - [app.py] - Приложение запущено
2026-04-10 14:58:35 - INFO - [app.py] - Приложение остановлено
2026-04-10 14:58:36 - INFO - [app.py] - Инициализация основных компонентов приложения
2026-04-10 14:58:36 - INFO - [app.py] - Приложение запущено
2026-04-10 14:58:53 - INFO - [app.py] - Приложение остановлено
2026-04-10 14:58:54 - INFO - [app.py] - Инициализация основных компонентов приложения
2026-04-10 14:58:55 - INFO - [app.py] - Приложение запущено
2026-04-10 14:59:53 - INFO - [app.py] - Приложение остановлено
2026-04-10 15:01:53 - INFO - [app.py] - Инициализация основных компонентов приложения
2026-04-10 15:01:54 - INFO - [app.py] - Приложение запущено
2026-04-10 15:01:55 - INFO - [app.py] - Инициализация основных компонентов приложения
2026-04-10 15:01:55 - INFO - [app.py] - Приложение запущено
2026-04-10 15:02:20 - INFO - [app.py] - Приложение остановлено
2026-04-10 15:02:21 - INFO - [app.py] - Инициализация основных компонентов приложения
2026-04-10 15:03:01 - INFO - [app.py] - Приложение запущено
2026-04-10 15:03:38 - INFO - [app.py] - Приложение остановлено
2026-04-10 15:03:39 - INFO - [app.py] - Инициализация основных компонентов приложения
2026-04-10 15:03:40 - INFO - [app.py] - Приложение запущено
2026-04-10 15:04:10 - INFO - [app.py] - Приложение остановлено
2026-04-10 15:04:11 - INFO - [app.py] - Инициализация основных компонентов приложения
2026-04-10 15:04:51 - INFO - [app.py] - Приложение запущено
2026-04-10 15:05:02 - INFO - [app.py] - Приложение остановлено
2026-04-10 15:05:03 - INFO - [app.py] - Инициализация основных компонентов приложения
2026-04-10 15:05:43 - INFO - [app.py] - Приложение запущено
2026-04-10 15:06:14 - INFO - [app.py] - Приложение остановлено
2026-04-10 15:06:15 - INFO - [app.py] - Инициализация основных компонентов приложения
2026-04-10 15:06:15 - INFO - [app.py] - Приложение запущено
2026-04-10 15:06:28 - INFO - [app.py] - Приложение остановлено
2026-04-10 15:06:29 - INFO - [app.py] - Инициализация основных компонентов приложения
2026-04-10 15:06:29 - INFO - [app.py] - Приложение запущено
2026-04-10 15:07:02 - INFO - [app.py] - Приложение остановлено
2026-04-10 15:07:03 - INFO - [app.py] - Инициализация основных компонентов приложения
2026-04-10 15:07:03 - INFO - [app.py] - Приложение запущено
2026-04-10 15:07:45 - INFO - [app.py] - Приложение остановлено
2026-04-10 15:07:46 - INFO - [app.py] - Инициализация основных компонентов приложения
2026-04-10 15:07:47 - INFO - [app.py] - Приложение запущено
2026-04-10 15:08:10 - INFO - [app.py] - Приложение остановлено
2026-04-10 15:08:11 - INFO - [app.py] - Инициализация основных компонентов приложения
2026-04-10 15:08:11 - INFO - [app.py] - Приложение запущено
2026-04-10 15:08:46 - INFO - [app.py] - Приложение остановлено
2026-04-10 15:08:46 - INFO - [app.py] - Приложение остановлено
2026-04-10 15:13:03 - INFO - [app.py] - Инициализация основных компонентов приложения
2026-04-10 15:14:53 - INFO - [app.py] - Инициализация основных компонентов приложения
2026-04-10 15:15:14 - INFO - [app.py] - Инициализация основных компонентов приложения
2026-04-10 15:16:45 - INFO - [app.py] - Инициализация основных компонентов приложения
2026-04-10 15:16:46 - INFO - [app.py] - Приложение запущено
2026-04-10 15:16:49 - INFO - [app.py] - Инициализация основных компонентов приложения
2026-04-10 15:16:50 - INFO - [app.py] - Приложение запущено
2026-04-10 15:17:26 - INFO - [app.py] - Приложение остановлено
2026-04-10 15:17:27 - INFO - [app.py] - Приложение остановлено
2026-04-10 15:17:31 - INFO - [app.py] - Инициализация основных компонентов приложения
2026-04-10 15:17:32 - INFO - [app.py] - Приложение запущено
2026-04-10 15:17:35 - INFO - [app.py] - Инициализация основных компонентов приложения
2026-04-10 15:17:36 - INFO - [app.py] - Приложение запущено
2026-04-10 15:18:05 - INFO - [app.py] - Приложение остановлено
2026-04-10 15:18:06 - INFO - [app.py] - Приложение остановлено
2026-04-10 15:18:08 - INFO - [app.py] - Инициализация основных компонентов приложения
2026-04-10 15:18:09 - INFO - [app.py] - Приложение запущено
2026-04-10 15:18:12 - INFO - [app.py] - Инициализация основных компонентов приложения
2026-04-10 15:18:13 - INFO - [app.py] - Приложение запущено
2026-04-10 15:19:11 - INFO - [app.py] - Приложение остановлено
2026-04-10 15:19:12 - INFO - [app.py] - Приложение остановлено
2026-04-10 15:20:51 - INFO - [app.py] - Инициализация основных компонентов приложения
2026-04-10 15:20:51 - INFO - [app.py] - Приложение запущено
2026-04-10 15:20:54 - INFO - [app.py] - Инициализация основных компонентов приложения
2026-04-10 15:20:55 - INFO - [app.py] - Приложение запущено
2026-04-10 15:21:14 - INFO - [app.py] - Приложение остановлено
2026-04-10 15:21:15 - INFO - [app.py] - Приложение остановлено
2026-04-10 15:21:24 - INFO - [app.py] - Инициализация основных компонентов приложения
2026-04-10 15:21:25 - INFO - [app.py] - Приложение запущено
2026-04-10 15:21:28 - INFO - [app.py] - Инициализация основных компонентов приложения
2026-04-10 15:21:29 - INFO - [app.py] - Приложение запущено
2026-04-10 15:21:57 - INFO - [app.py] - Приложение остановлено
2026-04-10 15:21:59 - INFO - [app.py] - Инициализация основных компонентов приложения
2026-04-10 15:22:00 - INFO - [app.py] - Приложение запущено
2026-04-10 15:23:32 - INFO - [app.py] - Приложение остановлено
2026-04-10 15:23:34 - INFO - [app.py] - Инициализация основных компонентов приложения
2026-04-10 15:23:35 - INFO - [app.py] - Приложение запущено
2026-04-10 15:23:58 - INFO - [app.py] - Приложение остановлено
2026-04-10 15:23:58 - INFO - [app.py] - Приложение остановлено
2026-04-10 15:24:00 - INFO - [app.py] - Инициализация основных компонентов приложения
2026-04-10 15:24:01 - INFO - [app.py] - Приложение запущено
2026-04-10 15:24:04 - INFO - [app.py] - Инициализация основных компонентов приложения
2026-04-10 15:24:05 - INFO - [app.py] - Приложение запущено
2026-04-10 15:25:33 - INFO - [app.py] - Приложение остановлено
2026-04-10 15:25:35 - INFO - [app.py] - Инициализация основных компонентов приложения
2026-04-10 15:25:36 - INFO - [app.py] - Приложение запущено
2026-04-10 15:25:40 - INFO - [app.py] - Приложение остановлено
2026-04-10 15:25:41 - INFO - [app.py] - Приложение остановлено
2026-04-10 15:45:13 - INFO - [app.py] - Инициализация основных компонентов приложения
2026-04-10 15:45:14 - INFO - [app.py] - Приложение запущено
2026-04-10 15:45:17 - INFO - [app.py] - Инициализация основных компонентов приложения
2026-04-10 15:45:18 - INFO - [app.py] - Приложение запущено
2026-04-10 15:45:22 - INFO - [app.py] - Приложение остановлено
2026-04-10 15:45:23 - INFO - [app.py] - Приложение остановлено
2026-04-10 15:45:45 - INFO - [app.py] - Инициализация основных компонентов приложения
2026-04-10 15:45:46 - INFO - [app.py] - Приложение запущено
2026-04-10 15:45:49 - INFO - [app.py] - Инициализация основных компонентов приложения
2026-04-10 15:45:49 - INFO - [app.py] - Приложение запущено
2026-04-10 15:46:06 - INFO - [app.py] - Приложение остановлено
2026-04-10 15:46:06 - INFO - [app.py] - Приложение остановлено
2026-04-10 15:47:22 - INFO - [app.py] - Инициализация основных компонентов приложения
2026-04-10 15:47:23 - INFO - [app.py] - Приложение запущено
2026-04-10 15:47:24 - INFO - [app.py] - Инициализация основных компонентов приложения
2026-04-10 15:47:24 - INFO - [app.py] - Приложение запущено
2026-04-10 15:47:53 - INFO - [app.py] - Приложение остановлено
2026-04-10 15:47:53 - INFO - [app.py] - Приложение остановлено
2026-04-10 15:54:20 - INFO - [app.py] - Инициализация основных компонентов приложения
2026-04-10 15:54:20 - INFO - [app.py] - Приложение запущено
2026-04-10 15:54:21 - INFO - [app.py] - Инициализация основных компонентов приложения
2026-04-10 15:54:21 - INFO - [app.py] - Приложение запущено
2026-04-10 15:54:24 - INFO - [app.py] - Приложение остановлено
2026-04-10 15:54:24 - INFO - [app.py] - Приложение остановлено
2026-04-10 15:55:23 - INFO - [app.py] - Инициализация основных компонентов приложения
2026-04-10 15:55:24 - INFO - [app.py] - Приложение запущено
2026-04-10 15:55:25 - INFO - [app.py] - Инициализация основных компонентов приложения
2026-04-10 15:55:25 - INFO - [app.py] - Приложение запущено
2026-04-10 15:56:02 - INFO - [app.py] - Приложение остановлено
2026-04-10 15:56:03 - INFO - [app.py] - Инициализация основных компонентов приложения
2026-04-10 15:56:03 - INFO - [app.py] - Приложение запущено
2026-04-10 15:56:21 - INFO - [app.py] - Приложение остановлено
2026-04-10 15:56:22 - INFO - [app.py] - Инициализация основных компонентов приложения
2026-04-10 15:56:22 - INFO - [app.py] - Приложение запущено
2026-04-10 15:56:40 - INFO - [app.py] - Приложение остановлено
2026-04-10 15:56:40 - INFO - [app.py] - Приложение остановлено
2026-04-10 15:56:43 - INFO - [app.py] - Инициализация основных компонентов приложения
2026-04-10 15:56:43 - INFO - [app.py] - Приложение запущено
2026-04-10 15:56:46 - INFO - [app.py] - Инициализация основных компонентов приложения
2026-04-10 15:56:47 - INFO - [app.py] - Приложение запущено
2026-04-10 15:57:19 - INFO - [app.py] - Приложение остановлено
2026-04-10 15:57:21 - INFO - [app.py] - Инициализация основных компонентов приложения
2026-04-10 15:57:21 - INFO - [app.py] - Приложение запущено
2026-04-10 15:58:51 - INFO - [app.py] - Приложение остановлено
2026-04-10 15:58:51 - INFO - [app.py] - Приложение остановлено
2026-04-10 15:58:54 - INFO - [app.py] - Инициализация основных компонентов приложения
2026-04-10 15:58:55 - INFO - [app.py] - Приложение запущено
2026-04-10 15:58:58 - INFO - [app.py] - Инициализация основных компонентов приложения
2026-04-10 15:58:59 - INFO - [app.py] - Приложение запущено
2026-04-10 15:59:11 - INFO - [app.py] - Приложение остановлено
2026-04-10 15:59:11 - INFO - [app.py] - Приложение остановлено
2026-04-10 16:03:43 - INFO - [app.py] - Инициализация основных компонентов приложения
2026-04-10 16:04:05 - INFO - [app.py] - Инициализация основных компонентов приложения
2026-04-10 16:04:05 - INFO - [app.py] - Приложение запущено
2026-04-10 16:04:06 - INFO - [app.py] - Инициализация основных компонентов приложения
2026-04-10 16:04:06 - INFO - [app.py] - Приложение запущено
2026-04-10 16:04:21 - INFO - [app.py] - Приложение остановлено
2026-04-10 16:04:21 - INFO - [app.py] - Приложение остановлено
2026-04-10 16:11:29 - INFO - [app.py] - Инициализация основных компонентов приложения
2026-04-10 16:11:29 - INFO - [app.py] - Приложение запущено
2026-04-10 16:11:30 - INFO - [app.py] - Инициализация основных компонентов приложения
2026-04-10 16:11:30 - INFO - [app.py] - Приложение запущено
2026-04-10 16:11:32 - INFO - [app.py] - Приложение остановлено
2026-04-10 16:11:32 - INFO - [app.py] - Приложение остановлено
2026-04-10 16:11:55 - INFO - [app.py] - Инициализация основных компонентов приложения
2026-04-10 16:11:55 - INFO - [app.py] - Приложение запущено
2026-04-10 16:11:55 - INFO - [app.py] - Инициализация основных компонентов приложения
2026-04-10 16:11:56 - INFO - [app.py] - Приложение запущено
2026-04-10 16:11:57 - INFO - [app.py] - Приложение остановлено
2026-04-10 16:11:57 - INFO - [app.py] - Приложение остановлено
2026-04-10 16:12:21 - INFO - [app.py] - Инициализация основных компонентов приложения
2026-04-10 16:12:21 - INFO - [app.py] - Приложение запущено
2026-04-10 16:12:22 - INFO - [app.py] - Инициализация основных компонентов приложения
2026-04-10 16:12:22 - INFO - [app.py] - Приложение запущено
2026-04-10 16:12:30 - INFO - [app.py] - Приложение остановлено
2026-04-10 16:12:31 - INFO - [app.py] - Приложение остановлено
2026-04-10 16:12:34 - INFO - [app.py] - Инициализация основных компонентов приложения
2026-04-10 16:12:34 - INFO - [app.py] - Приложение запущено
2026-04-10 16:12:34 - INFO - [app.py] - Инициализация основных компонентов приложения
2026-04-10 16:12:35 - INFO - [app.py] - Приложение запущено
2026-04-10 16:13:30 - INFO - [app.py] - Приложение остановлено
2026-04-10 16:13:30 - INFO - [app.py] - Приложение остановлено
2026-04-10 16:16:20 - INFO - [app.py] - Инициализация основных компонентов приложения
2026-04-10 16:16:20 - INFO - [app.py] - Приложение запущено
2026-04-10 16:16:21 - INFO - [app.py] - Инициализация основных компонентов приложения
2026-04-10 16:16:21 - INFO - [app.py] - Приложение запущено
2026-04-10 16:16:36 - INFO - [app.py] - Приложение остановлено
2026-04-10 16:16:36 - INFO - [app.py] - Инициализация основных компонентов приложения
2026-04-10 16:16:37 - INFO - [app.py] - Приложение запущено
2026-04-10 16:16:47 - INFO - [app.py] - Приложение остановлено
2026-04-10 16:16:48 - INFO - [app.py] - Инициализация основных компонентов приложения
2026-04-10 16:16:48 - INFO - [app.py] - Приложение запущено
2026-04-10 16:16:57 - INFO - [app.py] - Приложение остановлено
2026-04-10 16:16:57 - INFO - [app.py] - Приложение остановлено
2026-04-10 16:22:00 - INFO - [app.py] - Инициализация основных компонентов приложения
2026-04-10 16:22:00 - INFO - [app.py] - Приложение запущено
2026-04-10 16:22:01 - INFO - [app.py] - Инициализация основных компонентов приложения
2026-04-10 16:22:01 - INFO - [app.py] - Приложение запущено
2026-04-10 16:22:23 - INFO - [app.py] - Приложение остановлено
2026-04-10 16:22:24 - INFO - [app.py] - Инициализация основных компонентов приложения
2026-04-10 16:22:24 - INFO - [app.py] - Приложение запущено
2026-04-10 16:22:36 - INFO - [app.py] - Приложение остановлено
2026-04-10 16:22:37 - INFO - [app.py] - Инициализация основных компонентов приложения
2026-04-10 16:22:37 - INFO - [app.py] - Приложение запущено
2026-04-10 16:23:00 - INFO - [app.py] - Приложение остановлено
2026-04-10 16:23:01 - INFO - [app.py] - Инициализация основных компонентов приложения
2026-04-10 16:23:01 - INFO - [app.py] - Приложение запущено
2026-04-10 16:24:10 - INFO - [app.py] - Приложение остановлено
2026-04-10 16:24:11 - INFO - [app.py] - Инициализация основных компонентов приложения
2026-04-10 16:24:11 - INFO - [app.py] - Приложение запущено
2026-04-10 16:24:18 - INFO - [app.py] - Приложение остановлено
2026-04-10 16:24:19 - INFO - [app.py] - Инициализация основных компонентов приложения
2026-04-10 16:24:19 - INFO - [app.py] - Приложение запущено
2026-04-10 16:24:48 - INFO - [app.py] - Приложение остановлено
2026-04-10 16:24:49 - INFO - [app.py] - Инициализация основных компонентов приложения
2026-04-10 16:24:49 - INFO - [app.py] - Приложение запущено
2026-04-10 16:24:56 - INFO - [app.py] - Приложение остановлено
2026-04-10 16:24:57 - INFO - [app.py] - Инициализация основных компонентов приложения
2026-04-10 16:24:57 - INFO - [app.py] - Приложение запущено
2026-04-10 16:25:07 - INFO - [app.py] - Приложение остановлено
2026-04-10 16:25:08 - INFO - [app.py] - Инициализация основных компонентов приложения
2026-04-10 16:25:08 - INFO - [app.py] - Приложение запущено
2026-04-10 16:27:19 - INFO - [app.py] - Приложение остановлено
2026-04-10 16:27:19 - INFO - [app.py] - Приложение остановлено
2026-04-11 04:23:18 - INFO - [app.py] - Инициализация основных компонентов приложения
2026-04-11 04:23:18 - INFO - [app.py] - Запуск остановлен
2026-04-11 04:25:15 - INFO - [app.py] - Инициализация основных компонентов приложения
2026-04-11 04:25:15 - INFO - [app.py] - Приложение запущено
2026-04-11 04:25:16 - INFO - [app.py] - Инициализация основных компонентов приложения
2026-04-11 04:25:16 - INFO - [app.py] - Приложение запущено
2026-04-11 04:25:51 - INFO - [app.py] - Приложение остановлено
2026-04-11 04:25:51 - INFO - [app.py] - Приложение остановлено
2026-04-11 04:26:28 - INFO - [app.py] - Инициализация основных компонентов приложения
2026-04-11 04:26:28 - INFO - [app.py] - Приложение запущено
2026-04-11 04:26:29 - INFO - [app.py] - Инициализация основных компонентов приложения
2026-04-11 04:26:29 - INFO - [app.py] - Приложение запущено
2026-04-11 04:26:36 - INFO - [app.py] - Приложение остановлено
2026-04-11 04:26:36 - INFO - [app.py] - Приложение остановлено
2026-04-11 04:29:20 - INFO - [app.py] - Инициализация основных компонентов приложения
2026-04-11 04:29:21 - INFO - [app.py] - Запуск остановлен
2026-04-11 04:29:36 - INFO - [app.py] - Инициализация основных компонентов приложения
2026-04-11 04:29:36 - INFO - [app.py] - Запуск остановлен
2026-04-11 04:30:42 - INFO - [app.py] - Инициализация основных компонентов приложения
2026-04-11 04:30:42 - INFO - [app.py] - Запуск остановлен
2026-04-11 04:33:32 - INFO - [app.py] - Инициализация основных компонентов приложения
2026-04-11 04:33:32 - INFO - [app.py] - Приложение запущено
2026-04-11 04:33:33 - INFO - [app.py] - Инициализация основных компонентов приложения
2026-04-11 04:33:33 - INFO - [app.py] - Приложение запущено
2026-04-11 04:33:43 - INFO - [app.py] - Приложение остановлено
2026-04-11 04:33:43 - INFO - [app.py] - Приложение остановлено
2026-04-11 04:38:29 - INFO - [app.py] - Инициализация основных компонентов приложения
2026-04-11 04:38:29 - INFO - [app.py] - Приложение запущено
2026-04-11 04:38:30 - INFO - [app.py] - Инициализация основных компонентов приложения
2026-04-11 04:38:30 - INFO - [app.py] - Приложение запущено
2026-04-11 04:38:51 - INFO - [app.py] - Приложение остановлено
2026-04-11 04:38:52 - INFO - [app.py] - Инициализация основных компонентов приложения
2026-04-11 04:38:52 - INFO - [app.py] - Приложение запущено
2026-04-11 04:40:37 - INFO - [app.py] - Приложение остановлено
2026-04-11 04:40:37 - INFO - [app.py] - Приложение остановлено
2026-04-11 04:57:07 - INFO - [app.py] - Инициализация основных компонентов приложения
2026-04-11 04:57:07 - INFO - [app.py] - Запуск остановлен
2026-04-11 04:57:19 - INFO - [app.py] - Инициализация основных компонентов приложения
2026-04-11 04:57:19 - INFO - [app.py] - Приложение запущено
2026-04-11 04:57:20 - INFO - [app.py] - Инициализация основных компонентов приложения
2026-04-11 04:57:20 - INFO - [app.py] - Приложение запущено
2026-04-11 04:57:51 - INFO - [app.py] - Приложение остановлено
2026-04-11 04:57:52 - INFO - [app.py] - Инициализация основных компонентов приложения
2026-04-11 04:57:52 - INFO - [app.py] - Приложение запущено
2026-04-11 04:58:17 - INFO - [app.py] - Приложение остановлено
2026-04-11 04:58:17 - INFO - [app.py] - Приложение остановлено
2026-04-11 05:13:56 - INFO - [app.py] - Инициализация основных компонентов приложения
2026-04-11 05:13:56 - INFO - [app.py] - Запуск сервера
2026-04-11 05:13:57 - INFO - [app.py] - Инициализация основных компонентов приложения
2026-04-11 05:13:57 - INFO - [app.py] - Запуск сервера
2026-04-11 05:14:37 - INFO - [app.py] - Сервер остановлено
2026-04-11 05:14:37 - INFO - [app.py] - Сервер остановлено
2026-04-11 05:33:54 - INFO - [app.py] - Инициализация основных компонентов приложения
2026-04-11 05:33:54 - INFO - [app.py] - Запуск сервера
2026-04-11 05:33:55 - INFO - [app.py] - Инициализация основных компонентов приложения
2026-04-11 05:33:55 - INFO - [app.py] - Запуск сервера
2026-04-11 05:34:34 - INFO - [app.py] - Сервер остановлено
2026-04-11 05:34:35 - INFO - [app.py] - Инициал...
...
2026-04-11 05:34:35 - INFO - [app.py] - Запуск ...
...
2026-04-11 05:35:09 - INFO - [app.py] - Сервер ...
...
2026-04-11 05:35:10 - INFO - [app.py] - Инициал...
...ложения
2026-04-11 05:35:10 - INFO - [app.py] - Запуск ...
...сервера
2026-04-11 05:36:05 - INFO - [app.py] - Сервер ...
...новлено
2026-04-11 05:36:05 - INFO - [app.py] - Инициализация основных компонентов приложения
2026-04-11 05:36:06 - INFO - [app.py] - Запуск сервера
2026-04-11 05:36:28 - INFO - [app.py] - Сервер остановлено
2026-04-11 05:36:29 - INFO - [app.py] - Инициализация основных компонентов приложения
2026-04-11 05:36:29 - INFO - [app.py] - Запуск остановлен
2026-04-11 05:36:29 - INFO - [app.py] - Сервер остановлено
2026-04-11 05:36:52 - INFO - [app.py] - Инициализация основных компонентов приложения
2026-04-11 05:36:52 - INFO - [app.py] - Запуск сервера
2026-04-11 05:36:52 - INFO - [app.py] - Инициализация основных компонентов приложения
2026-04-11 05:36:53 - INFO - [app.py] - Запуск сервера
2026-04-11 05:37:15 - INFO - [app.py] - Сервер остановлено
2026-04-11 05:37:15 - INFO - [app.py] - Сервер остановлено
2026-04-11 05:37:18 - INFO - [app.py] - Инициализация основных компонентов приложения
2026-04-11 05:37:18 - INFO - [app.py] - Запуск сервера
2026-04-11 05:37:19 - INFO - [app.py] - Инициализация основных компонентов приложения
2026-04-11 05:37:19 - INFO - [app.py] - Запуск сервера
2026-04-11 05:37:49 - INFO - [app.py] - Сервер остановлено
2026-04-11 05:37:49 - INFO - [app.py] - Сервер остановлено
2026-04-11 05:42:05 - INFO - [app.py] - Инициализация основных компонентов приложения
2026-04-11 05:42:05 - INFO - [app.py] - Запуск сервера
2026-04-11 05:42:06 - INFO - [app.py] - Инициализация основных компонентов приложения
2026-04-11 05:42:06 - INFO - [app.py] - Запуск сервера
2026-04-11 05:45:47 - INFO - [app.py] - Сервер остановлено
2026-04-11 05:45:48 - INFO - [app.py] - Инициализация основных компонентов приложения
2026-04-11 05:45:48 - INFO - [app.py] - Запуск сервера
2026-04-11 05:47:03 - INFO - [app.py] - Сервер остановлено
2026-04-11 05:47:03 - INFO - [app.py] - Сервер остановлено
2026-04-11 05:47:06 - INFO - [app.py] - Инициализация основных компонентов приложения
2026-04-11 05:47:06 - INFO - [app.py] - Запуск сервера
2026-04-11 05:47:07 - INFO - [app.py] - Инициализация основных компонентов приложения
2026-04-11 05:47:07 - INFO - [app.py] - Запуск сервера
2026-04-11 05:47:41 - INFO - [app.py] - Сервер остановлено
2026-04-11 05:47:41 - INFO - [app.py] - Сервер остановлено
2026-04-15 08:17:31 - INFO - [app.py] - Инициализация основных компонентов приложения
2026-04-15 08:17:31 - INFO - [app.py] - Запуск сервера
2026-04-15 08:17:32 - INFO - [app.py] - Инициализация основных компонентов приложения
2026-04-15 08:17:32 - INFO - [app.py] - Запуск сервера
2026-04-15 08:36:56 - INFO - [app.py] - Сервер остановлено
2026-04-15 08:36:56 - INFO - [app.py] - Сервер остановлено
2026-04-15 08:48:28 - INFO - [app.py] - Инициализация основных компонентов приложения
2026-04-15 08:48:29 - INFO - [app.py] - Запуск сервера
2026-04-15 08:48:29 - INFO - [app.py] - Инициализация основных компонентов приложения
2026-04-15 08:48:29 - INFO - [app.py] - Запуск сервера
2026-04-15 08:51:30 - INFO - [app.py] - Сервер остановлено
2026-04-15 08:51:31 - INFO - [app.py] - Сервер остановлено
2026-04-15 10:28:19 - INFO - [app.py] - Инициализация основных компонентов приложения
2026-04-15 10:28:19 - INFO - [app.py] - Запуск сервера
2026-04-15 10:28:20 - INFO - [app.py] - Инициализация основных компонентов приложения
2026-04-15 10:28:20 - INFO - [app.py] - Запуск сервера
2026-04-15 10:37:22 - INFO - [app.py] - Сервер остановлено
2026-04-15 10:37:22 - INFO - [app.py] - Сервер остановлено
2026-04-16 13:51:58 - INFO - [app.py] - Инициализация основных компонентов приложения
2026-04-16 13:51:58 - INFO - [app.py] - Запуск сервера
2026-04-16 13:51:59 - INFO - [app.py] - Инициализация основных компонентов приложения
2026-04-16 13:51:59 - INFO - [app.py] - Запуск сервера
2026-04-16 13:52:00 - INFO - [app.py] - Сервер остановлено
2026-04-16 13:52:00 - INFO - [app.py] - Сервер остановлено
2026-04-18 10:29:53 - INFO - [app.py] - Инициализация основных компонентов приложения
2026-04-18 10:29:54 - INFO - [app.py] - Запуск сервера
2026-04-18 10:29:54 - INFO - [app.py] - Инициализация основных компонентов приложения
2026-04-18 10:29:54 - INFO - [app.py] - Запуск сервера
2026-04-18 10:36:55 - INFO - [app.py] - Сервер остановлено
2026-04-18 10:36:55 - INFO - [app.py] - Сервер остановлено
2026-04-19 03:48:16 - INFO - [app.py] - Инициализация основных компонентов приложения
2026-04-19 03:48:16 - INFO - [app.py] - Запуск сервера
2026-04-19 03:48:17 - INFO - [app.py] - Инициализация основных компонентов приложения
2026-04-19 03:48:17 - INFO - [app.py] - Запуск сервера
2026-04-19 03:59:17 - INFO - [app.py] - Сервер остановлено
2026-04-19 03:59:18 - INFO - [app.py] - Инициализация основных компонентов приложения
2026-04-19 03:59:18 - INFO - [app.py] - Запуск сервера
2026-04-19 04:00:15 - INFO - [app.py] - Сервер остановлено
2026-04-19 04:00:15 - INFO - [app.py] - Сервер остановлено
2026-04-19 04:33:21 - INFO - [app.py] - Инициализация основных компонентов приложения
2026-04-19 04:33:21 - INFO - [app.py] - Запуск сервера
2026-04-19 04:33:22 - INFO - [app.py] - Инициализация основных компонентов приложения
2026-04-19 04:33:22 - INFO - [app.py] - Запуск сервера
2026-04-19 04:33:25 - INFO - [app.py] - Сервер остановлено
2026-04-19 04:33:25 - INFO - [app.py] - Сервер остановлено
2026-04-19 04:38:05 - INFO - [app.py] - Инициализация основных компонентов приложения
2026-04-19 04:38:05 - INFO - [app.py] - Запуск сервера
2026-04-19 04:38:06 - INFO - [app.py] - Инициализация основных компонентов приложения
2026-04-19 04:38:06 - INFO - [app.py] - Запуск сервера
2026-04-19 04:38:06 - INFO - [app.py] - Сервер остановлено
2026-04-19 04:38:06 - INFO - [app.py] - Сервер остановлено
2026-04-19 04:43:26 - INFO - [app.py] - Инициализация основных компонентов приложения
2026-04-19 04:43:26 - INFO - [app.py] - Запуск сервера
2026-04-19 04:43:27 - INFO - [app.py] - Инициализация основных компонентов приложения
2026-04-19 04:43:27 - INFO - [app.py] - Запуск сервера
2026-04-19 04:43:57 - INFO - [app.py] - Сервер остановлено
2026-04-19 04:43:57 - INFO - [app.py] - Сервер остановлено
2026-04-19 04:43:58 - INFO - [app.py] - Инициализация основных компонентов приложения
2026-04-19 04:43:58 - INFO - [app.py] - Запуск сервера
2026-04-19 04:43:59 - INFO - [app.py] - Инициализация основных компонентов приложения
2026-04-19 04:43:59 - INFO - [app.py] - Запуск сервера
2026-04-19 04:47:14 - INFO - [app.py] - Сервер остановлено
2026-04-19 04:47:14 - INFO - [app.py] - Инициализация основных компонентов приложения
2026-04-19 04:47:15 - INFO - [app.py] - Запуск сервера
2026-04-19 04:47:23 - INFO - [app.py] - Сервер остановлено
2026-04-19 04:47:24 - INFO - [app.py] - Инициализация основных компонентов приложения
2026-04-19 04:47:24 - INFO - [app.py] - Запуск сервера
2026-04-19 04:47:34 - INFO - [app.py] - Сервер остановлено
2026-04-19 04:47:34 - INFO - [app.py] - Инициализация основных компонентов приложения
2026-04-19 04:47:34 - INFO - [app.py] - Запуск сервера
2026-04-19 04:48:02 - INFO - [app.py] - Сервер остановлено
2026-04-19 04:48:02 - INFO - [app.py] - Сервер остановлено
2026-04-19 04:48:04 - INFO - [app.py] - Инициализация основных компонентов приложения
2026-04-19 04:48:04 - INFO - [app.py] - Запуск сервера
2026-04-19 04:48:05 - INFO - [app.py] - Инициализация основных компонентов приложения
2026-04-19 04:48:05 - INFO - [app.py] - Запуск сервера
2026-04-19 04:48:30 - INFO - [app.py] - Сервер остановлено
2026-04-19 04:48:31 - INFO - [app.py] - Инициализация основных компонентов приложения
2026-04-19 04:48:31 - INFO - [app.py] - Запуск сервера
2026-04-19 04:49:18 - INFO - [app.py] - Сервер остановлено
2026-04-19 04:49:19 - INFO - [app.py] - Инициализация основных компонентов приложения
2026-04-19 04:49:19 - INFO - [app.py] - Запуск сервера
2026-04-19 04:49:33 - INFO - [app.py] - Сервер остановлено
2026-04-19 04:49:34 - INFO - [app.py] - Инициализация основных компонентов приложения
2026-04-19 04:49:34 - INFO - [app.py] - Запуск сервера
2026-04-19 04:49:36 - INFO - [app.py] - Сервер остановлено
2026-04-19 04:49:37 - INFO - [app.py] - Инициализация основных компонентов приложения
2026-04-19 04:49:37 - INFO - [app.py] - Запуск сервера
2026-04-19 04:51:45 - INFO - [app.py] - Сервер остановлено
2026-04-19 04:51:45 - INFO - [app.py] - Сервер остановлено
2026-04-19 04:51:51 - INFO - [app.py] - Инициализация основных компонентов приложения
2026-04-19 04:51:51 - INFO - [app.py] - Запуск сервера
2026-04-19 04:51:52 - INFO - [app.py] - Инициализация основных компонентов приложения
2026-04-19 04:51:52 - INFO - [app.py] - Запуск сервера
2026-04-19 04:52:02 - INFO - [app.py] - Сервер остановлено
2026-04-19 04:52:02 - INFO - [app.py] - Сервер остановлено
2026-04-19 04:53:23 - INFO - [app.py] - Инициализация основных компонентов приложения
2026-04-19 04:53:23 - INFO - [app.py] - Запуск сервера
2026-04-19 04:53:24 - INFO - [app.py] - Инициализация основных компонентов приложения
2026-04-19 04:53:24 - INFO - [app.py] - Запуск сервера
2026-04-19 04:54:31 - INFO - [app.py] - Сервер остановлено
2026-04-19 04:54:32 - INFO - [app.py] - Инициализация основных компонентов приложения
2026-04-19 04:54:32 - INFO - [app.py] - Запуск сервера
2026-04-19 04:57:39 - INFO - [app.py] - Сервер остановлено
2026-04-19 04:57:40 - INFO - [app.py] - Инициализация основных компонентов приложения
2026-04-19 04:57:40 - INFO - [app.py] - Запуск сервера
2026-04-19 04:58:37 - INFO - [app.py] - Сервер остановлено
2026-04-19 04:58:38 - INFO - [app.py] - Инициализация основных компонентов приложения
2026-04-19 04:58:38 - INFO - [app.py] - Запуск сервера
2026-04-19 04:58:43 - INFO - [app.py] - Сервер остановлено
2026-04-19 04:58:44 - INFO - [app.py] - Инициализация основных компонентов приложения
2026-04-19 04:58:44 - INFO - [app.py] - Запуск сервера
2026-04-19 04:59:40 - INFO - [app.py] - Сервер остановлено
2026-04-19 04:59:41 - INFO - [app.py] - Инициализация основных компонентов приложения
2026-04-19 04:59:41 - INFO - [app.py] - Запуск сервера
2026-04-19 05:01:40 - INFO - [app.py] - Сервер остановлено
2026-04-19 05:01:41 - INFO - [app.py] - Инициализация основных компонентов приложения
2026-04-19 05:01:41 - INFO - [app.py] - Запуск сервера
2026-04-19 05:02:08 - INFO - [app.py] - Сервер остановлено
2026-04-19 05:02:09 - INFO - [app.py] - Инициализация основных компонентов приложения
2026-04-19 05:02:09 - INFO - [app.py] - Запуск сервера
2026-04-19 05:03:42 - INFO - [app.py] - Сервер остановлено
2026-04-19 05:03:42 - INFO - [app.py] - Сервер остановлено
2026-04-19 05:04:03 - INFO - [app.py] - Инициализация основных компонентов приложения
2026-04-19 05:04:03 - INFO - [app.py] - Запуск сервера
2026-04-19 05:04:04 - INFO - [app.py] - Инициализация основных компонентов приложения
2026-04-19 05:04:04 - INFO - [app.py] - Запуск сервера
2026-04-19 05:04:18 - INFO - [app.py] - Сервер остановлено
2026-04-19 05:04:18 - INFO - [app.py] - Инициализация основных компонентов приложения
2026-04-19 05:04:19 - INFO - [app.py] - Запуск сервера
2026-04-19 05:04:22 - INFO - [app.py] - Сервер остановлено
2026-04-19 05:04:23 - INFO - [app.py] - Инициализация основных компонентов приложения
2026-04-19 05:04:23 - INFO - [app.py] - Запуск сервера
2026-04-19 05:04:28 - INFO - [app.py] - Сервер остановлено
2026-04-19 05:04:29 - INFO - [app.py] - Инициализация основных компонентов приложения
2026-04-19 05:04:29 - INFO - [app.py] - Запуск сервера
2026-04-19 05:04:32 - INFO - [app.py] - Сервер остановлено
2026-04-19 05:04:33 - INFO - [app.py] - Инициализация основных компонентов приложения
2026-04-19 05:04:33 - INFO - [app.py] - Запуск сервера
2026-04-19 05:04:43 - INFO - [app.py] - Сервер остановлено
2026-04-19 05:04:44 - INFO - [app.py] - Инициализация основных компонентов приложения
2026-04-19 05:04:44 - INFO - [app.py] - Запуск сервера
2026-04-19 05:04:48 - INFO - [app.py] - Сервер остановлено
2026-04-19 05:04:49 - INFO - [app.py] - Инициализация основных компонентов приложения
2026-04-19 05:04:49 - INFO - [app.py] - Запуск сервера
2026-04-19 05:05:00 - INFO - [app.py] - Сервер остановлено
2026-04-19 05:05:01 - INFO - [app.py] - Инициализация основных компонентов приложения
2026-04-19 05:05:01 - INFO - [app.py] - Запуск сервера
2026-04-19 05:16:05 - INFO - [app.py] - Сервер остановлено
2026-04-19 05:16:06 - INFO - [app.py] - Инициализация основных компонентов приложения
2026-04-19 05:16:06 - INFO - [app.py] - Запуск сервера
2026-04-19 05:16:20 - INFO - [app.py] - Сервер остановлено
2026-04-19 05:16:21 - INFO - [app.py] - Инициализация основных компонентов приложения
2026-04-19 05:16:21 - INFO - [app.py] - Запуск сервера
2026-04-19 05:20:27 - INFO - [app.py] - Сервер остановлено
2026-04-19 05:20:27 - INFO - [app.py] - Сервер остановлено
2026-04-19 05:20:28 - INFO - [app.py] - Инициализация основных компонентов приложения
2026-04-19 05:20:28 - INFO - [app.py] - Запуск сервера
2026-04-19 05:20:29 - INFO - [app.py] - Инициализация основных компонентов приложения
2026-04-19 05:20:29 - INFO - [app.py] - Запуск сервера
2026-04-19 05:34:38 - INFO - [app.py] - Сервер остановлено
2026-04-19 05:34:38 - INFO - [app.py] - Сервер остановлено
2026-04-19 08:50:15 - INFO - [app.py] - Инициализация основных компонентов приложения
2026-04-19 08:50:15 - INFO - [app.py] - Запуск сервера
2026-04-19 08:50:16 - INFO - [app.py] - Инициализация основных компонентов приложения
2026-04-19 08:50:16 - INFO - [app.py] - Запуск сервера
2026-04-19 08:54:42 - INFO - [app.py] - Сервер остановлено
2026-04-19 08:54:43 - INFO - [app.py] - Инициализация основных компонентов приложения
2026-04-19 08:54:43 - INFO - [app.py] - Запуск сервера
2026-04-19 08:55:12 - INFO - [app.py] - Сервер остановлено
2026-04-19 08:55:13 - INFO - [app.py] - Инициализация основных компонентов приложения
2026-04-19 08:55:13 - INFO - [app.py] - Запуск сервера
2026-04-19 08:57:39 - INFO - [app.py] - Сервер остановлено
2026-04-19 08:57:40 - INFO - [app.py] - Сервер остановлено
2026-04-19 09:01:26 - INFO - [app.py] - Инициализация основных компонентов приложения
2026-04-19 09:01:27 - INFO - [app.py] - Запуск сервера
2026-04-19 09:01:27 - INFO - [app.py] - Инициализация основных компонентов приложения
2026-04-19 09:01:27 - INFO - [app.py] - Запуск сервера
2026-04-19 09:04:33 - INFO - [app.py] - Сервер остановлено
2026-04-19 09:04:34 - INFO - [app.py] - Сервер остановлено
2026-04-19 09:13:16 - INFO - [app.py] - Инициализация основных компонентов приложения
2026-04-19 09:13:16 - INFO - [app.py] - Запуск сервера
2026-04-19 09:13:17 - INFO - [app.py] - Инициализация основных компонентов приложения
2026-04-19 09:13:17 - INFO - [app.py] - Запуск сервера
2026-04-19 09:14:08 - INFO - [app.py] - Сервер остановлено
2026-04-19 09:14:09 - INFO - [app.py] - Инициализация основных компонентов приложения
2026-04-19 09:14:09 - INFO - [app.py] - Запуск сервера
2026-04-19 09:18:36 - INFO - [app.py] - Сервер остановлено
2026-04-19 09:18:37 - INFO - [app.py] - Инициализация основных компонентов приложения
2026-04-19 09:18:37 - INFO - [app.py] - Запуск сервера
2026-04-19 09:19:28 - INFO - [app.py] - Сервер остановлено
2026-04-19 09:19:29 - INFO - [app.py] - Инициализация основных компонентов приложения
2026-04-19 09:19:29 - INFO - [app.py] - Запуск сервера
2026-04-19 09:25:06 - INFO - [app.py] - Сервер остановлено
2026-04-19 09:25:07 - INFO - [app.py] - Инициализация основных компонентов приложения
2026-04-19 09:25:07 - INFO - [app.py] - Запуск сервера
2026-04-19 09:25:14 - INFO - [app.py] - Сервер остановлено
2026-04-19 09:25:14 - INFO - [app.py] - Сервер остановлено
2026-04-19 09:28:47 - INFO - [app.py] - Инициализация основных компонентов приложения
2026-04-19 09:28:47 - INFO - [app.py] - Запуск сервера
2026-04-19 09:28:48 - INFO - [app.py] - Инициализация основных компонентов приложения
2026-04-19 09:28:48 - INFO - [app.py] - Запуск сервера
2026-04-19 09:29:14 - INFO - [app.py] - Сервер остановлено
2026-04-19 09:29:15 - INFO - [app.py] - Инициализация основных компонентов приложения
2026-04-19 09:29:15 - INFO - [app.py] - Запуск сервера
2026-04-19 09:50:24 - INFO - [app.py] - Сервер остановлено
2026-04-19 09:50:26 - INFO - [app.py] - Инициализация основных компонентов приложения
2026-04-19 09:50:26 - INFO - [app.py] - Запуск сервера
2026-04-19 09:51:22 - INFO - [app.py] - Сервер остановлено
2026-04-19 09:51:23 - INFO - [app.py] - Инициализация основных компонентов приложения
2026-04-19 09:51:23 - INFO - [app.py] - Запуск сервера
2026-04-19 09:56:16 - INFO - [app.py] - Сервер остановлено
2026-04-19 09:56:17 - INFO - [app.py] - Инициализация основных компонентов приложения
2026-04-19 09:56:17 - INFO - [app.py] - Запуск сервера
2026-04-19 10:09:28 - INFO - [app.py] - Сервер остановлено
2026-04-19 10:09:28 - INFO - [app.py] - Сервер остановлено
2026-04-19 10:27:05 - INFO - [app.py] - Инициализация основных компонентов приложения
2026-04-19 10:27:05 - INFO - [app.py] - Запуск сервера
2026-04-19 10:27:06 - INFO - [app.py] - Инициализация основных компонентов приложения
2026-04-19 10:27:06 - INFO - [app.py] - Запуск сервера
2026-04-19 10:28:06 - INFO - [app.py] - Сервер остановлено
2026-04-19 10:28:07 - INFO - [app.py] - Инициализация основных компонентов приложения
2026-04-19 10:28:07 - INFO - [app.py] - Запуск сервера
2026-04-19 10:32:32 - INFO - [app.py] - Сервер остановлено
2026-04-19 10:32:33 - INFO - [app.py] - Сервер остановлено
2026-04-19 10:37:13 - INFO - [app.py] - Инициализация основных компонентов приложения
2026-04-19 10:37:14 - INFO - [app.py] - Запуск сервера
2026-04-19 10:37:14 - INFO - [app.py] - Инициализация основных компонентов приложения
2026-04-19 10:37:14 - INFO - [app.py] - Запуск сервера
2026-04-19 10:37:30 - INFO - [app.py] - Сервер остановлено
2026-04-19 10:37:31 - INFO - [app.py] - Инициализация основных компонентов приложения
2026-04-19 10:37:31 - INFO - [app.py] - Запуск сервера
2026-04-19 10:37:47 - INFO - [app.py] - Сервер остановлено
2026-04-19 10:37:48 - INFO - [app.py] - Инициализация основных компонентов приложения
2026-04-19 10:37:48 - INFO - [app.py] - Запуск сервера
2026-04-19 10:38:13 - INFO - [app.py] - Сервер остановлено
2026-04-19 10:38:14 - INFO - [app.py] - Инициализация основных компонентов приложения
2026-04-19 10:38:14 - INFO - [app.py] - Запуск сервера
2026-04-19 10:41:25 - INFO - [app.py] - Сервер остановлено
2026-04-19 10:41:26 - INFO - [app.py] - Инициализация основных компонентов приложения
2026-04-19 10:41:26 - INFO - [app.py] - Запуск сервера
2026-04-19 10:41:33 - INFO - [app.py] - Сервер остановлено
2026-04-19 10:41:34 - INFO - [app.py] - Инициализация основных компонентов приложения
2026-04-19 10:41:34 - INFO - [app.py] - Запуск сервера
2026-04-19 10:42:56 - INFO - [app.py] - Сервер остановлено
2026-04-19 10:42:57 - INFO - [app.py] - Инициализация основных компонентов приложения
2026-04-19 10:42:57 - INFO - [app.py] - Запуск сервера
2026-04-19 10:43:01 - INFO - [app.py] - Сервер остановлено
2026-04-19 10:43:02 - INFO - [app.py] - Сервер остановлено
2026-04-19 10:44:28 - INFO - [app.py] - Инициализация основных компонентов приложения
2026-04-19 10:44:28 - INFO - [app.py] - Запуск сервера
2026-04-19 10:44:29 - INFO - [app.py] - Инициализация основных компонентов приложения
2026-04-19 10:44:29 - INFO - [app.py] - Запуск сервера
2026-04-19 10:45:04 - INFO - [app.py] - Сервер остановлено
2026-04-19 10:45:04 - INFO - [app.py] - Инициализация основных компонентов приложения
2026-04-19 10:45:04 - INFO - [app.py] - Запуск сервера
2026-04-19 10:45:14 - INFO - [app.py] - Сервер остановлено
2026-04-19 10:45:15 - INFO - [app.py] - Инициализация основных компонентов приложения
2026-04-19 10:45:15 - INFO - [app.py] - Запуск сервера
2026-04-19 10:45:42 - INFO - [app.py] - Сервер остановлено
2026-04-19 10:45:43 - INFO - [app.py] - Инициализация основных компонентов приложения
2026-04-19 10:45:43 - INFO - [app.py] - Запуск сервера
2026-04-19 10:45:57 - INFO - [app.py] - Сервер остановлено
2026-04-19 10:45:57 - INFO - [app.py] - Сервер остановлено
2026-04-19 10:46:38 - INFO - [app.py] - Инициализация основных компонентов приложения
2026-04-19 10:46:38 - INFO - [app.py] - Запуск сервера
2026-04-19 10:46:39 - INFO - [app.py] - Инициализация основных компонентов приложения
2026-04-19 10:46:39 - INFO - [app.py] - Запуск сервера
2026-04-19 11:13:23 - INFO - [app.py] - Сервер остановлено
2026-04-19 11:13:23 - INFO - [app.py] - Сервер остановлено
2026-04-19 11:13:24 - INFO - [app.py] - Инициализация основных компонентов приложения
2026-04-19 11:13:24 - INFO - [app.py] - Запуск сервера
2026-04-19 11:13:25 - INFO - [app.py] - Инициализация основных компонентов приложения
2026-04-19 11:13:25 - INFO - [app.py] - Запуск сервера
2026-04-19 11:21:23 - INFO - [app.py] - Сервер остановлено
2026-04-19 11:21:23 - INFO - [app.py] - Сервер остановлено
2026-04-19 14:46:33 - INFO - [app.py] - Инициализация основных компонентов приложения
2026-04-19 14:46:33 - INFO - [app.py] - Запуск сервера
2026-04-19 14:46:34 - INFO - [app.py] - Инициализация основных компонентов приложения
2026-04-19 14:46:34 - INFO - [app.py] - Запуск сервера
2026-04-19 15:35:54 - INFO - [app.py] - Сервер остановлено
2026-04-19 15:35:55 - INFO - [app.py] - Сервер остановлено
2026-04-19 15:39:33 - INFO - [app.py] - Инициализация основных компонентов приложения
2026-04-19 15:39:33 - INFO - [app.py] - Запуск сервера
2026-04-19 15:39:34 - INFO - [app.py] - Инициализация основных компонентов приложения
2026-04-19 15:39:34 - INFO - [app.py] - Запуск сервера
2026-04-19 15:40:07 - INFO - [app.py] - Сервер остановлено
2026-04-19 15:40:08 - INFO - [app.py] - Инициализация основных компонентов приложения
2026-04-19 15:40:08 - INFO - [app.py] - Запуск сервера
2026-04-19 15:40:25 - INFO - [app.py] - Сервер остановлено
2026-04-19 15:40:26 - INFO - [app.py] - Инициализация основных компонентов приложения
2026-04-19 15:40:26 - INFO - [app.py] - Запуск сервера
2026-04-19 15:40:45 - INFO - [app.py] - Сервер остановлено
2026-04-19 15:40:46 - INFO - [app.py] - Сервер остановлено
2026-04-19 15:43:28 - INFO - [app.py] - Инициализация основных компонентов приложения
2026-04-19 15:43:28 - INFO - [app.py] - Запуск сервера
2026-04-19 15:43:29 - INFO - [app.py] - Инициализация основных компонентов приложения
2026-04-19 15:43:29 - INFO - [app.py] - Запуск сервера
2026-04-19 16:03:27 - INFO - [app.py] - Сервер остановлено
2026-04-19 16:03:28 - INFO - [app.py] - Инициализация основных компонентов приложения
2026-04-19 16:03:28 - INFO - [app.py] - Запуск сервера
2026-04-19 16:15:20 - INFO - [app.py] - Сервер остановлено
2026-04-19 16:15:20 - INFO - [app.py] - Сервер остановлено
2026-04-19 17:22:32 - INFO - [app.py] - Инициализация основных компонентов приложения
2026-04-19 17:22:32 - INFO - [app.py] - Запуск сервера
2026-04-19 17:22:33 - INFO - [app.py] - Инициализация основных компонентов приложения
2026-04-19 17:22:33 - INFO - [app.py] - Запуск сервера
2026-04-19 17:34:52 - INFO - [app.py] - Сервер остановлено
2026-04-19 17:34:53 - INFO - [app.py] - Инициализация основных компонентов приложения
2026-04-19 17:34:53 - INFO - [app.py] - Запуск сервера
2026-04-19 17:34:56 - INFO - [app.py] - Сервер остановлено
2026-04-19 17:34:57 - INFO - [app.py] - Сервер остановлено
2026-04-19 17:35:16 - INFO - [app.py] - Инициализация основных компонентов приложения
2026-04-19 17:35:16 - INFO - [app.py] - Запуск сервера
2026-04-19 17:35:17 - INFO - [app.py] - Инициализация основных компонентов приложения
2026-04-19 17:35:17 - INFO - [app.py] - Запуск сервера
2026-04-19 17:36:16 - INFO - [app.py] - Сервер остановлено
2026-04-19 17:36:17 - INFO - [app.py] - Инициализация основных компонентов приложения
2026-04-19 17:36:17 - INFO - [app.py] - Запуск сервера
2026-04-19 17:41:56 - INFO - [app.py] - Сервер остановлено
2026-04-19 17:41:57 - INFO - [app.py] - Инициализация основных компонентов приложения
2026-04-19 17:41:57 - INFO - [app.py] - Запуск сервера
2026-04-19 17:44:30 - INFO - [app.py] - Сервер остановлено
2026-04-19 17:44:31 - INFO - [app.py] - Инициализация основных компонентов приложения
2026-04-19 17:44:31 - INFO - [app.py] - Запуск сервера
2026-04-19 17:44:57 - INFO - [app.py] - Сервер остановлено
2026-04-19 17:44:58 - INFO - [app.py] - Инициализация основных компонентов приложения
2026-04-19 17:44:58 - INFO - [app.py] - Запуск сервера
2026-04-19 17:45:35 - INFO - [app.py] - Сервер остановлено
2026-04-19 17:45:36 - INFO - [app.py] - Инициализация основных компонентов приложения
2026-04-19 17:45:36 - INFO - [app.py] - Запуск сервера
2026-04-19 17:46:21 - INFO - [app.py] - Сервер остановлено
2026-04-19 17:46:22 - INFO - [app.py] - Инициализация основных компонентов приложения
2026-04-19 17:46:22 - INFO - [app.py] - Запуск сервера
2026-04-19 17:46:37 - INFO - [app.py] - Сервер остановлено
2026-04-19 17:46:38 - INFO - [app.py] - Инициализация основных компонентов приложения
2026-04-19 17:46:38 - INFO - [app.py] - Запуск сервера
2026-04-19 17:46:52 - INFO - [app.py] - Сервер остановлено
2026-04-19 17:46:52 - INFO - [app.py] - Инициализация основных компонентов приложения
2026-04-19 17:46:53 - INFO - [app.py] - Запуск сервера
2026-04-19 17:47:40 - INFO - [app.py] - Сервер остановлено
2026-04-19 17:47:41 - INFO - [app.py] - Инициализация основных компонентов приложения
2026-04-19 17:47:41 - INFO - [app.py] - Запуск сервера
2026-04-19 17:47:57 - INFO - [app.py] - Сервер остановлено
2026-04-19 17:47:58 - INFO - [app.py] - Инициализация основных компонентов приложения
2026-04-19 17:47:58 - INFO - [app.py] - Запуск сервера
2026-04-19 17:48:28 - INFO - [app.py] - Сервер остановлено
2026-04-19 17:48:29 - INFO - [app.py] - Сервер остановлено
2026-04-19 17:48:40 - INFO - [app.py] - Инициализация основных компонентов приложения
2026-04-19 17:48:41 - INFO - [app.py] - Запуск сервера
2026-04-19 17:48:41 - INFO - [app.py] - Инициализация основных компонентов приложения
2026-04-19 17:48:41 - INFO - [app.py] - Запуск сервера
2026-04-19 17:49:14 - INFO - [app.py] - Сервер остановлено
2026-04-19 17:49:15 - INFO - [app.py] - Инициализация основных компонентов приложения
2026-04-19 17:49:15 - INFO - [app.py] - Запуск сервера
2026-04-19 17:49:15 - INFO - [app.py] - Сервер остановлено
2026-04-19 17:49:15 - INFO - [app.py] - Сервер остановлено
2026-04-19 17:49:33 - INFO - [app.py] - Инициализация основных компонентов приложения
2026-04-19 17:49:34 - INFO - [app.py] - Запуск сервера
2026-04-19 17:49:34 - INFO - [app.py] - Инициализация основных компонентов приложения
2026-04-19 17:49:34 - INFO - [app.py] - Запуск сервера
2026-04-19 17:50:55 - INFO - [app.py] - Сервер остановлено
2026-04-19 17:50:56 - INFO - [app.py] - Инициализация основных компонентов приложения
2026-04-19 17:50:56 - INFO - [app.py] - Запуск сервера
2026-04-19 17:51:07 - INFO - [app.py] - Сервер остановлено
2026-04-19 17:51:07 - INFO - [app.py] - Сервер остановлено
2026-04-20 03:55:00 - INFO - [app.py] - Инициализация основных компонентов приложения
2026-04-20 03:55:00 - INFO - [app.py] - Запуск сервера
2026-04-20 03:55:01 - INFO - [app.py] - Инициализация основных компонентов приложения
2026-04-20 03:55:01 - INFO - [app.py] - Запуск сервера
2026-04-20 05:09:09 - INFO - [app.py] - Сервер остановлено
2026-04-20 05:09:10 - INFO - [app.py] - Инициализация основных компонентов приложения
2026-04-20 05:09:10 - INFO - [app.py] - Запуск сервера
2026-04-20 05:58:27 - INFO - [app.py] - Сервер остановлено
2026-04-20 05:58:27 - INFO - [app.py] - Сервер остановлено
2026-04-20 07:45:44 - INFO - [app.py] - Инициализация основных компонентов приложения
2026-04-20 07:45:45 - INFO - [app.py] - Запуск сервера
2026-04-20 07:45:45 - INFO - [app.py] - Инициализация основных компонентов приложения
2026-04-20 07:45:45 - INFO - [app.py] - Запуск сервера
2026-04-20 08:09:58 - INFO - [app.py] - Сервер остановлено
2026-04-20 08:09:59 - INFO - [app.py] - Сервер остановлено
2026-04-22 07:39:16 - INFO - [app.py] - Инициализация основных компонентов приложения
2026-04-22 07:39:17 - INFO - [app.py] - Запуск сервера
2026-04-22 07:39:17 - INFO - [app.py] - Инициализация основных компонентов приложения
2026-04-22 07:39:17 - INFO - [app.py] - Запуск сервера
2026-04-22 07:43:45 - INFO - [app.py] - Сервер остановлено
2026-04-22 07:43:46 - INFO - [app.py] - Инициализация основных компонентов приложения
2026-04-22 07:43:46 - INFO - [app.py] - Запуск сервера
2026-04-22 07:43:52 - INFO - [app.py] - Сервер остановлено
2026-04-22 07:43:53 - INFO - [app.py] - Инициализация основных компонентов приложения
2026-04-22 07:43:53 - INFO - [app.py] - Запуск сервера
2026-04-22 07:44:47 - INFO - [app.py] - Сервер остановлено
2026-04-22 07:44:48 - INFO - [app.py] - Инициализация основных компонентов приложения
2026-04-22 07:44:48 - INFO - [app.py] - Запуск сервера
2026-04-22 07:45:04 - INFO - [app.py] - Сервер остановлено
2026-04-22 07:45:05 - INFO - [app.py] - Инициализация основных компонентов приложения
2026-04-22 07:45:05 - INFO - [app.py] - Запуск сервера
2026-04-22 07:45:14 - INFO - [app.py] - Сервер остановлено
2026-04-22 07:45:15 - INFO - [app.py] - Инициализация основных компонентов приложения
2026-04-22 07:45:15 - INFO - [app.py] - Запуск сервера
2026-04-22 07:45:38 - INFO - [app.py] - Сервер остановлено
2026-04-22 07:45:39 - INFO - [app.py] - Инициализация основных компонентов приложения
2026-04-22 07:45:39 - INFO - [app.py] - Запуск сервера
2026-04-22 07:50:13 - INFO - [app.py] - Сервер остановлено
2026-04-22 07:50:14 - INFO - [app.py] - Инициализация основных компонентов приложения
2026-04-22 07:50:14 - INFO - [app.py] - Запуск сервера
2026-04-22 07:51:41 - INFO - [app.py] - Сервер остановлено
2026-04-22 07:51:42 - INFO - [app.py] - Инициализация основных компонентов приложения
2026-04-22 07:51:42 - INFO - [app.py] - Запуск сервера
2026-04-22 07:52:25 - INFO - [app.py] - Сервер остановлено
2026-04-22 07:52:26 - INFO - [app.py] - Инициализация основных компонентов приложения
2026-04-22 07:52:26 - INFO - [app.py] - Запуск сервера
2026-04-22 07:53:10 - INFO - [app.py] - Сервер остановлено
2026-04-22 07:53:11 - INFO - [app.py] - Инициализация основных компонентов приложения
2026-04-22 07:53:11 - INFO - [app.py] - Запуск сервера
2026-04-22 08:17:02 - INFO - [app.py] - Сервер остановлено
2026-04-22 08:17:03 - INFO - [app.py] - Инициализация основных компонентов приложения
2026-04-22 08:17:03 - INFO - [app.py] - Запуск сервера
2026-04-22 08:20:24 - INFO - [app.py] - Сервер остановлено
2026-04-22 08:20:25 - INFO - [app.py] - Инициализация основных компонентов приложения
2026-04-22 08:20:25 - INFO - [app.py] - Запуск сервера
2026-04-22 08:27:48 - INFO - [app.py] - Сервер остановлено
2026-04-22 08:27:49 - INFO - [app.py] - Инициализация основных компонентов приложения
2026-04-22 08:27:49 - INFO - [app.py] - Запуск сервера
2026-04-22 08:29:07 - INFO - [app.py] - Сервер остановлено
2026-04-22 08:29:08 - INFO - [app.py] - Инициализация основных компонентов приложения
2026-04-22 08:29:08 - INFO - [app.py] - Запуск сервера
2026-04-22 08:31:49 - INFO - [app.py] - Сервер остановлено
2026-04-22 08:31:50 - INFO - [app.py] - Инициализация основных компонентов приложения
2026-04-22 08:31:50 - INFO - [app.py] - Запуск сервера
2026-04-22 08:32:04 - INFO - [app.py] - Сервер остановлено
2026-04-22 08:32:05 - INFO - [app.py] - Инициализация основных компонентов приложения
2026-04-22 08:32:05 - INFO - [app.py] - Запуск сервера
2026-04-22 08:33:24 - INFO - [app.py] - Сервер остановлено
2026-04-22 08:33:25 - INFO - [app.py] - Инициализация основных компонентов приложения
2026-04-22 08:33:25 - INFO - [app.py] - Запуск сервера
2026-04-22 08:34:05 - INFO - [app.py] - Сервер остановлено
2026-04-22 08:34:06 - INFO - [app.py] - Инициализация основных компонентов приложения
2026-04-22 08:34:06 - INFO - [app.py] - Запуск сервера
2026-04-22 08:34:14 - INFO - [app.py] - Сервер остановлено
2026-04-22 08:34:15 - INFO - [app.py] - Инициализация основных компонентов приложения
2026-04-22 08:34:15 - INFO - [app.py] - Запуск сервера
2026-04-22 08:34:51 - INFO - [app.py] - Сервер остановлено
2026-04-22 08:34:52 - INFO - [app.py] - Инициализация основных компонентов приложения
2026-04-22 08:34:52 - INFO - [app.py] - Запуск сервера
2026-04-22 08:35:24 - INFO - [app.py] - Сервер остановлено
2026-04-22 08:35:25 - INFO - [app.py] - Инициализация основных компонентов приложения
2026-04-22 08:35:25 - INFO - [app.py] - Запуск сервера
2026-04-22 08:36:07 - INFO - [app.py] - Сервер остановлено
2026-04-22 08:36:08 - INFO - [app.py] - Инициализация основных компонентов приложения
2026-04-22 08:36:08 - INFO - [app.py] - Запуск сервера
2026-04-22 08:47:22 - INFO - [app.py] - Сервер остановлено
2026-04-22 08:47:23 - INFO - [app.py] - Инициализация основных компонентов приложения
2026-04-22 08:47:23 - INFO - [app.py] - Запуск сервера
2026-04-22 08:47:35 - INFO - [app.py] - Сервер остановлено
2026-04-22 08:47:36 - INFO - [app.py] - Инициализация основных компонентов приложения
2026-04-22 08:47:36 - INFO - [app.py] - Запуск сервера
2026-04-22 08:50:53 - INFO - [app.py] - Сервер остановлено
2026-04-22 08:50:54 - INFO - [app.py] - Инициализация основных компонентов приложения
2026-04-22 08:50:54 - INFO - [app.py] - Запуск сервера
2026-04-22 08:52:24 - INFO - [app.py] - Сервер остановлено
2026-04-22 08:52:25 - INFO - [app.py] - Инициализация основных компонентов приложения
2026-04-22 08:52:25 - INFO - [app.py] - Запуск сервера
2026-04-22 08:52:41 - INFO - [app.py] - Сервер остановлено
2026-04-22 08:52:42 - INFO - [app.py] - Инициализация основных компонентов приложения
2026-04-22 08:52:42 - INFO - [app.py] - Запуск сервера
2026-04-22 08:52:45 - INFO - [app.py] - Сервер остановлено
2026-04-22 08:52:46 - INFO - [app.py] - Инициализация основных компонентов приложения
2026-04-22 08:52:46 - INFO - [app.py] - Запуск сервера
2026-04-22 08:52:53 - INFO - [app.py] - Сервер остановлено
2026-04-22 08:52:54 - INFO - [app.py] - Инициализация основных компонентов приложения
2026-04-22 08:52:54 - INFO - [app.py] - Запуск сервера
2026-04-22 08:53:11 - INFO - [app.py] - Сервер остановлено
2026-04-22 08:53:11 - INFO - [app.py] - Инициализация основных компонентов приложения
2026-04-22 08:53:12 - INFO - [app.py] - Запуск сервера
2026-04-22 08:53:18 - INFO - [app.py] - Сервер остановлено
2026-04-22 08:53:19 - INFO - [app.py] - Инициализация основных компонентов приложения
2026-04-22 08:53:19 - INFO - [app.py] - Запуск сервера
2026-04-22 08:53:33 - INFO - [app.py] - Сервер остановлено
2026-04-22 08:53:33 - INFO - [app.py] - Инициализация основных компонентов приложения
2026-04-22 08:53:34 - INFO - [app.py] - Запуск сервера
2026-04-22 08:53:50 - INFO - [app.py] - Сервер остановлено
2026-04-22 08:53:51 - INFO - [app.py] - Инициализация основных компонентов приложения
2026-04-22 08:53:51 - INFO - [app.py] - Запуск сервера
2026-04-22 08:54:02 - INFO - [app.py] - Сервер остановлено
2026-04-22 08:54:03 - INFO - [app.py] - Инициализация основных компонентов приложения
2026-04-22 08:54:03 - INFO - [app.py] - Запуск сервера
2026-04-22 08:54:21 - INFO - [app.py] - Сервер остановлено
2026-04-22 08:54:22 - INFO - [app.py] - Инициализация основных компонентов приложения
2026-04-22 08:54:22 - INFO - [app.py] - Запуск сервера
2026-04-22 08:54:23 - INFO - [app.py] - Сервер остановлено
2026-04-22 08:54:24 - INFO - [app.py] - Инициализация основных компонентов приложения
2026-04-22 08:54:24 - INFO - [app.py] - Запуск сервера
2026-04-22 08:54:36 - INFO - [app.py] - Сервер остановлено
2026-04-22 08:54:36 - INFO - [app.py] - Инициализация основных компонентов приложения
2026-04-22 08:54:37 - INFO - [app.py] - Запуск сервера
2026-04-22 08:54:45 - INFO - [app.py] - Сервер остановлено
2026-04-22 08:54:46 - INFO - [app.py] - Инициализация основных компонентов приложения
2026-04-22 08:54:46 - INFO - [app.py] - Запуск сервера
2026-04-22 08:55:33 - INFO - [app.py] - Сервер остановлено
2026-04-22 08:55:34 - INFO - [app.py] - Инициализация основных компонентов приложения
2026-04-22 08:55:34 - INFO - [app.py] - Запуск сервера
2026-04-22 08:55:44 - INFO - [app.py] - Сервер остановлено
2026-04-22 08:55:45 - INFO - [app.py] - Инициализация основных компонентов приложения
2026-04-22 08:55:45 - INFO - [app.py] - Запуск сервера
2026-04-22 08:56:36 - INFO - [app.py] - Сервер остановлено
2026-04-22 08:56:37 - INFO - [app.py] - Инициализация основных компонентов приложения
2026-04-22 08:56:37 - INFO - [app.py] - Запуск сервера
2026-04-22 08:56:58 - INFO - [app.py] - Сервер остановлено
2026-04-22 08:56:59 - INFO - [app.py] - Инициализация основных компонентов приложения
2026-04-22 08:56:59 - INFO - [app.py] - Запуск сервера
2026-04-22 08:57:07 - INFO - [app.py] - Сервер остановлено
2026-04-22 08:57:08 - INFO - [app.py] - Инициализация основных компонентов приложения
2026-04-22 08:57:08 - INFO - [app.py] - Запуск сервера
2026-04-22 08:57:15 - INFO - [app.py] - Сервер остановлено
2026-04-22 08:57:16 - INFO - [app.py] - Инициализация основных компонентов приложения
2026-04-22 08:57:16 - INFO - [app.py] - Запуск сервера
2026-04-22 08:58:44 - INFO - [app.py] - Сервер остановлено
2026-04-22 08:58:45 - INFO - [app.py] - Инициализация основных компонентов приложения
2026-04-22 08:58:45 - INFO - [app.py] - Запуск сервера
2026-04-22 08:59:09 - INFO - [app.py] - Сервер остановлено
2026-04-22 08:59:10 - INFO - [app.py] - Инициализация основных компонентов приложения
2026-04-22 08:59:10 - INFO - [app.py] - Запуск сервера
2026-04-22 08:59:16 - INFO - [app.py] - Сервер остановлено
2026-04-22 08:59:17 - INFO - [app.py] - Инициализация основных компонентов приложения
2026-04-22 08:59:17 - INFO - [app.py] - Запуск сервера
2026-04-22 08:59:20 - INFO - [app.py] - Сервер остановлено
2026-04-22 08:59:21 - INFO - [app.py] - Инициализация основных компонентов приложения
2026-04-22 08:59:21 - INFO - [app.py] - Запуск сервера
2026-04-22 08:59:36 - INFO - [app.py] - Сервер остановлено
2026-04-22 08:59:37 - INFO - [app.py] - Инициализация основных компонентов приложения
2026-04-22 08:59:37 - INFO - [app.py] - Запуск сервера
2026-04-22 08:59:59 - INFO - [app.py] - Сервер остановлено
2026-04-22 09:00:00 - INFO - [app.py] - Инициализация основных компонентов приложения
2026-04-22 09:00:00 - INFO - [app.py] - Запуск сервера
2026-04-22 09:00:12 - INFO - [app.py] - Сервер остановлено
2026-04-22 09:00:13 - INFO - [app.py] - Инициализация основных компонентов приложения
2026-04-22 09:00:13 - INFO - [app.py] - Запуск сервера
2026-04-22 09:00:35 - INFO - [app.py] - Сервер остановлено
2026-04-22 09:00:36 - INFO - [app.py] - Инициализация основных компонентов приложения
2026-04-22 09:00:36 - INFO - [app.py] - Запуск сервера
2026-04-22 09:00:49 - INFO - [app.py] - Сервер остановлено
2026-04-22 09:00:50 - INFO - [app.py] - Инициализация основных компонентов приложения
2026-04-22 09:00:50 - INFO - [app.py] - Запуск сервера
2026-04-22 09:01:02 - INFO - [app.py] - Сервер остановлено
2026-04-22 09:01:03 - INFO - [app.py] - Инициализация основных компонентов приложения
2026-04-22 09:01:03 - INFO - [app.py] - Запуск сервера
2026-04-22 09:02:38 - INFO - [app.py] - Сервер остановлено
2026-04-22 09:02:39 - INFO - [app.py] - Инициализация основных компонентов приложения
2026-04-22 09:02:39 - INFO - [app.py] - Запуск сервера
2026-04-22 09:02:46 - INFO - [app.py] - Сервер остановлено
2026-04-22 09:02:47 - INFO - [app.py] - Инициализация основных компонентов приложения
2026-04-22 09:02:47 - INFO - [app.py] - Запуск сервера
2026-04-22 09:02:58 - INFO - [app.py] - Сервер остановлено
2026-04-22 09:02:59 - INFO - [app.py] - Инициализация основных компонентов приложения
2026-04-22 09:02:59 - INFO - [app.py] - Запуск сервера
2026-04-22 09:04:17 - INFO - [app.py] - Сервер остановлено
2026-04-22 09:04:18 - INFO - [app.py] - Инициализация основных компонентов приложения
2026-04-22 09:04:18 - INFO - [app.py] - Запуск сервера
2026-04-22 09:04:26 - INFO - [app.py] - Сервер остановлено
2026-04-22 09:04:27 - INFO - [app.py] - Инициализация основных компонентов приложения
2026-04-22 09:04:27 - INFO - [app.py] - Запуск сервера
2026-04-22 09:05:02 - INFO - [app.py] - Сервер остановлено
2026-04-22 09:05:03 - INFO - [app.py] - Инициализация основных компонентов приложения
2026-04-22 09:05:03 - INFO - [app.py] - Запуск сервера
2026-04-22 09:07:49 - INFO - [app.py] - Сервер остановлено
2026-04-22 09:07:50 - INFO - [app.py] - Инициализация основных компонентов приложения
2026-04-22 09:07:50 - INFO - [app.py] - Запуск сервера
2026-04-22 09:08:44 - INFO - [app.py] - Сервер остановлено
2026-04-22 09:08:45 - INFO - [app.py] - Инициализация основных компонентов приложения
2026-04-22 09:08:45 - INFO - [app.py] - Запуск сервера
2026-04-22 09:08:57 - INFO - [app.py] - Сервер остановлено
2026-04-22 09:08:58 - INFO - [app.py] - Инициализация основных компонентов приложения
2026-04-22 09:08:58 - INFO - [app.py] - Запуск сервера
2026-04-22 09:09:03 - INFO - [app.py] - Сервер остановлено
2026-04-22 09:09:04 - INFO - [app.py] - Инициализация основных компонентов приложения
2026-04-22 09:09:04 - INFO - [app.py] - Запуск сервера
2026-04-22 09:09:08 - INFO - [app.py] - Сервер остановлено
2026-04-22 09:09:09 - INFO - [app.py] - Инициализация основных компонентов приложения
2026-04-22 09:09:09 - INFO - [app.py] - Запуск сервера
2026-04-22 09:09:16 - INFO - [app.py] - Сервер остановлено
2026-04-22 09:09:17 - INFO - [app.py] - Инициализация основных компонентов приложения
2026-04-22 09:09:17 - INFO - [app.py] - Запуск сервера
2026-04-22 09:09:53 - INFO - [app.py] - Сервер остановлено
2026-04-22 09:09:54 - INFO - [app.py] - Инициализация основных компонентов приложения
2026-04-22 09:09:54 - INFO - [app.py] - Запуск сервера
2026-04-22 09:10:35 - INFO - [app.py] - Сервер остановлено
2026-04-22 09:10:36 - INFO - [app.py] - Инициализация основных компонентов приложения
2026-04-22 09:10:36 - INFO - [app.py] - Запуск сервера
2026-04-22 09:12:08 - INFO - [app.py] - Сервер остановлено
2026-04-22 09:12:08 - INFO - [app.py] - Инициализация основных компонентов приложения
2026-04-22 09:12:09 - INFO - [app.py] - Запуск сервера
2026-04-22 09:12:17 - INFO - [app.py] - Сервер остановлено
2026-04-22 09:12:18 - INFO - [app.py] - Инициализация основных компонентов приложения
2026-04-22 09:12:18 - INFO - [app.py] - Запуск сервера
2026-04-22 09:12:40 - INFO - [app.py] - Сервер остановлено
2026-04-22 09:12:41 - INFO - [app.py] - Инициализация основных компонентов приложения
2026-04-22 09:12:41 - INFO - [app.py] - Запуск сервера
2026-04-22 09:21:36 - INFO - [app.py] - Сервер остановлено
2026-04-22 09:21:36 - INFO - [app.py] - Сервер остановлено
2026-04-22 10:25:14 - INFO - [app.py] - Инициализация основных компонентов приложения
2026-04-22 10:25:14 - INFO - [app.py] - Запуск сервера
2026-04-22 10:25:15 - INFO - [app.py] - Инициализация основных компонентов приложения
2026-04-22 10:25:15 - INFO - [app.py] - Запуск сервера
2026-04-22 10:25:30 - INFO - [app.py] - Сервер остановлено
2026-04-22 10:25:30 - INFO - [app.py] - Сервер остановлено
2026-04-22 10:25:56 - INFO - [app.py] - Инициализация основных компонентов приложения
2026-04-22 10:25:56 - INFO - [app.py] - Запуск сервера
2026-04-22 10:25:57 - INFO - [app.py] - Инициализация основных компонентов приложения
2026-04-22 10:25:57 - INFO - [app.py] - Запуск сервера
2026-04-22 10:25:58 - INFO - [app.py] - Сервер остановлено
2026-04-22 10:25:59 - INFO - [app.py] - Сервер остановлено
2026-04-22 10:42:53 - INFO - [app.py] - Инициализация основных компонентов приложения
2026-04-22 10:42:53 - INFO - [app.py] - Запуск сервера
2026-04-22 10:42:54 - INFO - [app.py] - Инициализация основных компонентов приложения
2026-04-22 10:42:54 - INFO - [app.py] - Запуск сервера
2026-04-22 10:42:58 - INFO - [app.py] - Сервер остановлено
2026-04-22 10:42:58 - INFO - [app.py] - Сервер остановлено
2026-04-22 10:43:41 - INFO - [app.py] - Инициализация основных компонентов приложения
2026-04-22 10:43:41 - INFO - [app.py] - Запуск сервера
2026-04-22 10:43:42 - INFO - [app.py] - Инициализация основных компонентов приложения
2026-04-22 10:43:42 - INFO - [app.py] - Запуск сервера
2026-04-22 10:44:09 - INFO - [app.py] - Сервер остановлено
2026-04-22 10:44:10 - INFO - [app.py] - Инициализация основных компонентов приложения
2026-04-22 10:44:10 - INFO - [app.py] - Запуск сервера
2026-04-22 10:44:15 - INFO - [app.py] - Сервер остановлено
2026-04-22 10:44:16 - INFO - [app.py] - Инициализация основных компонентов приложения
2026-04-22 10:44:16 - INFO - [app.py] - Запуск сервера
2026-04-22 10:44:25 - INFO - [app.py] - Сервер остановлено
2026-04-22 10:44:25 - INFO - [app.py] - Сервер остановлено
2026-04-22 10:47:33 - INFO - [app.py] - Инициализация основных компонентов приложения
2026-04-22 10:47:34 - INFO - [app.py] - Запуск сервера
2026-04-22 10:47:34 - INFO - [app.py] - Инициализация основных компонентов приложения
2026-04-22 10:47:34 - INFO - [app.py] - Запуск сервера
2026-04-22 10:48:05 - INFO - [app.py] - Сервер остановлено
2026-04-22 10:48:06 - INFO - [app.py] - Инициализация основных компонентов приложения
2026-04-22 10:48:06 - INFO - [app.py] - Запуск сервера
2026-04-22 10:48:23 - INFO - [app.py] - Сервер остановлено
2026-04-22 10:48:24 - INFO - [app.py] - Инициализация основных компонентов приложения
2026-04-22 10:48:24 - INFO - [app.py] - Запуск сервера
2026-04-22 10:48:46 - INFO - [app.py] - Сервер остановлено
2026-04-22 10:48:47 - INFO - [app.py] - Инициализация основных компонентов приложения
2026-04-22 10:48:47 - INFO - [app.py] - Запуск сервера
2026-04-22 10:49:16 - INFO - [app.py] - Сервер остановлено
2026-04-22 10:49:17 - INFO - [app.py] - Инициализация основных компонентов приложения
2026-04-22 10:49:17 - INFO - [app.py] - Запуск сервера
2026-04-22 10:51:22 - INFO - [app.py] - Сервер остановлено
2026-04-22 10:51:23 - INFO - [app.py] - Инициализация основных компонентов приложения
2026-04-22 10:51:23 - INFO - [app.py] - Запуск сервера
2026-04-22 10:52:52 - INFO - [app.py] - Сервер остановлено
2026-04-22 10:52:53 - INFO - [app.py] - Инициализация основных компонентов приложения
2026-04-22 10:52:53 - INFO - [app.py] - Запуск сервера
2026-04-22 10:53:13 - INFO - [app.py] - Сервер остановлено
2026-04-22 10:53:14 - INFO - [app.py] - Инициализация основных компонентов приложения
2026-04-22 10:53:14 - INFO - [app.py] - Запуск сервера
2026-04-22 10:54:43 - INFO - [app.py] - Сервер остановлено
2026-04-22 10:54:44 - INFO - [app.py] - Сервер остановлено
2026-04-22 10:57:12 - INFO - [app.py] - Инициализация основных компонентов приложения
2026-04-22 10:57:12 - INFO - [app.py] - Запуск сервера
2026-04-22 10:57:13 - INFO - [app.py] - Инициализация основных компонентов приложения
2026-04-22 10:57:13 - INFO - [app.py] - Запуск сервера
2026-04-22 10:57:29 - INFO - [app.py] - Сервер остановлено
2026-04-22 10:57:29 - INFO - [app.py] - Сервер остановлено
2026-04-22 10:57:31 - INFO - [app.py] - Инициализация основных компонентов приложения
2026-04-22 10:57:31 - INFO - [app.py] - Запуск сервера
2026-04-22 10:57:32 - INFO - [app.py] - Инициализация основных компонентов приложения
2026-04-22 10:57:32 - INFO - [app.py] - Запуск сервера
2026-04-22 10:57:34 - INFO - [app.py] - Сервер остановлено
2026-04-22 10:57:34 - INFO - [app.py] - Сервер остановлено
2026-04-22 10:57:36 - INFO - [app.py] - Инициализация основных компонентов приложения
2026-04-22 10:57:36 - INFO - [app.py] - Запуск сервера
2026-04-22 10:57:36 - INFO - [app.py] - Инициализация основных компонентов приложения
2026-04-22 10:57:36 - INFO - [app.py] - Запуск сервера
2026-04-22 10:58:08 - INFO - [app.py] - Сервер остановлено
2026-04-22 10:58:08 - INFO - [app.py] - Сервер остановлено
2026-04-22 10:58:10 - INFO - [app.py] - Инициализация основных компонентов приложения
2026-04-22 10:58:10 - INFO - [app.py] - Запуск сервера
2026-04-22 10:58:11 - INFO - [app.py] - Инициализация основных компонентов приложения
2026-04-22 10:58:11 - INFO - [app.py] - Запуск сервера
2026-04-22 10:58:33 - INFO - [app.py] - Сервер остановлено
2026-04-22 10:58:34 - INFO - [app.py] - Инициализация основных компонентов приложения
2026-04-22 10:58:34 - INFO - [app.py] - Запуск сервера
2026-04-22 10:58:55 - INFO - [app.py] - Сервер остановлено
2026-04-22 10:58:56 - INFO - [app.py] - Инициализация основных компонентов приложения
2026-04-22 10:58:56 - INFO - [app.py] - Запуск сервера
2026-04-22 10:59:33 - INFO - [app.py] - Сервер остановлено
2026-04-22 10:59:34 - INFO - [app.py] - Инициализация основных компонентов приложения
2026-04-22 10:59:34 - INFO - [app.py] - Сервер остановлено
2026-04-22 10:59:59 - INFO - [app.py] - Инициализация основных компонентов приложения
2026-04-22 10:59:59 - INFO - [app.py] - Запуск сервера
2026-04-22 11:00:00 - INFO - [app.py] - Инициализация основных компонентов приложения
2026-04-22 11:00:00 - INFO - [app.py] - Запуск сервера
2026-04-22 11:00:12 - INFO - [app.py] - Сервер остановлено
2026-04-22 11:00:12 - INFO - [app.py] - Сервер остановлено
2026-04-22 11:00:18 - INFO - [app.py] - Инициализация основных компонентов приложения
2026-04-22 11:00:18 - INFO - [app.py] - Запуск сервера
2026-04-22 11:00:19 - INFO - [app.py] - Инициализация основных компонентов приложения
2026-04-22 11:00:19 - INFO - [app.py] - Запуск сервера
2026-04-22 11:00:31 - INFO - [app.py] - Сервер остановлено
2026-04-22 11:00:32 - INFO - [app.py] - Инициализация основных компонентов приложения
2026-04-22 11:00:32 - INFO - [app.py] - Запуск сервера
2026-04-22 11:00:43 - INFO - [app.py] - Сервер остановлено
2026-04-22 11:00:44 - INFO - [app.py] - Инициализация основных компонентов приложения
2026-04-22 11:00:44 - INFO - [app.py] - Сервер остановлено
2026-04-22 11:00:52 - INFO - [app.py] - Инициализация основных компонентов приложения
2026-04-22 11:00:52 - INFO - [app.py] - Запуск сервера
2026-04-22 11:00:53 - INFO - [app.py] - Инициализация основных компонентов приложения
2026-04-22 11:00:53 - INFO - [app.py] - Запуск сервера
2026-04-22 11:01:20 - INFO - [app.py] - Сервер остановлено
2026-04-22 11:01:21 - INFO - [app.py] - Инициализация основных компонентов приложения
2026-04-22 11:01:21 - INFO - [app.py] - Запуск сервера
2026-04-22 11:01:24 - INFO - [app.py] - Сервер остановлено
2026-04-22 11:01:25 - INFO - [app.py] - Инициализация основных компонентов приложения
2026-04-22 11:01:25 - INFO - [app.py] - Запуск сервера
2026-04-22 11:01:54 - INFO - [app.py] - Сервер остановлено
2026-04-22 11:01:55 - INFO - [app.py] - Инициализация основных компонентов приложения
2026-04-22 11:01:55 - INFO - [app.py] - Запуск сервера
2026-04-22 11:02:06 - INFO - [app.py] - Сервер остановлено
2026-04-22 11:02:07 - INFO - [app.py] - Инициализация основных компонентов приложения
2026-04-22 11:02:07 - INFO - [app.py] - Запуск сервера
2026-04-22 11:03:51 - INFO - [app.py] - Сервер остановлено
2026-04-22 11:03:51 - INFO - [app.py] - Сервер остановлено
2026-04-22 11:03:52 - INFO - [app.py] - Инициализация основных компонентов приложения
2026-04-22 11:03:52 - INFO - [app.py] - Запуск сервера
2026-04-22 11:03:53 - INFO - [app.py] - Инициализация основных компонентов приложения
2026-04-22 11:03:53 - INFO - [app.py] - Запуск сервера
