2026-04-24 08:24:27 - ERROR - [logic\pages\auth\auth.py] - Ошибка при получении данных регистрации: search() missing 1 required positional argument: 'string'
2026-04-26 05:45:19 - ERROR - [logic\pages\auth\auth.py] - Ошибка при получении данных регистрации: expected string or bytes-like object, got 'EmailSyntaxError'
2026-04-26 05:52:11 - ERROR - [logic\pages\auth\auth.py] - Ошибка при получении данных регистрации: expected string or bytes-like object, got 'EmailSyntaxError'
2026-04-28 13:05:33 - ERROR - [logic\pages\auth\auth.py] - Ошибка при получении данных регистрации: object of type 'NoneType' has no len()
2026-04-28 13:09:20 - ERROR - [logic\pages\auth\auth.py] - Ошибка при получении данных регистрации: 'tuple' object has no attribute 'isspace'
2026-04-28 14:24:56 - ERROR - [logic\pages\auth\auth.py] - Ошибка при получении данных регистрации: Expecting value: line 1 column 1 (char 0)
2026-04-28 14:27:59 - ERROR - [logic\pages\auth\auth.py] - Ошибка при получении данных регистрации: Expecting value: line 1 column 1 (char 0)
2026-04-28 14:28:13 - ERROR - [logic\pages\auth\auth.py] - Ошибка при получении данных регистрации: Expecting value: line 1 column 1 (char 0)
2026-04-28 14:35:10 - ERROR - [logic\pages\auth\auth.py] - Ошибка при получении данных регистрации: Expecting value: line 1 column 1 (char 0)
2026-04-28 14:35:21 - ERROR - [logic\pages\auth\auth.py] - Ошибка при получении данных регистрации: Expecting value: line 1 column 1 (char 0)
2026-04-28 14:37:46 - ERROR - [logic\pages\auth\auth.py] - Ошибка при получении данных регистрации: Expecting value: line 1 column 1 (char 0)
2026-04-28 14:38:11 - ERROR - [logic\pages\auth\auth.py] - Ошибка при получении данных регистрации: Expecting value: line 1 column 1 (char 0)
2026-04-28 17:32:48 - ERROR - [logic\pages\auth\auth.py] - Ошибка при получении данных регистрации: Expecting value: line 1 column 1 (char 0)
2026-04-28 17:33:10 - ERROR - [logic\pages\auth\auth.py] - Ошибка при получении данных регистрации: Expecting value: line 1 column 1 (char 0)
2026-04-28 17:33:15 - ERROR - [logic\pages\auth\auth.py] - Ошибка при получении данных регистрации: Expecting value: line 1 column 1 (char 0)
2026-05-12 03:31:27 - ERROR - [logic\pages\auth\auth.py] - Ошибка при получении данных регистрации: [Errno 2] No such file or directory: 'cache/const_cache.json'
2026-05-12 03:31:53 - ERROR - [logic\pages\auth\auth.py] - Ошибка при получении данных регистрации: [Errno 2] No such file or directory: 'cache/const_cache.json'
2026-05-12 06:37:02 - ERROR - [logic\pages\auth\auth.py] - Ошибка при получении данных регистрации: [Errno 2] No such file or directory: 'cache/const_cache.json'
2026-05-12 06:39:18 - ERROR - [logic\pages\auth\auth.py] - Ошибка при получении данных регистрации: Expecting value: line 1 column 1 (char 0)
2026-05-12 06:40:27 - ERROR - [logic\pages\auth\auth.py] - Ошибка при получении данных регистрации: [Errno 17] File exists: 'cache/const_cache.json'
2026-05-12 06:42:21 - ERROR - [logic\pages\auth\auth.py] - Ошибка при получении данных регистрации: Expecting value: line 1 column 1 (char 0)
2026-05-12 06:45:31 - ERROR - [logic\pages\auth\auth.py] - Ошибка при получении данных регистрации: [Errno 2] No such file or directory: 'cache/const_cache.json'
2026-05-12 06:53:45 - ERROR - [logic\pages\auth\auth.py] - Ошибка при получении данных регистрации: [Errno 2] No such file or directory: 'cache/const_cache.json'
2026-05-12 06:54:03 - ERROR - [logic\pages\auth\auth.py] - Ошибка при получении данных регистрации: [Errno 2] No such file or directory: 'cache/const_cache.json'
2026-05-12 06:57:46 - ERROR - [logic\pages\auth\auth.py] - Ошибка при получении данных регистрации: [Errno 2] No such file or directory: 'cache/const_cache.json'
2026-05-12 06:59:35 - ERROR - [logic\pages\auth\auth.py] - Ошибка при получении данных регистрации: [Errno 2] No such file or directory: 'cache/const_cache.json'
2026-05-12 07:01:06 - ERROR - [logic\pages\auth\auth.py] - Ошибка при получении данных регистрации: Expecting value: line 1 column 1 (char 0)
2026-05-12 07:12:34 - ERROR - [logic\pages\auth\auth.py] - Ошибка при получении данных регистрации: Expecting value: line 1 column 1 (char 0)
2026-05-12 07:16:38 - ERROR - [logic\pages\auth\auth.py] - Ошибка при получении данных регистрации: Expecting value: line 1 column 1 (char 0)
2026-05-12 07:19:06 - ERROR - [logic\pages\auth\auth.py] - Ошибка при получении данных регистрации: [Errno 2] No such file or directory: 'cache/const_cache.json'
