2026-04-10 09:35:01 - INFO - [logic\pages\auth\auth.py] - Данные для аунтентификации получены
2026-04-10 09:35:02 - INFO - [logic\pages\auth\auth.py] - Пользователь (liwstry5@gmail.com) авторизован
2026-04-10 13:19:01 - INFO - [logic\pages\auth\auth.py] - Данные для аунтентификации получены
2026-04-10 13:19:02 - INFO - [logic\pages\auth\auth.py] - Пользователь (liwstry5@gmail.com) авторизован
2026-04-10 13:48:25 - INFO - [logic\pages\auth\auth.py] - Данные для аунтентификации получены
2026-04-10 13:48:26 - INFO - [logic\pages\auth\auth.py] - Пользователь (liwstry5@gmail.com) авторизован
2026-04-10 14:54:34 - INFO - [logic\pages\auth\auth.py] - Данные для аунтентификации получены
2026-04-10 14:54:34 - INFO - [logic\pages\auth\auth.py] - Пользователь (liwstry5@gmail.com) авторизован
2026-04-10 15:18:58 - INFO - [logic\pages\auth\auth.py] - Данные для аунтентификации получены
2026-04-10 15:18:59 - INFO - [logic\pages\auth\auth.py] - Пользователь (liwstry5@gmail.com) авторизован
2026-04-10 15:47:35 - INFO - [logic\pages\auth\auth.py] - Данные для аунтентификации получены
2026-04-10 15:47:36 - INFO - [logic\pages\auth\auth.py] - Пользователь (liwstry5@gmail.com) авторизован
2026-04-10 15:55:32 - INFO - [logic\pages\auth\auth.py] - Данные для аунтентификации получены
2026-04-10 15:55:32 - INFO - [logic\pages\auth\auth.py] - Пользователь (liwstry5@gmail.com) авторизован
2026-04-10 15:57:16 - INFO - [logic\pages\auth\auth.py] - Данные для аунтентификации получены
2026-04-10 15:57:18 - INFO - [logic\pages\auth\auth.py] - Пользователь (liwstry5@gmail.com) авторизован
2026-04-10 16:12:40 - INFO - [logic\pages\auth\auth.py] - Данные для аунтентификации получены
2026-04-10 16:12:40 - INFO - [logic\pages\auth\auth.py] - Пользователь (liwstry5@gmail.com) авторизован
2026-04-10 16:22:05 - INFO - [logic\pages\auth\auth.py] - Данные для аунтентификации получены
2026-04-10 16:22:05 - INFO - [logic\pages\auth\auth.py] - Пользователь (liwstry5@gmail.com) авторизован
2026-04-10 16:23:22 - INFO - [logic\pages\auth\auth.py] - Данные для аунтентификации получены
2026-04-10 16:23:23 - INFO - [logic\pages\auth\auth.py] - Пользователь (liwstry5@gmail.com) авторизован
2026-04-10 16:24:31 - INFO - [logic\pages\auth\auth.py] - Данные для аунтентификации получены
2026-04-10 16:24:32 - INFO - [logic\pages\auth\auth.py] - Пользователь (liwstry5@gmail.com) авторизован
2026-04-10 16:25:33 - INFO - [logic\pages\auth\auth.py] - Данные для аунтентификации получены
2026-04-10 16:25:34 - INFO - [logic\pages\auth\auth.py] - Пользователь (liwstry5@gmail.com) авторизован
2026-04-11 04:25:23 - INFO - [logic\pages\auth\auth.py] - Данные для аунтентификации получены
2026-04-11 04:25:23 - INFO - [logic\pages\auth\auth.py] - Пользователь (liwstry5@gmail.com) авторизован
2026-04-11 04:38:35 - INFO - [logic\pages\auth\auth.py] - Данные для аунтентификации получены
2026-04-11 04:38:36 - INFO - [logic\pages\auth\auth.py] - Пользователь (liwstry5@gmail.com) авторизован
2026-04-11 04:57:23 - INFO - [logic\pages\auth\auth.py] - Данные для аунтентификации получены
2026-04-11 04:57:24 - INFO - [logic\pages\auth\auth.py] - Пользователь (liwstry5@gmail.com) авторизован
2026-04-11 04:57:57 - INFO - [logic\pages\auth\auth.py] - Данные для аунтентификации получены
2026-04-11 04:57:58 - INFO - [logic\pages\auth\auth.py] - Пользователь (liwstry5@gmail.com) авторизован
2026-04-11 04:58:08 - INFO - [logic\pages\auth\auth.py] - Данные для аунтентификации получены
2026-04-11 04:58:09 - INFO - [logic\pages\auth\auth.py] - Пользователь (liwstry5@gmail.com) авторизован
2026-04-11 05:14:10 - INFO - [logic\pages\auth\auth.py] - Данные для аунтентификации получены
2026-04-11 05:14:10 - INFO - [logic\pages\auth\auth.py] - Пользователь (liwstry5@gmail.com) авторизован
2026-04-11 05:34:13 - INFO - [logic\pages\auth\auth.py] - Данные для аунтентификации получены
2026-04-11 05:34:14 - INFO - [logic\pages\auth\auth.py] - Пользователь (liwstry5@gmail.com) авторизован
2026-04-11 05:34:41 - INFO - [logic\pages\auth\auth.py] - Данные ...
...
2026-04-11 05:34:42 - INFO - [logic\pages\auth\auth.py] - Пользов...
...
2026-04-11 05:37:29 - INFO - [logic\pages\auth\auth.py] - Данные для аунтентификации получены
2026-04-11 05:37:30 - INFO - [logic\pages\auth\auth.py] - Пользователь (liwstry5@gmail.com) авторизован
2026-04-11 05:42:17 - INFO - [logic\pages\auth\auth.py] - Данные для аунтентификации получены
2026-04-11 05:42:18 - INFO - [logic\pages\auth\auth.py] - Пользователь (liwstry5@gmail.com) авторизован
2026-04-15 08:17:41 - INFO - [logic\pages\auth\auth.py] - Данные для аунтентификации получены
2026-04-15 08:17:42 - INFO - [logic\pages\auth\auth.py] - Пользователь (liwstry5@gmail.com) авторизован
2026-04-15 10:28:34 - INFO - [logic\pages\auth\auth.py] - Данные для аунтентификации получены
2026-04-15 10:28:35 - INFO - [logic\pages\auth\auth.py] - Пользователь (liwstry5@gmail.com) авторизован
2026-04-18 10:30:05 - INFO - [logic\pages\auth\auth.py] - Данные для аунтентификации получены
2026-04-18 10:30:06 - INFO - [logic\pages\auth\auth.py] - Пользователь (liwstry5@gmail.com) авторизован
