2026-04-11 05:13:56 - INFO - [database\setup_db\create_db.py] - База данных создана
2026-04-11 05:13:57 - INFO - [database\setup_db\create_db.py] - База данных создана
2026-04-11 05:33:54 - INFO - [database\setup_db\create_db.py] - База данных создана
2026-04-11 05:33:55 - INFO - [database\setup_db\create_db.py] - База данных создана
2026-04-11 05:34:35 - INFO - [database\setup_db\create_db.py] - База да...
...
2026-04-11 05:35:10 - INFO - [database\setup_db\create_db.py] - База да...
...создана
2026-04-11 05:36:06 - INFO - [database\setup_db\create_db.py] - База данных создана
2026-04-11 05:36:29 - INFO - [database\setup_db\create_db.py] - База данных создана
2026-04-11 05:36:52 - INFO - [database\setup_db\create_db.py] - База данных создана
2026-04-11 05:36:53 - INFO - [database\setup_db\create_db.py] - База данных создана
2026-04-11 05:37:18 - INFO - [database\setup_db\create_db.py] - База данных создана
2026-04-11 05:37:19 - INFO - [database\setup_db\create_db.py] - База данных создана
2026-04-11 05:42:05 - INFO - [database\setup_db\create_db.py] - База данных создана
2026-04-11 05:42:06 - INFO - [database\setup_db\create_db.py] - База данных создана
2026-04-11 05:45:48 - INFO - [database\setup_db\create_db.py] - База данных создана
2026-04-11 05:47:06 - INFO - [database\setup_db\create_db.py] - База данных создана
2026-04-11 05:47:07 - INFO - [database\setup_db\create_db.py] - База данных создана
2026-04-15 08:17:31 - INFO - [database\setup_db\create_db.py] - База данных создана
2026-04-15 08:17:32 - INFO - [database\setup_db\create_db.py] - База данных создана
2026-04-15 08:48:29 - INFO - [database\setup_db\create_db.py] - База данных создана
2026-04-15 08:48:29 - INFO - [database\setup_db\create_db.py] - База данных создана
2026-04-15 10:28:19 - INFO - [database\setup_db\create_db.py] - База данных создана
2026-04-15 10:28:20 - INFO - [database\setup_db\create_db.py] - База данных создана
2026-04-16 13:51:58 - INFO - [database\setup_db\create_db.py] - База данных создана
2026-04-16 13:51:59 - INFO - [database\setup_db\create_db.py] - База данных создана
2026-04-18 10:29:54 - INFO - [database\setup_db\create_db.py] - База данных создана
2026-04-18 10:29:54 - INFO - [database\setup_db\create_db.py] - База данных создана
2026-04-19 03:48:16 - INFO - [database\setup_db\create_db.py] - База данных создана
2026-04-19 03:48:17 - INFO - [database\setup_db\create_db.py] - База данных создана
2026-04-19 03:59:18 - INFO - [database\setup_db\create_db.py] - База данных создана
2026-04-19 04:33:21 - INFO - [database\setup_db\create_db.py] - База данных создана
2026-04-19 04:33:22 - INFO - [database\setup_db\create_db.py] - База данных создана
2026-04-19 04:38:05 - INFO - [database\setup_db\create_db.py] - База данных создана
2026-04-19 04:38:06 - INFO - [database\setup_db\create_db.py] - База данных создана
2026-04-19 04:43:26 - INFO - [database\setup_db\create_db.py] - База данных создана
2026-04-19 04:43:27 - INFO - [database\setup_db\create_db.py] - База данных создана
2026-04-19 04:43:58 - INFO - [database\setup_db\create_db.py] - База данных создана
2026-04-19 04:43:59 - INFO - [database\setup_db\create_db.py] - База данных создана
2026-04-19 04:47:15 - INFO - [database\setup_db\create_db.py] - База данных создана
2026-04-19 04:47:24 - INFO - [database\setup_db\create_db.py] - База данных создана
2026-04-19 04:47:34 - INFO - [database\setup_db\create_db.py] - База данных создана
2026-04-19 04:48:04 - INFO - [database\setup_db\create_db.py] - База данных создана
2026-04-19 04:48:05 - INFO - [database\setup_db\create_db.py] - База данных создана
2026-04-19 04:48:31 - INFO - [database\setup_db\create_db.py] - База данных создана
2026-04-19 04:49:19 - INFO - [database\setup_db\create_db.py] - База данных создана
2026-04-19 04:49:34 - INFO - [database\setup_db\create_db.py] - База данных создана
2026-04-19 04:49:37 - INFO - [database\setup_db\create_db.py] - База данных создана
2026-04-19 04:51:51 - INFO - [database\setup_db\create_db.py] - База данных создана
2026-04-19 04:51:52 - INFO - [database\setup_db\create_db.py] - База данных создана
2026-04-19 04:53:23 - INFO - [database\setup_db\create_db.py] - База данных создана
2026-04-19 04:53:24 - INFO - [database\setup_db\create_db.py] - База данных создана
2026-04-19 04:54:32 - INFO - [database\setup_db\create_db.py] - База данных создана
2026-04-19 04:57:40 - INFO - [database\setup_db\create_db.py] - База данных создана
2026-04-19 04:58:38 - INFO - [database\setup_db\create_db.py] - База данных создана
2026-04-19 04:58:44 - INFO - [database\setup_db\create_db.py] - База данных создана
2026-04-19 04:59:41 - INFO - [database\setup_db\create_db.py] - База данных создана
2026-04-19 05:01:41 - INFO - [database\setup_db\create_db.py] - База данных создана
2026-04-19 05:02:09 - INFO - [database\setup_db\create_db.py] - База данных создана
2026-04-19 05:04:03 - INFO - [database\setup_db\create_db.py] - База данных создана
2026-04-19 05:04:04 - INFO - [database\setup_db\create_db.py] - База данных создана
2026-04-19 05:04:19 - INFO - [database\setup_db\create_db.py] - База данных создана
2026-04-19 05:04:23 - INFO - [database\setup_db\create_db.py] - База данных создана
2026-04-19 05:04:29 - INFO - [database\setup_db\create_db.py] - База данных создана
2026-04-19 05:04:33 - INFO - [database\setup_db\create_db.py] - База данных создана
2026-04-19 05:04:44 - INFO - [database\setup_db\create_db.py] - База данных создана
2026-04-19 05:04:49 - INFO - [database\setup_db\create_db.py] - База данных создана
2026-04-19 05:05:01 - INFO - [database\setup_db\create_db.py] - База данных создана
2026-04-19 05:16:06 - INFO - [database\setup_db\create_db.py] - База данных создана
2026-04-19 05:16:21 - INFO - [database\setup_db\create_db.py] - База данных создана
2026-04-19 05:20:28 - INFO - [database\setup_db\create_db.py] - База данных создана
2026-04-19 05:20:29 - INFO - [database\setup_db\create_db.py] - База данных создана
2026-04-19 08:50:15 - INFO - [database\setup_db\create_db.py] - База данных создана
2026-04-19 08:50:16 - INFO - [database\setup_db\create_db.py] - База данных создана
2026-04-19 08:54:43 - INFO - [database\setup_db\create_db.py] - База данных создана
2026-04-19 08:55:13 - INFO - [database\setup_db\create_db.py] - База данных создана
2026-04-19 09:01:27 - INFO - [database\setup_db\create_db.py] - База данных создана
2026-04-19 09:01:27 - INFO - [database\setup_db\create_db.py] - База данных создана
2026-04-19 09:13:16 - INFO - [database\setup_db\create_db.py] - База данных создана
2026-04-19 09:13:17 - INFO - [database\setup_db\create_db.py] - База данных создана
2026-04-19 09:14:09 - INFO - [database\setup_db\create_db.py] - База данных создана
2026-04-19 09:18:37 - INFO - [database\setup_db\create_db.py] - База данных создана
2026-04-19 09:19:29 - INFO - [database\setup_db\create_db.py] - База данных создана
2026-04-19 09:25:07 - INFO - [database\setup_db\create_db.py] - База данных создана
2026-04-19 09:28:47 - INFO - [database\setup_db\create_db.py] - База данных создана
2026-04-19 09:28:48 - INFO - [database\setup_db\create_db.py] - База данных создана
2026-04-19 09:29:15 - INFO - [database\setup_db\create_db.py] - База данных создана
2026-04-19 09:50:26 - INFO - [database\setup_db\create_db.py] - База данных создана
2026-04-19 09:51:23 - INFO - [database\setup_db\create_db.py] - База данных создана
2026-04-19 09:56:17 - INFO - [database\setup_db\create_db.py] - База данных создана
2026-04-19 10:27:05 - INFO - [database\setup_db\create_db.py] - База данных создана
2026-04-19 10:27:06 - INFO - [database\setup_db\create_db.py] - База данных создана
2026-04-19 10:28:07 - INFO - [database\setup_db\create_db.py] - База данных создана
2026-04-19 10:37:14 - INFO - [database\setup_db\create_db.py] - База данных создана
2026-04-19 10:37:14 - INFO - [database\setup_db\create_db.py] - База данных создана
2026-04-19 10:37:31 - INFO - [database\setup_db\create_db.py] - База данных создана
2026-04-19 10:37:48 - INFO - [database\setup_db\create_db.py] - База данных создана
2026-04-19 10:38:14 - INFO - [database\setup_db\create_db.py] - База данных создана
2026-04-19 10:41:26 - INFO - [database\setup_db\create_db.py] - База данных создана
2026-04-19 10:41:34 - INFO - [database\setup_db\create_db.py] - База данных создана
2026-04-19 10:42:57 - INFO - [database\setup_db\create_db.py] - База данных создана
2026-04-19 10:44:28 - INFO - [database\setup_db\create_db.py] - База данных создана
2026-04-19 10:44:29 - INFO - [database\setup_db\create_db.py] - База данных создана
2026-04-19 10:45:04 - INFO - [database\setup_db\create_db.py] - База данных создана
2026-04-19 10:45:15 - INFO - [database\setup_db\create_db.py] - База данных создана
2026-04-19 10:45:43 - INFO - [database\setup_db\create_db.py] - База данных создана
2026-04-19 10:46:38 - INFO - [database\setup_db\create_db.py] - База данных создана
2026-04-19 10:46:39 - INFO - [database\setup_db\create_db.py] - База данных создана
2026-04-19 11:13:24 - INFO - [database\setup_db\create_db.py] - База данных создана
2026-04-19 11:13:25 - INFO - [database\setup_db\create_db.py] - База данных создана
2026-04-19 14:46:33 - INFO - [database\setup_db\create_db.py] - База данных создана
2026-04-19 14:46:34 - INFO - [database\setup_db\create_db.py] - База данных создана
2026-04-19 15:39:33 - INFO - [database\setup_db\create_db.py] - База данных создана
2026-04-19 15:39:34 - INFO - [database\setup_db\create_db.py] - База данных создана
2026-04-19 15:40:08 - INFO - [database\setup_db\create_db.py] - База данных создана
2026-04-19 15:40:26 - INFO - [database\setup_db\create_db.py] - База данных создана
2026-04-19 15:43:28 - INFO - [database\setup_db\create_db.py] - База данных создана
2026-04-19 15:43:29 - INFO - [database\setup_db\create_db.py] - База данных создана
2026-04-19 16:03:28 - INFO - [database\setup_db\create_db.py] - База данных создана
2026-04-19 17:22:32 - INFO - [database\setup_db\create_db.py] - База данных создана
2026-04-19 17:22:33 - INFO - [database\setup_db\create_db.py] - База данных создана
2026-04-19 17:34:53 - INFO - [database\setup_db\create_db.py] - База данных создана
2026-04-19 17:35:16 - INFO - [database\setup_db\create_db.py] - База данных создана
2026-04-19 17:35:17 - INFO - [database\setup_db\create_db.py] - База данных создана
2026-04-19 17:36:17 - INFO - [database\setup_db\create_db.py] - База данных создана
2026-04-19 17:41:57 - INFO - [database\setup_db\create_db.py] - База данных создана
2026-04-19 17:44:31 - INFO - [database\setup_db\create_db.py] - База данных создана
2026-04-19 17:44:58 - INFO - [database\setup_db\create_db.py] - База данных создана
2026-04-19 17:45:36 - INFO - [database\setup_db\create_db.py] - База данных создана
2026-04-19 17:46:22 - INFO - [database\setup_db\create_db.py] - База данных создана
2026-04-19 17:46:38 - INFO - [database\setup_db\create_db.py] - База данных создана
2026-04-19 17:46:53 - INFO - [database\setup_db\create_db.py] - База данных создана
2026-04-19 17:47:41 - INFO - [database\setup_db\create_db.py] - База данных создана
2026-04-19 17:47:58 - INFO - [database\setup_db\create_db.py] - База данных создана
2026-04-19 17:48:40 - INFO - [database\setup_db\create_db.py] - База данных создана
2026-04-19 17:48:41 - INFO - [database\setup_db\create_db.py] - База данных создана
2026-04-19 17:49:15 - INFO - [database\setup_db\create_db.py] - База данных создана
2026-04-19 17:49:34 - INFO - [database\setup_db\create_db.py] - База данных создана
2026-04-19 17:49:34 - INFO - [database\setup_db\create_db.py] - База данных создана
2026-04-19 17:50:56 - INFO - [database\setup_db\create_db.py] - База данных создана
2026-04-20 03:55:00 - INFO - [database\setup_db\create_db.py] - База данных создана
2026-04-20 03:55:01 - INFO - [database\setup_db\create_db.py] - База данных создана
2026-04-20 05:09:10 - INFO - [database\setup_db\create_db.py] - База данных создана
2026-04-20 07:45:45 - INFO - [database\setup_db\create_db.py] - База данных создана
2026-04-20 07:45:45 - INFO - [database\setup_db\create_db.py] - База данных создана
2026-04-22 07:39:17 - INFO - [database\setup_db\create_db.py] - База данных создана
2026-04-22 07:39:17 - INFO - [database\setup_db\create_db.py] - База данных создана
2026-04-22 07:43:46 - INFO - [database\setup_db\create_db.py] - База данных создана
2026-04-22 07:43:53 - INFO - [database\setup_db\create_db.py] - База данных создана
2026-04-22 07:44:48 - INFO - [database\setup_db\create_db.py] - База данных создана
2026-04-22 07:45:05 - INFO - [database\setup_db\create_db.py] - База данных создана
2026-04-22 07:45:15 - INFO - [database\setup_db\create_db.py] - База данных создана
2026-04-22 07:45:39 - INFO - [database\setup_db\create_db.py] - База данных создана
2026-04-22 07:50:14 - INFO - [database\setup_db\create_db.py] - База данных создана
2026-04-22 07:51:42 - INFO - [database\setup_db\create_db.py] - База данных создана
2026-04-22 07:52:26 - INFO - [database\setup_db\create_db.py] - База данных создана
2026-04-22 07:53:11 - INFO - [database\setup_db\create_db.py] - База данных создана
2026-04-22 08:17:03 - INFO - [database\setup_db\create_db.py] - База данных создана
2026-04-22 08:20:25 - INFO - [database\setup_db\create_db.py] - База данных создана
2026-04-22 08:27:49 - INFO - [database\setup_db\create_db.py] - База данных создана
2026-04-22 08:29:08 - INFO - [database\setup_db\create_db.py] - База данных создана
2026-04-22 08:31:50 - INFO - [database\setup_db\create_db.py] - База данных создана
2026-04-22 08:32:05 - INFO - [database\setup_db\create_db.py] - База данных создана
2026-04-22 08:33:25 - INFO - [database\setup_db\create_db.py] - База данных создана
2026-04-22 08:34:06 - INFO - [database\setup_db\create_db.py] - База данных создана
2026-04-22 08:34:15 - INFO - [database\setup_db\create_db.py] - База данных создана
2026-04-22 08:34:52 - INFO - [database\setup_db\create_db.py] - База данных создана
2026-04-22 08:35:25 - INFO - [database\setup_db\create_db.py] - База данных создана
2026-04-22 08:36:08 - INFO - [database\setup_db\create_db.py] - База данных создана
2026-04-22 08:47:23 - INFO - [database\setup_db\create_db.py] - База данных создана
2026-04-22 08:47:36 - INFO - [database\setup_db\create_db.py] - База данных создана
2026-04-22 08:50:54 - INFO - [database\setup_db\create_db.py] - База данных создана
2026-04-22 08:52:25 - INFO - [database\setup_db\create_db.py] - База данных создана
2026-04-22 08:52:42 - INFO - [database\setup_db\create_db.py] - База данных создана
2026-04-22 08:52:46 - INFO - [database\setup_db\create_db.py] - База данных создана
2026-04-22 08:52:54 - INFO - [database\setup_db\create_db.py] - База данных создана
2026-04-22 08:53:12 - INFO - [database\setup_db\create_db.py] - База данных создана
2026-04-22 08:53:19 - INFO - [database\setup_db\create_db.py] - База данных создана
2026-04-22 08:53:34 - INFO - [database\setup_db\create_db.py] - База данных создана
2026-04-22 08:53:51 - INFO - [database\setup_db\create_db.py] - База данных создана
2026-04-22 08:54:03 - INFO - [database\setup_db\create_db.py] - База данных создана
2026-04-22 08:54:22 - INFO - [database\setup_db\create_db.py] - База данных создана
2026-04-22 08:54:24 - INFO - [database\setup_db\create_db.py] - База данных создана
2026-04-22 08:54:37 - INFO - [database\setup_db\create_db.py] - База данных создана
2026-04-22 08:54:46 - INFO - [database\setup_db\create_db.py] - База данных создана
2026-04-22 08:55:34 - INFO - [database\setup_db\create_db.py] - База данных создана
2026-04-22 08:55:45 - INFO - [database\setup_db\create_db.py] - База данных создана
2026-04-22 08:56:37 - INFO - [database\setup_db\create_db.py] - База данных создана
2026-04-22 08:56:59 - INFO - [database\setup_db\create_db.py] - База данных создана
2026-04-22 08:57:08 - INFO - [database\setup_db\create_db.py] - База данных создана
2026-04-22 08:57:16 - INFO - [database\setup_db\create_db.py] - База данных создана
2026-04-22 08:58:45 - INFO - [database\setup_db\create_db.py] - База данных создана
2026-04-22 08:59:10 - INFO - [database\setup_db\create_db.py] - База данных создана
2026-04-22 08:59:17 - INFO - [database\setup_db\create_db.py] - База данных создана
2026-04-22 08:59:21 - INFO - [database\setup_db\create_db.py] - База данных создана
2026-04-22 08:59:37 - INFO - [database\setup_db\create_db.py] - База данных создана
2026-04-22 09:00:00 - INFO - [database\setup_db\create_db.py] - База данных создана
2026-04-22 09:00:13 - INFO - [database\setup_db\create_db.py] - База данных создана
2026-04-22 09:00:36 - INFO - [database\setup_db\create_db.py] - База данных создана
2026-04-22 09:00:50 - INFO - [database\setup_db\create_db.py] - База данных создана
2026-04-22 09:01:03 - INFO - [database\setup_db\create_db.py] - База данных создана
2026-04-22 09:02:39 - INFO - [database\setup_db\create_db.py] - База данных создана
2026-04-22 09:02:47 - INFO - [database\setup_db\create_db.py] - База данных создана
2026-04-22 09:02:59 - INFO - [database\setup_db\create_db.py] - База данных создана
2026-04-22 09:04:18 - INFO - [database\setup_db\create_db.py] - База данных создана
2026-04-22 09:04:27 - INFO - [database\setup_db\create_db.py] - База данных создана
2026-04-22 09:05:03 - INFO - [database\setup_db\create_db.py] - База данных создана
2026-04-22 09:07:50 - INFO - [database\setup_db\create_db.py] - База данных создана
2026-04-22 09:08:45 - INFO - [database\setup_db\create_db.py] - База данных создана
2026-04-22 09:08:58 - INFO - [database\setup_db\create_db.py] - База данных создана
2026-04-22 09:09:04 - INFO - [database\setup_db\create_db.py] - База данных создана
2026-04-22 09:09:09 - INFO - [database\setup_db\create_db.py] - База данных создана
2026-04-22 09:09:17 - INFO - [database\setup_db\create_db.py] - База данных создана
2026-04-22 09:09:54 - INFO - [database\setup_db\create_db.py] - База данных создана
2026-04-22 09:10:36 - INFO - [database\setup_db\create_db.py] - База данных создана
2026-04-22 09:12:08 - INFO - [database\setup_db\create_db.py] - База данных создана
2026-04-22 09:12:18 - INFO - [database\setup_db\create_db.py] - База данных создана
2026-04-22 09:12:41 - INFO - [database\setup_db\create_db.py] - База данных создана
2026-04-22 10:25:14 - INFO - [database\setup_db\create_db.py] - База данных создана
2026-04-22 10:25:15 - INFO - [database\setup_db\create_db.py] - База данных создана
2026-04-22 10:25:56 - INFO - [database\setup_db\create_db.py] - База данных создана
2026-04-22 10:25:57 - INFO - [database\setup_db\create_db.py] - База данных создана
2026-04-22 10:42:53 - INFO - [database\setup_db\create_db.py] - База данных создана
2026-04-22 10:42:54 - INFO - [database\setup_db\create_db.py] - База данных создана
2026-04-22 10:43:41 - INFO - [database\setup_db\create_db.py] - База данных создана
2026-04-22 10:43:42 - INFO - [database\setup_db\create_db.py] - База данных создана
2026-04-22 10:44:10 - INFO - [database\setup_db\create_db.py] - База данных создана
2026-04-22 10:44:16 - INFO - [database\setup_db\create_db.py] - База данных создана
2026-04-22 10:47:34 - INFO - [database\setup_db\create_db.py] - База данных создана
2026-04-22 10:47:34 - INFO - [database\setup_db\create_db.py] - База данных создана
2026-04-22 10:48:06 - INFO - [database\setup_db\create_db.py] - База данных создана
2026-04-22 10:48:24 - INFO - [database\setup_db\create_db.py] - База данных создана
2026-04-22 10:48:47 - INFO - [database\setup_db\create_db.py] - База данных создана
2026-04-22 10:49:17 - INFO - [database\setup_db\create_db.py] - База данных создана
2026-04-22 10:51:23 - INFO - [database\setup_db\create_db.py] - База данных создана
2026-04-22 10:52:53 - INFO - [database\setup_db\create_db.py] - База данных создана
2026-04-22 10:53:14 - INFO - [database\setup_db\create_db.py] - База данных создана
2026-04-22 10:57:12 - INFO - [database\setup_db\create_db.py] - База данных создана
2026-04-22 10:57:13 - INFO - [database\setup_db\create_db.py] - База данных создана
2026-04-22 10:57:31 - INFO - [database\setup_db\create_db.py] - База данных создана
2026-04-22 10:57:32 - INFO - [database\setup_db\create_db.py] - База данных создана
2026-04-22 10:57:36 - INFO - [database\setup_db\create_db.py] - База данных создана
2026-04-22 10:57:36 - INFO - [database\setup_db\create_db.py] - База данных создана
2026-04-22 10:58:10 - INFO - [database\setup_db\create_db.py] - База данных создана
2026-04-22 10:58:11 - INFO - [database\setup_db\create_db.py] - База данных создана
2026-04-22 10:58:34 - INFO - [database\setup_db\create_db.py] - База данных создана
2026-04-22 10:58:56 - INFO - [database\setup_db\create_db.py] - База данных создана
2026-04-22 10:59:34 - INFO - [database\setup_db\create_db.py] - База данных создана
2026-04-22 10:59:59 - INFO - [database\setup_db\create_db.py] - База данных создана
2026-04-22 11:00:00 - INFO - [database\setup_db\create_db.py] - База данных создана
2026-04-22 11:00:18 - INFO - [database\setup_db\create_db.py] - База данных создана
2026-04-22 11:00:19 - INFO - [database\setup_db\create_db.py] - База данных создана
2026-04-22 11:00:32 - INFO - [database\setup_db\create_db.py] - База данных создана
2026-04-22 11:00:44 - INFO - [database\setup_db\create_db.py] - База данных создана
2026-04-22 11:00:52 - INFO - [database\setup_db\create_db.py] - База данных создана
2026-04-22 11:00:53 - INFO - [database\setup_db\create_db.py] - База данных создана
2026-04-22 11:01:21 - INFO - [database\setup_db\create_db.py] - База данных создана
2026-04-22 11:01:25 - INFO - [database\setup_db\create_db.py] - База данных создана
2026-04-22 11:01:55 - INFO - [database\setup_db\create_db.py] - База данных создана
2026-04-22 11:02:07 - INFO - [database\setup_db\create_db.py] - База данных создана
2026-04-22 11:03:52 - INFO - [database\setup_db\create_db.py] - База данных создана
2026-04-22 11:03:53 - INFO - [database\setup_db\create_db.py] - База данных создана
2026-04-23 06:26:54 - INFO - [database\setup_db\create_db.py] - База данных создана
2026-04-23 06:26:55 - INFO - [database\setup_db\create_db.py] - База данных создана
2026-04-23 07:21:02 - INFO - [database\setup_db\create_db.py] - База данных создана
2026-04-23 07:21:02 - INFO - [database\setup_db\create_db.py] - База данных создана
2026-04-23 07:42:22 - INFO - [database\setup_db\create_db.py] - База данных создана
2026-04-23 07:42:23 - INFO - [database\setup_db\create_db.py] - База данных создана
2026-04-23 07:43:05 - INFO - [database\setup_db\create_db.py] - База данных создана
2026-04-23 07:43:06 - INFO - [database\setup_db\create_db.py] - База данных создана
2026-04-23 07:49:15 - INFO - [database\setup_db\create_db.py] - База данных создана
2026-04-23 07:49:16 - INFO - [database\setup_db\create_db.py] - База данных создана
2026-04-23 07:50:00 - INFO - [database\setup_db\create_db.py] - База данных создана
2026-04-23 07:50:01 - INFO - [database\setup_db\create_db.py] - База данных создана
2026-04-23 07:50:16 - INFO - [database\setup_db\create_db.py] - База данных создана
2026-04-23 07:51:59 - INFO - [database\setup_db\create_db.py] - База данных создана
2026-04-23 07:52:09 - INFO - [database\setup_db\create_db.py] - База данных создана
2026-04-23 07:53:16 - INFO - [database\setup_db\create_db.py] - База данных создана
2026-04-23 07:53:38 - INFO - [database\setup_db\create_db.py] - База данных создана
2026-04-23 07:53:55 - INFO - [database\setup_db\create_db.py] - База данных создана
2026-04-23 07:54:10 - INFO - [database\setup_db\create_db.py] - База данных создана
2026-04-23 09:16:13 - INFO - [database\setup_db\create_db.py] - База данных создана
2026-04-23 09:16:14 - INFO - [database\setup_db\create_db.py] - База данных создана
2026-04-23 09:35:23 - INFO - [database\setup_db\create_db.py] - База данных создана
2026-04-23 09:35:24 - INFO - [database\setup_db\create_db.py] - База данных создана
2026-04-23 13:42:27 - INFO - [database\setup_db\create_db.py] - База данных создана
2026-04-23 13:42:28 - INFO - [database\setup_db\create_db.py] - База данных создана
2026-04-23 13:51:07 - INFO - [database\setup_db\create_db.py] - База данных создана
2026-04-23 13:51:07 - INFO - [database\setup_db\create_db.py] - База данных создана
2026-04-23 13:53:10 - INFO - [database\setup_db\create_db.py] - База данных создана
2026-04-23 13:54:23 - INFO - [database\setup_db\create_db.py] - База данных создана
2026-04-23 13:54:44 - INFO - [database\setup_db\create_db.py] - База данных создана
2026-04-23 13:54:53 - INFO - [database\setup_db\create_db.py] - База данных создана
2026-04-23 13:55:03 - INFO - [database\setup_db\create_db.py] - База данных создана
2026-04-23 13:55:29 - INFO - [database\setup_db\create_db.py] - База данных создана
2026-04-23 13:55:39 - INFO - [database\setup_db\create_db.py] - База данных создана
2026-04-23 13:55:47 - INFO - [database\setup_db\create_db.py] - База данных создана
2026-04-23 13:56:04 - INFO - [database\setup_db\create_db.py] - База данных создана
2026-04-23 13:59:06 - INFO - [database\setup_db\create_db.py] - База данных создана
2026-04-23 13:59:30 - INFO - [database\setup_db\create_db.py] - База данных создана
2026-04-23 13:59:58 - INFO - [database\setup_db\create_db.py] - База данных создана
2026-04-23 14:00:03 - INFO - [database\setup_db\create_db.py] - База данных создана
2026-04-23 14:09:48 - INFO - [database\setup_db\create_db.py] - База данных создана
2026-04-23 14:11:49 - INFO - [database\setup_db\create_db.py] - База данных создана
2026-04-23 14:11:50 - INFO - [database\setup_db\create_db.py] - База данных создана
2026-04-23 14:21:06 - INFO - [database\setup_db\create_db.py] - База данных создана
2026-04-23 14:21:47 - INFO - [database\setup_db\create_db.py] - База данных создана
2026-04-23 14:21:57 - INFO - [database\setup_db\create_db.py] - База данных создана
2026-04-23 14:22:37 - INFO - [database\setup_db\create_db.py] - База данных создана
2026-04-23 14:28:12 - INFO - [database\setup_db\create_db.py] - База данных создана
2026-04-23 14:28:32 - INFO - [database\setup_db\create_db.py] - База данных создана
2026-04-23 14:30:45 - INFO - [database\setup_db\create_db.py] - База данных создана
2026-04-23 14:31:51 - INFO - [database\setup_db\create_db.py] - База данных создана
2026-04-23 14:38:42 - INFO - [database\setup_db\create_db.py] - База данных создана
2026-04-23 14:38:43 - INFO - [database\setup_db\create_db.py] - База данных создана
2026-04-23 14:38:57 - INFO - [database\setup_db\create_db.py] - База данных создана
2026-04-23 14:39:05 - INFO - [database\setup_db\create_db.py] - База данных создана
2026-04-23 14:39:38 - INFO - [database\setup_db\create_db.py] - База данных создана
2026-04-23 14:40:14 - INFO - [database\setup_db\create_db.py] - База данных создана
2026-04-23 14:40:15 - INFO - [database\setup_db\create_db.py] - База данных создана
2026-04-23 14:40:39 - INFO - [database\setup_db\create_db.py] - База данных создана
2026-04-23 14:40:53 - INFO - [database\setup_db\create_db.py] - База данных создана
2026-04-23 14:41:37 - INFO - [database\setup_db\create_db.py] - База данных создана
2026-04-23 14:42:05 - INFO - [database\setup_db\create_db.py] - База данных создана
2026-04-23 14:42:51 - INFO - [database\setup_db\create_db.py] - База данных создана
2026-04-23 14:42:52 - INFO - [database\setup_db\create_db.py] - База данных создана
2026-04-23 14:43:36 - INFO - [database\setup_db\create_db.py] - База данных создана
2026-04-23 14:43:44 - INFO - [database\setup_db\create_db.py] - База данных создана
2026-04-23 14:43:56 - INFO - [database\setup_db\create_db.py] - База данных создана
2026-04-23 14:49:26 - INFO - [database\setup_db\create_db.py] - База данных создана
2026-04-23 14:50:29 - INFO - [database\setup_db\create_db.py] - База данных создана
2026-04-23 14:55:31 - INFO - [database\setup_db\create_db.py] - База данных создана
2026-04-23 14:57:09 - INFO - [database\setup_db\create_db.py] - База данных создана
2026-04-23 14:57:43 - INFO - [database\setup_db\create_db.py] - База данных создана
2026-04-23 14:58:14 - INFO - [database\setup_db\create_db.py] - База данных создана
2026-04-23 15:09:45 - INFO - [database\setup_db\create_db.py] - База данных создана
2026-04-23 15:10:10 - INFO - [database\setup_db\create_db.py] - База данных создана
2026-04-23 15:13:18 - INFO - [database\setup_db\create_db.py] - База данных создана
2026-04-23 15:13:39 - INFO - [database\setup_db\create_db.py] - База данных создана
2026-04-23 15:35:33 - INFO - [database\setup_db\create_db.py] - База данных создана
2026-04-23 15:35:34 - INFO - [database\setup_db\create_db.py] - База данных создана
2026-04-23 15:36:20 - INFO - [database\setup_db\create_db.py] - База данных создана
2026-04-23 15:36:40 - INFO - [database\setup_db\create_db.py] - База данных создана
2026-04-23 15:36:56 - INFO - [database\setup_db\create_db.py] - База данных создана
2026-04-23 15:37:16 - INFO - [database\setup_db\create_db.py] - База данных создана
2026-04-23 15:37:30 - INFO - [database\setup_db\create_db.py] - База данных создана
2026-04-24 05:12:02 - INFO - [database\setup_db\create_db.py] - База данных создана
2026-04-24 05:12:03 - INFO - [database\setup_db\create_db.py] - База данных создана
2026-04-24 05:51:14 - INFO - [database\setup_db\create_db.py] - База данных создана
2026-04-24 06:15:58 - INFO - [database\setup_db\create_db.py] - База данных создана
2026-04-24 06:15:59 - INFO - [database\setup_db\create_db.py] - База данных создана
2026-04-24 06:19:23 - INFO - [database\setup_db\create_db.py] - База данных создана
2026-04-24 06:21:36 - INFO - [database\setup_db\create_db.py] - База данных создана
2026-04-24 06:22:57 - INFO - [database\setup_db\create_db.py] - База данных создана
2026-04-24 06:23:37 - INFO - [database\setup_db\create_db.py] - База данных создана
2026-04-24 08:22:36 - INFO - [database\setup_db\create_db.py] - База данных создана
2026-04-24 08:22:37 - INFO - [database\setup_db\create_db.py] - База данных создана
2026-04-24 08:25:39 - INFO - [database\setup_db\create_db.py] - База данных создана
2026-04-24 08:31:15 - INFO - [database\setup_db\create_db.py] - База данных создана
2026-04-26 03:39:51 - INFO - [database\setup_db\create_db.py] - База данных создана
2026-04-26 03:39:52 - INFO - [database\setup_db\create_db.py] - База данных создана
2026-04-26 03:43:12 - INFO - [database\setup_db\create_db.py] - База данных создана
2026-04-26 03:43:32 - INFO - [database\setup_db\create_db.py] - База данных создана
2026-04-26 03:44:23 - INFO - [database\setup_db\create_db.py] - База данных создана
2026-04-26 03:44:51 - INFO - [database\setup_db\create_db.py] - База данных создана
2026-04-26 03:45:48 - INFO - [database\setup_db\create_db.py] - База данных создана
2026-04-26 03:46:41 - INFO - [database\setup_db\create_db.py] - База данных создана
2026-04-26 03:46:44 - INFO - [database\setup_db\create_db.py] - База данных создана
2026-04-26 03:49:08 - INFO - [database\setup_db\create_db.py] - База данных создана
2026-04-26 03:49:57 - INFO - [database\setup_db\create_db.py] - База данных создана
2026-04-26 03:50:03 - INFO - [database\setup_db\create_db.py] - База данных создана
2026-04-26 03:50:31 - INFO - [database\setup_db\create_db.py] - База данных создана
2026-04-26 03:50:37 - INFO - [database\setup_db\create_db.py] - База данных создана
2026-04-26 03:52:53 - INFO - [database\setup_db\create_db.py] - База данных создана
2026-04-26 03:53:34 - INFO - [database\setup_db\create_db.py] - База данных создана
2026-04-26 03:54:56 - INFO - [database\setup_db\create_db.py] - База данных создана
2026-04-26 03:55:45 - INFO - [database\setup_db\create_db.py] - База данных создана
2026-04-26 03:56:54 - INFO - [database\setup_db\create_db.py] - База данных создана
2026-04-26 05:08:10 - INFO - [database\setup_db\create_db.py] - База данных создана
2026-04-26 05:08:11 - INFO - [database\setup_db\create_db.py] - База данных создана
2026-04-26 05:09:21 - INFO - [database\setup_db\create_db.py] - База данных создана
2026-04-26 05:09:22 - INFO - [database\setup_db\create_db.py] - База данных создана
2026-04-26 05:43:48 - INFO - [database\setup_db\create_db.py] - База данных создана
2026-04-26 05:43:49 - INFO - [database\setup_db\create_db.py] - База данных создана
2026-04-26 05:45:06 - INFO - [database\setup_db\create_db.py] - База данных создана
2026-04-26 05:48:38 - INFO - [database\setup_db\create_db.py] - База данных создана
2026-04-26 05:51:14 - INFO - [database\setup_db\create_db.py] - База данных создана
2026-04-26 05:51:15 - INFO - [database\setup_db\create_db.py] - База данных создана
2026-04-26 05:51:53 - INFO - [database\setup_db\create_db.py] - База данных создана
2026-04-26 05:51:59 - INFO - [database\setup_db\create_db.py] - База данных создана
2026-04-26 05:53:37 - INFO - [database\setup_db\create_db.py] - База данных создана
2026-04-26 05:54:08 - INFO - [database\setup_db\create_db.py] - База данных создана
2026-04-26 05:54:10 - INFO - [database\setup_db\create_db.py] - База данных создана
2026-04-26 05:54:33 - INFO - [database\setup_db\create_db.py] - База данных создана
2026-04-26 05:55:05 - INFO - [database\setup_db\create_db.py] - База данных создана
2026-04-26 05:56:50 - INFO - [database\setup_db\create_db.py] - База данных создана
2026-04-26 05:57:34 - INFO - [database\setup_db\create_db.py] - База данных создана
2026-04-26 06:38:30 - INFO - [database\setup_db\create_db.py] - База данных создана
2026-04-26 06:38:31 - INFO - [database\setup_db\create_db.py] - База данных создана
2026-04-26 06:49:16 - INFO - [database\setup_db\create_db.py] - База данных создана
2026-04-26 06:49:17 - INFO - [database\setup_db\create_db.py] - База данных создана
2026-04-26 06:52:46 - INFO - [database\setup_db\create_db.py] - База данных создана
2026-04-26 06:52:47 - INFO - [database\setup_db\create_db.py] - База данных создана
2026-04-26 07:01:43 - INFO - [database\setup_db\create_db.py] - База данных создана
2026-04-26 07:01:44 - INFO - [database\setup_db\create_db.py] - База данных создана
2026-04-26 07:03:53 - INFO - [database\setup_db\create_db.py] - База данных создана
2026-04-26 07:03:54 - INFO - [database\setup_db\create_db.py] - База данных создана
2026-04-26 07:04:59 - INFO - [database\setup_db\create_db.py] - База данных создана
2026-04-26 07:10:03 - INFO - [database\setup_db\create_db.py] - База данных создана
2026-04-26 07:10:04 - INFO - [database\setup_db\create_db.py] - База данных создана
2026-04-26 07:11:30 - INFO - [database\setup_db\create_db.py] - База данных создана
2026-04-26 07:12:33 - INFO - [database\setup_db\create_db.py] - База данных создана
2026-04-26 07:12:49 - INFO - [database\setup_db\create_db.py] - База данных создана
2026-04-26 07:14:39 - INFO - [database\setup_db\create_db.py] - База данных создана
2026-04-26 07:15:01 - INFO - [database\setup_db\create_db.py] - База данных создана
2026-04-26 07:15:17 - INFO - [database\setup_db\create_db.py] - База данных создана
2026-04-26 07:15:18 - INFO - [database\setup_db\create_db.py] - База данных создана
2026-04-26 07:16:44 - INFO - [database\setup_db\create_db.py] - База данных создана
2026-04-26 07:17:31 - INFO - [database\setup_db\create_db.py] - База данных создана
2026-04-26 08:16:25 - INFO - [database\setup_db\create_db.py] - База данных создана
2026-04-26 08:16:26 - INFO - [database\setup_db\create_db.py] - База данных создана
2026-04-26 08:17:06 - INFO - [database\setup_db\create_db.py] - База данных создана
2026-04-26 08:17:58 - INFO - [database\setup_db\create_db.py] - База данных создана
2026-04-26 08:19:06 - INFO - [database\setup_db\create_db.py] - База данных создана
2026-04-26 08:23:12 - INFO - [database\setup_db\create_db.py] - База данных создана
2026-04-26 08:23:33 - INFO - [database\setup_db\create_db.py] - База данных создана
2026-04-26 08:24:21 - INFO - [database\setup_db\create_db.py] - База данных создана
2026-04-26 08:24:46 - INFO - [database\setup_db\create_db.py] - База данных создана
2026-04-26 08:25:12 - INFO - [database\setup_db\create_db.py] - База данных создана
2026-04-26 08:25:38 - INFO - [database\setup_db\create_db.py] - База данных создана
2026-04-26 08:26:11 - INFO - [database\setup_db\create_db.py] - База данных создана
2026-04-26 08:32:58 - INFO - [database\setup_db\create_db.py] - База данных создана
2026-04-26 08:33:17 - INFO - [database\setup_db\create_db.py] - База данных создана
2026-04-26 08:33:27 - INFO - [database\setup_db\create_db.py] - База данных создана
2026-04-26 08:33:42 - INFO - [database\setup_db\create_db.py] - База данных создана
2026-04-26 08:33:50 - INFO - [database\setup_db\create_db.py] - База данных создана
2026-04-26 08:57:48 - INFO - [database\setup_db\create_db.py] - База данных создана
2026-04-26 08:57:49 - INFO - [database\setup_db\create_db.py] - База данных создана
2026-04-26 09:23:14 - INFO - [database\setup_db\create_db.py] - База данных создана
2026-04-26 09:23:15 - INFO - [database\setup_db\create_db.py] - База данных создана
2026-04-26 09:28:19 - INFO - [database\setup_db\create_db.py] - База данных создана
2026-04-26 09:28:20 - INFO - [database\setup_db\create_db.py] - База данных создана
2026-04-26 09:36:32 - INFO - [database\setup_db\create_db.py] - База данных создана
2026-04-26 09:36:33 - INFO - [database\setup_db\create_db.py] - База данных создана
2026-04-26 09:40:35 - INFO - [database\setup_db\create_db.py] - База данных создана
2026-04-26 09:41:33 - INFO - [database\setup_db\create_db.py] - База данных создана
2026-04-26 09:41:43 - INFO - [database\setup_db\create_db.py] - База данных создана
2026-04-26 09:43:27 - INFO - [database\setup_db\create_db.py] - База данных создана
2026-04-26 09:46:39 - INFO - [database\setup_db\create_db.py] - База данных создана
2026-04-26 09:54:05 - INFO - [database\setup_db\create_db.py] - База данных создана
2026-04-26 09:54:06 - INFO - [database\setup_db\create_db.py] - База данных создана
2026-04-26 10:04:08 - INFO - [database\setup_db\create_db.py] - База данных создана
2026-04-26 10:05:15 - INFO - [database\setup_db\create_db.py] - База данных создана
2026-04-26 10:22:18 - INFO - [database\setup_db\create_db.py] - База данных создана
2026-04-26 10:22:19 - INFO - [database\setup_db\create_db.py] - База данных создана
2026-04-26 10:35:55 - INFO - [database\setup_db\create_db.py] - База данных создана
2026-04-26 10:36:22 - INFO - [database\setup_db\create_db.py] - База данных создана
2026-04-26 10:42:37 - INFO - [database\setup_db\create_db.py] - База данных создана
2026-04-26 10:42:38 - INFO - [database\setup_db\create_db.py] - База данных создана
2026-04-27 05:07:26 - INFO - [database\setup_db\create_db.py] - База данных создана
2026-04-27 05:07:27 - INFO - [database\setup_db\create_db.py] - База данных создана
2026-04-27 05:40:47 - INFO - [database\setup_db\create_db.py] - База данных создана
2026-04-27 05:40:48 - INFO - [database\setup_db\create_db.py] - База данных создана
2026-04-27 06:02:15 - INFO - [database\setup_db\create_db.py] - База данных создана
2026-04-27 06:02:16 - INFO - [database\setup_db\create_db.py] - База данных создана
2026-04-27 06:02:43 - INFO - [database\setup_db\create_db.py] - База данных создана
2026-04-27 07:11:52 - INFO - [database\setup_db\create_db.py] - База данных создана
2026-04-27 07:11:53 - INFO - [database\setup_db\create_db.py] - База данных создана
2026-04-27 07:14:07 - INFO - [database\setup_db\create_db.py] - База данных создана
2026-04-27 07:17:11 - INFO - [database\setup_db\create_db.py] - База данных создана
2026-04-27 07:20:38 - INFO - [database\setup_db\create_db.py] - База данных создана
2026-04-27 07:21:36 - INFO - [database\setup_db\create_db.py] - База данных создана
2026-04-27 07:23:34 - INFO - [database\setup_db\create_db.py] - База данных создана
2026-04-27 07:25:35 - INFO - [database\setup_db\create_db.py] - База данных создана
2026-04-27 07:26:52 - INFO - [database\setup_db\create_db.py] - База данных создана
2026-04-27 07:28:25 - INFO - [database\setup_db\create_db.py] - База данных создана
2026-04-27 07:28:43 - INFO - [database\setup_db\create_db.py] - База данных создана
2026-04-27 07:28:52 - INFO - [database\setup_db\create_db.py] - База данных создана
2026-04-27 07:29:51 - INFO - [database\setup_db\create_db.py] - База данных создана
2026-04-27 07:30:03 - INFO - [database\setup_db\create_db.py] - База данных создана
2026-04-27 07:30:23 - INFO - [database\setup_db\create_db.py] - База данных создана
2026-04-27 07:31:26 - INFO - [database\setup_db\create_db.py] - База данных создана
2026-04-27 07:37:47 - INFO - [database\setup_db\create_db.py] - База данных создана
2026-04-27 07:37:48 - INFO - [database\setup_db\create_db.py] - База данных создана
2026-04-27 07:39:07 - INFO - [database\setup_db\create_db.py] - База данных создана
2026-04-27 07:39:36 - INFO - [database\setup_db\create_db.py] - База данных создана
2026-04-27 07:41:51 - INFO - [database\setup_db\create_db.py] - База данных создана
2026-04-27 07:41:52 - INFO - [database\setup_db\create_db.py] - База данных создана
2026-04-27 07:42:28 - INFO - [database\setup_db\create_db.py] - База данных создана
2026-04-27 07:50:18 - INFO - [database\setup_db\create_db.py] - База данных создана
2026-04-27 07:58:47 - INFO - [database\setup_db\create_db.py] - База данных создана
2026-04-27 08:00:52 - INFO - [database\setup_db\create_db.py] - База данных создана
2026-04-27 08:02:52 - INFO - [database\setup_db\create_db.py] - База данных создана
2026-04-27 08:08:38 - INFO - [database\setup_db\create_db.py] - База данных создана
2026-04-27 08:09:42 - INFO - [database\setup_db\create_db.py] - База данных создана
2026-04-27 08:10:47 - INFO - [database\setup_db\create_db.py] - База данных создана
2026-04-27 08:11:28 - INFO - [database\setup_db\create_db.py] - База данных создана
2026-04-27 08:11:29 - INFO - [database\setup_db\create_db.py] - База данных создана
2026-04-27 08:12:49 - INFO - [database\setup_db\create_db.py] - База данных создана
2026-04-27 08:13:07 - INFO - [database\setup_db\create_db.py] - База данных создана
2026-04-27 08:24:41 - INFO - [database\setup_db\create_db.py] - База данных создана
2026-04-27 08:24:51 - INFO - [database\setup_db\create_db.py] - База данных создана
2026-04-27 08:24:51 - INFO - [database\setup_db\create_db.py] - База данных создана
2026-04-27 08:25:09 - INFO - [database\setup_db\create_db.py] - База данных создана
2026-04-27 08:25:10 - INFO - [database\setup_db\create_db.py] - База данных создана
2026-04-27 08:25:31 - INFO - [database\setup_db\create_db.py] - База данных создана
2026-04-27 09:14:09 - INFO - [database\setup_db\create_db.py] - База данных создана
2026-04-27 09:14:10 - INFO - [database\setup_db\create_db.py] - База данных создана
2026-04-27 09:14:57 - INFO - [database\setup_db\create_db.py] - База данных создана
2026-04-27 09:14:58 - INFO - [database\setup_db\create_db.py] - База данных создана
2026-04-27 09:15:55 - INFO - [database\setup_db\create_db.py] - База данных создана
2026-04-27 09:15:56 - INFO - [database\setup_db\create_db.py] - База данных создана
2026-04-27 09:17:19 - INFO - [database\setup_db\create_db.py] - База данных создана
2026-04-27 09:17:20 - INFO - [database\setup_db\create_db.py] - База данных создана
2026-04-27 09:19:59 - INFO - [database\setup_db\create_db.py] - База данных создана
2026-04-27 09:20:00 - INFO - [database\setup_db\create_db.py] - База данных создана
2026-04-27 09:20:38 - INFO - [database\setup_db\create_db.py] - База данных создана
2026-04-27 09:36:17 - INFO - [database\setup_db\create_db.py] - База данных создана
2026-04-27 09:36:18 - INFO - [database\setup_db\create_db.py] - База данных создана
2026-04-27 09:41:48 - INFO - [database\setup_db\create_db.py] - База данных создана
2026-04-28 04:43:23 - INFO - [database\setup_db\create_db.py] - База данных создана
2026-04-28 04:43:25 - INFO - [database\setup_db\create_db.py] - База данных создана
2026-04-28 04:49:15 - INFO - [database\setup_db\create_db.py] - База данных создана
2026-04-28 04:51:36 - INFO - [database\setup_db\create_db.py] - База данных создана
2026-04-28 04:51:55 - INFO - [database\setup_db\create_db.py] - База данных создана
2026-04-28 04:57:23 - INFO - [database\setup_db\create_db.py] - База данных создана
2026-04-28 04:57:24 - INFO - [database\setup_db\create_db.py] - База данных создана
2026-04-28 05:25:59 - INFO - [database\setup_db\create_db.py] - База данных создана
2026-04-28 05:26:00 - INFO - [database\setup_db\create_db.py] - База данных создана
2026-04-28 07:33:12 - INFO - [database\setup_db\create_db.py] - База данных создана
2026-04-28 07:33:13 - INFO - [database\setup_db\create_db.py] - База данных создана
2026-04-28 07:35:19 - INFO - [database\setup_db\create_db.py] - База данных создана
2026-04-28 07:39:13 - INFO - [database\setup_db\create_db.py] - База данных создана
2026-04-28 07:49:29 - INFO - [database\setup_db\create_db.py] - База данных создана
2026-04-28 07:49:30 - INFO - [database\setup_db\create_db.py] - База данных создана
2026-04-28 07:50:32 - INFO - [database\setup_db\create_db.py] - База данных создана
2026-04-28 07:51:09 - INFO - [database\setup_db\create_db.py] - База данных создана
2026-04-28 07:53:10 - INFO - [database\setup_db\create_db.py] - База данных создана
2026-04-28 07:53:55 - INFO - [database\setup_db\create_db.py] - База данных создана
2026-04-28 07:53:56 - INFO - [database\setup_db\create_db.py] - База данных создана
2026-04-28 07:55:40 - INFO - [database\setup_db\create_db.py] - База данных создана
2026-04-28 07:55:41 - INFO - [database\setup_db\create_db.py] - База данных создана
2026-04-28 07:58:33 - INFO - [database\setup_db\create_db.py] - База данных создана
2026-04-28 07:58:34 - INFO - [database\setup_db\create_db.py] - База данных создана
2026-04-28 08:00:02 - INFO - [database\setup_db\create_db.py] - База данных создана
2026-04-28 08:01:16 - INFO - [database\setup_db\create_db.py] - База данных создана
2026-04-28 08:03:19 - INFO - [database\setup_db\create_db.py] - База данных создана
2026-04-28 08:03:20 - INFO - [database\setup_db\create_db.py] - База данных создана
2026-04-28 08:05:40 - INFO - [database\setup_db\create_db.py] - База данных создана
2026-04-28 08:06:16 - INFO - [database\setup_db\create_db.py] - База данных создана
2026-04-28 08:07:16 - INFO - [database\setup_db\create_db.py] - База данных создана
2026-04-28 08:07:19 - INFO - [database\setup_db\create_db.py] - База данных создана
2026-04-28 08:07:28 - INFO - [database\setup_db\create_db.py] - База данных создана
2026-04-28 08:10:39 - INFO - [database\setup_db\create_db.py] - База данных создана
2026-04-28 08:13:30 - INFO - [database\setup_db\create_db.py] - База данных создана
2026-04-28 08:14:30 - INFO - [database\setup_db\create_db.py] - База данных создана
2026-04-28 08:15:18 - INFO - [database\setup_db\create_db.py] - База данных создана
2026-04-28 08:36:57 - INFO - [database\setup_db\create_db.py] - База данных создана
2026-04-28 08:36:58 - INFO - [database\setup_db\create_db.py] - База данных создана
2026-04-28 08:37:03 - INFO - [database\setup_db\create_db.py] - База данных создана
2026-04-28 08:37:04 - INFO - [database\setup_db\create_db.py] - База данных создана
2026-04-28 08:43:13 - INFO - [database\setup_db\create_db.py] - База данных создана
2026-04-28 13:00:56 - INFO - [database\setup_db\create_db.py] - База данных создана
2026-04-28 13:00:57 - INFO - [database\setup_db\create_db.py] - База данных создана
2026-04-28 13:06:52 - INFO - [database\setup_db\create_db.py] - База данных создана
2026-04-28 13:07:57 - INFO - [database\setup_db\create_db.py] - База данных создана
2026-04-28 13:09:06 - INFO - [database\setup_db\create_db.py] - База данных создана
2026-04-28 13:09:33 - INFO - [database\setup_db\create_db.py] - База данных создана
2026-04-28 13:10:15 - INFO - [database\setup_db\create_db.py] - База данных создана
2026-04-28 13:11:41 - INFO - [database\setup_db\create_db.py] - База данных создана
2026-04-28 13:12:56 - INFO - [database\setup_db\create_db.py] - База данных создана
2026-04-28 13:13:18 - INFO - [database\setup_db\create_db.py] - База данных создана
2026-04-28 13:13:53 - INFO - [database\setup_db\create_db.py] - База данных создана
2026-04-28 13:14:29 - INFO - [database\setup_db\create_db.py] - База данных создана
2026-04-28 13:19:17 - INFO - [database\setup_db\create_db.py] - База данных создана
2026-04-28 13:20:12 - INFO - [database\setup_db\create_db.py] - База данных создана
2026-04-28 13:21:33 - INFO - [database\setup_db\create_db.py] - База данных создана
2026-04-28 13:25:10 - INFO - [database\setup_db\create_db.py] - База данных создана
2026-04-28 13:25:11 - INFO - [database\setup_db\create_db.py] - База данных создана
2026-04-28 13:27:08 - INFO - [database\setup_db\create_db.py] - База данных создана
2026-04-28 13:27:19 - INFO - [database\setup_db\create_db.py] - База данных создана
2026-04-28 13:27:30 - INFO - [database\setup_db\create_db.py] - База данных создана
2026-04-28 13:28:25 - INFO - [database\setup_db\create_db.py] - База данных создана
2026-04-28 13:32:03 - INFO - [database\setup_db\create_db.py] - База данных создана
2026-04-28 14:24:22 - INFO - [database\setup_db\create_db.py] - База данных создана
2026-04-28 14:24:23 - INFO - [database\setup_db\create_db.py] - База данных создана
2026-04-28 14:25:27 - INFO - [database\setup_db\create_db.py] - База данных создана
2026-04-28 14:25:30 - INFO - [database\setup_db\create_db.py] - База данных создана
2026-04-28 14:27:55 - INFO - [database\setup_db\create_db.py] - База данных создана
2026-04-28 14:35:06 - INFO - [database\setup_db\create_db.py] - База данных создана
2026-04-28 14:35:07 - INFO - [database\setup_db\create_db.py] - База данных создана
2026-04-28 14:37:28 - INFO - [database\setup_db\create_db.py] - База данных создана
2026-04-28 14:37:32 - INFO - [database\setup_db\create_db.py] - База данных создана
2026-04-28 14:40:35 - INFO - [database\setup_db\create_db.py] - База данных создана
2026-04-28 17:23:15 - INFO - [database\setup_db\create_db.py] - База данных создана
2026-04-28 17:23:16 - INFO - [database\setup_db\create_db.py] - База данных создана
2026-04-28 17:26:14 - INFO - [database\setup_db\create_db.py] - База данных создана
2026-04-28 17:31:35 - INFO - [database\setup_db\create_db.py] - База данных создана
2026-04-28 17:31:36 - INFO - [database\setup_db\create_db.py] - База данных создана
2026-04-28 17:32:13 - INFO - [database\setup_db\create_db.py] - База данных создана
2026-04-28 17:33:07 - INFO - [database\setup_db\create_db.py] - База данных создана
2026-04-28 17:33:08 - INFO - [database\setup_db\create_db.py] - База данных создана
2026-04-28 17:38:21 - INFO - [database\setup_db\create_db.py] - База данных создана
2026-04-28 17:38:22 - INFO - [database\setup_db\create_db.py] - База данных создана
2026-04-28 17:41:00 - INFO - [database\setup_db\create_db.py] - База данных создана
2026-04-28 17:41:01 - INFO - [database\setup_db\create_db.py] - База данных создана
2026-04-28 18:19:49 - INFO - [database\setup_db\create_db.py] - База данных создана
2026-04-28 18:19:50 - INFO - [database\setup_db\create_db.py] - База данных создана
2026-04-28 18:23:24 - INFO - [database\setup_db\create_db.py] - База данных создана
2026-04-28 18:24:05 - INFO - [database\setup_db\create_db.py] - База данных создана
2026-04-28 18:24:22 - INFO - [database\setup_db\create_db.py] - База данных создана
2026-04-28 18:25:39 - INFO - [database\setup_db\create_db.py] - База данных создана
2026-04-28 18:26:07 - INFO - [database\setup_db\create_db.py] - База данных создана
2026-04-28 18:27:08 - INFO - [database\setup_db\create_db.py] - База данных создана
2026-04-28 18:28:17 - INFO - [database\setup_db\create_db.py] - База данных создана
2026-04-28 18:29:01 - INFO - [database\setup_db\create_db.py] - База данных создана
2026-04-28 18:29:22 - INFO - [database\setup_db\create_db.py] - База данных создана
2026-04-28 18:29:42 - INFO - [database\setup_db\create_db.py] - База данных создана
2026-04-28 18:30:35 - INFO - [database\setup_db\create_db.py] - База данных создана
2026-04-28 18:31:11 - INFO - [database\setup_db\create_db.py] - База данных создана
2026-04-29 03:56:39 - INFO - [database\setup_db\create_db.py] - База данных создана
2026-04-29 03:56:40 - INFO - [database\setup_db\create_db.py] - База данных создана
2026-04-29 03:58:21 - INFO - [database\setup_db\create_db.py] - База данных создана
2026-04-29 04:00:53 - INFO - [database\setup_db\create_db.py] - База данных создана
2026-04-29 04:05:55 - INFO - [database\setup_db\create_db.py] - База данных создана
2026-04-29 04:05:56 - INFO - [database\setup_db\create_db.py] - База данных создана
2026-04-29 04:06:29 - INFO - [database\setup_db\create_db.py] - База данных создана
2026-04-29 04:07:07 - INFO - [database\setup_db\create_db.py] - База данных создана
2026-04-29 04:07:08 - INFO - [database\setup_db\create_db.py] - База данных создана
2026-04-29 04:09:09 - INFO - [database\setup_db\create_db.py] - База данных создана
2026-04-29 04:09:10 - INFO - [database\setup_db\create_db.py] - База данных создана
2026-04-29 04:09:21 - INFO - [database\setup_db\create_db.py] - База данных создана
2026-04-29 04:09:22 - INFO - [database\setup_db\create_db.py] - База данных создана
2026-04-29 05:00:39 - INFO - [database\setup_db\create_db.py] - База данных создана
2026-04-29 05:00:40 - INFO - [database\setup_db\create_db.py] - База данных создана
2026-04-29 05:02:12 - INFO - [database\setup_db\create_db.py] - База данных создана
2026-04-29 05:02:42 - INFO - [database\setup_db\create_db.py] - База данных создана
2026-04-29 05:06:08 - INFO - [database\setup_db\create_db.py] - База данных создана
2026-04-29 05:06:23 - INFO - [database\setup_db\create_db.py] - База данных создана
2026-04-29 05:06:31 - INFO - [database\setup_db\create_db.py] - База данных создана
2026-04-29 05:08:24 - INFO - [database\setup_db\create_db.py] - База данных создана
2026-04-29 05:14:35 - INFO - [database\setup_db\create_db.py] - База данных создана
2026-04-29 05:21:45 - INFO - [database\setup_db\create_db.py] - База данных создана
2026-04-29 05:59:38 - INFO - [database\setup_db\create_db.py] - База данных создана
2026-04-29 05:59:39 - INFO - [database\setup_db\create_db.py] - База данных создана
2026-04-29 06:00:23 - INFO - [database\setup_db\create_db.py] - База данных создана
2026-04-29 06:01:29 - INFO - [database\setup_db\create_db.py] - База данных создана
2026-04-29 06:01:30 - INFO - [database\setup_db\create_db.py] - База данных создана
2026-04-29 06:02:43 - INFO - [database\setup_db\create_db.py] - База данных создана
2026-04-29 06:07:30 - INFO - [database\setup_db\create_db.py] - База данных создана
2026-04-29 06:07:31 - INFO - [database\setup_db\create_db.py] - База данных создана
2026-04-29 07:02:41 - INFO - [database\setup_db\create_db.py] - База данных создана
2026-04-29 07:02:42 - INFO - [database\setup_db\create_db.py] - База данных создана
2026-04-29 07:03:35 - INFO - [database\setup_db\create_db.py] - База данных создана
2026-04-29 07:03:36 - INFO - [database\setup_db\create_db.py] - База данных создана
2026-04-29 07:04:32 - INFO - [database\setup_db\create_db.py] - База данных создана
2026-04-29 07:04:33 - INFO - [database\setup_db\create_db.py] - База данных создана
2026-04-29 07:04:51 - INFO - [database\setup_db\create_db.py] - База данных создана
2026-04-29 07:04:52 - INFO - [database\setup_db\create_db.py] - База данных создана
2026-04-29 07:06:13 - INFO - [database\setup_db\create_db.py] - База данных создана
2026-04-29 07:06:14 - INFO - [database\setup_db\create_db.py] - База данных создана
2026-04-29 07:26:13 - INFO - [database\setup_db\create_db.py] - База данных создана
2026-04-29 07:26:14 - INFO - [database\setup_db\create_db.py] - База данных создана
2026-04-29 07:31:21 - INFO - [database\setup_db\create_db.py] - База данных создана
2026-04-29 07:33:00 - INFO - [database\setup_db\create_db.py] - База данных создана
2026-04-29 07:33:14 - INFO - [database\setup_db\create_db.py] - База данных создана
2026-04-29 07:33:30 - INFO - [database\setup_db\create_db.py] - База данных создана
2026-04-29 07:35:24 - INFO - [database\setup_db\create_db.py] - База данных создана
2026-04-29 08:08:24 - INFO - [database\setup_db\create_db.py] - База данных создана
2026-04-29 08:08:25 - INFO - [database\setup_db\create_db.py] - База данных создана
2026-04-29 08:11:13 - INFO - [database\setup_db\create_db.py] - База данных создана
2026-04-29 08:11:29 - INFO - [database\setup_db\create_db.py] - База данных создана
2026-04-29 08:13:59 - INFO - [database\setup_db\create_db.py] - База данных создана
2026-04-29 08:14:11 - INFO - [database\setup_db\create_db.py] - База данных создана
2026-04-29 08:14:47 - INFO - [database\setup_db\create_db.py] - База данных создана
2026-04-29 08:15:11 - INFO - [database\setup_db\create_db.py] - База данных создана
2026-04-29 12:49:40 - INFO - [database\setup_db\create_db.py] - База данных создана
2026-04-29 12:49:41 - INFO - [database\setup_db\create_db.py] - База данных создана
2026-04-29 12:50:43 - INFO - [database\setup_db\create_db.py] - База данных создана
2026-04-29 12:50:48 - INFO - [database\setup_db\create_db.py] - База данных создана
2026-04-29 12:51:13 - INFO - [database\setup_db\create_db.py] - База данных создана
2026-04-29 12:51:17 - INFO - [database\setup_db\create_db.py] - База данных создана
2026-04-29 12:51:57 - INFO - [database\setup_db\create_db.py] - База данных создана
2026-04-29 12:52:12 - INFO - [database\setup_db\create_db.py] - База данных создана
2026-04-29 12:52:51 - INFO - [database\setup_db\create_db.py] - База данных создана
2026-04-29 12:52:56 - INFO - [database\setup_db\create_db.py] - База данных создана
2026-04-29 12:53:15 - INFO - [database\setup_db\create_db.py] - База данных создана
2026-04-29 12:56:53 - INFO - [database\setup_db\create_db.py] - База данных создана
2026-04-29 12:57:03 - INFO - [database\setup_db\create_db.py] - База данных создана
2026-04-29 12:57:14 - INFO - [database\setup_db\create_db.py] - База данных создана
2026-04-29 12:57:30 - INFO - [database\setup_db\create_db.py] - База данных создана
2026-04-29 12:59:34 - INFO - [database\setup_db\create_db.py] - База данных создана
2026-04-29 12:59:53 - INFO - [database\setup_db\create_db.py] - База данных создана
2026-04-29 13:00:13 - INFO - [database\setup_db\create_db.py] - База данных создана
2026-04-29 13:00:22 - INFO - [database\setup_db\create_db.py] - База данных создана
2026-04-29 13:00:33 - INFO - [database\setup_db\create_db.py] - База данных создана
