2026-04-10 08:10:02 - INFO - [app.py] - Инициализация основных компонентов приложения
2026-04-10 08:10:02 - INFO - [setup_db\create_db.py] - База данных создана
2026-04-10 08:10:02 - INFO - [app.py] - Приложение запущено
2026-04-10 08:10:05 - INFO - [app.py] - Приложение остановлено
2026-04-10 09:09:13 - INFO - [app.py] - Инициализация основных компонентов приложения
2026-04-10 09:09:13 - INFO - [setup_db\create_db.py] - База данных создана
2026-04-10 09:09:13 - ERROR - [logic\api\OpenWeatherMap\weather.py] - Ошибка при проверке даты обновления данных: [Errno 2] No such file or directory: 'date_update.json'
2026-04-10 09:09:13 - INFO - [app.py] - Приложение запущено
2026-04-10 09:09:29 - INFO - [app.py] - Приложение остановлено
2026-04-10 09:10:00 - ERROR - [logic\api\OpenWeatherMap\weather.py] - Ошибка при проверке даты обновления данных: [Errno 2] No such file or directory: 'date_update.json'
2026-04-10 09:13:04 - ERROR - [logic\api\OpenWeatherMap\weather.py] - Ошибка при проверке даты обновления данных: [Errno 2] No such file or directory: 'date_update.json'
2026-04-10 09:14:51 - ERROR - [logic\api\OpenWeatherMap\weather.py] - Ошибка при проверке даты обновления данных: [Errno 2] No such file or directory: 'logic/api/OpenWeatherMap/date_update.json'
2026-04-10 09:17:21 - ERROR - [logic\api\OpenWeatherMap\weather.py] - Ошибка при записи данных в json файл: Object of type Function is not JSON serializable
2026-04-10 09:17:21 - ERROR - [logic\api\OpenWeatherMap\weather.py] - Ошибка при проверке даты обновления данных: Expecting value: line 1 column 12 (char 11)
2026-04-10 09:18:00 - ERROR - [logic\api\OpenWeatherMap\weather.py] - Ошибка при записи данных в json файл: Object of type Function is not JSON serializable
2026-04-10 09:18:00 - ERROR - [logic\api\OpenWeatherMap\weather.py] - Ошибка при проверке даты обновления данных: [Errno 2] No such file or directory: 'logic/api/OpenWeatherMap/date_updatedate_update.json'
2026-04-10 09:18:24 - ERROR - [logic\api\OpenWeatherMap\weather.py] - Ошибка при записи данных в json файл: Object of type Function is not JSON serializable
2026-04-10 09:18:24 - ERROR - [logic\api\OpenWeatherMap\weather.py] - Ошибка при проверке даты обновления данных: [Errno 2] No such file or directory: 'logic/api/OpenWeatherMap/date_updatedate_update.json'
2026-04-10 09:22:28 - ERROR - [logic\api\OpenWeatherMap\weather.py] - Ошибка при записи данных в json файл: type object 'datetime.datetime' has no attribute 'datetime'
2026-04-10 09:23:32 - ERROR - [logic\api\OpenWeatherMap\weather.py] - Ошибка при записи данных в json файл: type object 'datetime.datetime' has no attribute 'timedelta'
2026-04-10 09:24:30 - ERROR - [logic\api\OpenWeatherMap\weather.py] - Ошибка при записи данных в json файл: type object 'datetime.datetime' has no attribute 'timedelta'
2026-04-10 09:24:30 - ERROR - [logic\api\OpenWeatherMap\weather.py] - Ошибка при проверке даты обновления данных: Expecting value: line 1 column 1 (char 0)
2026-04-10 09:26:23 - ERROR - [logic\api\OpenWeatherMap\weather.py] - Ошибка при записи данных в json файл: Object of type Function is not JSON serializable
2026-04-10 09:26:23 - ERROR - [logic\api\OpenWeatherMap\weather.py] - Ошибка при проверке даты обновления данных: Expecting value: line 1 column 12 (char 11)
2026-04-10 09:28:38 - ERROR - [logic\api\OpenWeatherMap\weather.py] - Ошибка при записи данных в json файл: Object of type datetime is not JSON serializable
2026-04-10 09:28:38 - ERROR - [logic\api\OpenWeatherMap\weather.py] - Ошибка при проверке даты обновления данных: Expecting value: line 1 column 12 (char 11)
2026-04-10 09:28:50 - ERROR - [logic\api\OpenWeatherMap\weather.py] - Ошибка при записи данных в json файл: Object of type datetime is not JSON serializable
2026-04-10 09:28:50 - ERROR - [logic\api\OpenWeatherMap\weather.py] - Ошибка при проверке даты обновления данных: Expecting value: line 1 column 12 (char 11)
2026-04-10 09:30:26 - ERROR - [logic\api\OpenWeatherMap\weather.py] - Ошибка при проверке даты обновления данных: Expecting value: line 1 column 12 (char 11)
2026-04-10 09:30:36 - ERROR - [logic\api\OpenWeatherMap\weather.py] - Ошибка при записи данных в json файл: Object of type datetime is not JSON serializable
2026-04-10 09:30:57 - ERROR - [logic\api\OpenWeatherMap\weather.py] - Ошибка при получении данных погоды для города (Москва): HTTPConnectionPool(host='api.openweathermap.org', port=80): Max retries exceeded with url: /data/2.5/weather?q=%D0%9C%D0%BE%D1%81%D0%BA%D0%B2%D0%B0&appid=6bb8642792165bf0e9cee96779374806&units=metric (Caused by ConnectTimeoutError(<HTTPConnection(host='api.openweathermap.org', port=80) at 0x1d324e61b20>, 'Connection to api.openweathermap.org timed out. (connect timeout=None)'))
2026-04-10 09:33:33 - ERROR - [logic\api\OpenWeatherMap\weather.py] - Ошибка при проверке даты обновления данных: Expecting value: line 1 column 1 (char 0)
2026-04-10 09:33:54 - ERROR - [logic\api\OpenWeatherMap\weather.py] - Ошибка при получении данных погоды для города (Москва): HTTPConnectionPool(host='api.openweathermap.org', port=80): Max retries exceeded with url: /data/2.5/weather?q=%D0%9C%D0%BE%D1%81%D0%BA%D0%B2%D0%B0&appid=6bb8642792165bf0e9cee96779374806&units=metric (Caused by ConnectTimeoutError(<HTTPConnection(host='api.openweathermap.org', port=80) at 0x278a4315580>, 'Connection to api.openweathermap.org timed out. (connect timeout=None)'))
2026-04-10 09:34:13 - INFO - [app.py] - Инициализация основных компонентов приложения
2026-04-10 09:34:13 - INFO - [setup_db\create_db.py] - База данных создана
2026-04-10 09:34:13 - ERROR - [logic\api\OpenWeatherMap\weather.py] - Ошибка при проверке даты обновления данных: Boolean value of this clause is not defined
2026-04-10 09:34:34 - ERROR - [logic\api\OpenWeatherMap\weather.py] - Ошибка при получении данных погоды для города (Москва): HTTPConnectionPool(host='api.openweathermap.org', port=80): Max retries exceeded with url: /data/2.5/weather?q=%D0%9C%D0%BE%D1%81%D0%BA%D0%B2%D0%B0&appid=6bb8642792165bf0e9cee96779374806&units=metric (Caused by ConnectTimeoutError(<HTTPConnection(host='api.openweathermap.org', port=80) at 0x1f99034d940>, 'Connection to api.openweathermap.org timed out. (connect timeout=None)'))
2026-04-10 09:34:34 - INFO - [app.py] - Приложение запущено
2026-04-10 09:35:01 - INFO - [logic\pages\auth\auth.py] - Данные для аунтентификации получены
2026-04-10 09:35:02 - INFO - [logic\pages\auth\auth.py] - Пользователь (liwstry5@gmail.com) авторизован
2026-04-10 09:35:16 - INFO - [app.py] - Приложение остановлено
2026-04-10 10:08:36 - ERROR - [logic\api\OpenWeatherMap\weather.py] - Ошибка при проверке даты обновления данных: Boolean value of this clause is not defined
2026-04-10 10:08:57 - ERROR - [logic\api\OpenWeatherMap\weather.py] - Ошибка при получении данных погоды для города (Москва): HTTPConnectionPool(host='api.openweathermap.org', port=80): Max retries exceeded with url: /data/2.5/weather?q=%D0%9C%D0%BE%D1%81%D0%BA%D0%B2%D0%B0&appid=6bb8642792165bf0e9cee96779374806&units=metric (Caused by ConnectTimeoutError(<HTTPConnection(host='api.openweathermap.org', port=80) at 0x2bd2df1fb00>, 'Connection to api.openweathermap.org timed out. (connect timeout=None)'))
2026-04-10 10:34:18 - ERROR - [logic\api\OpenWeatherMap\weather.py] - Ошибка при получении данных погоды для города (Москва): Expecting value: line 1 column 1 (char 0)
2026-04-10 10:35:25 - ERROR - [logic\api\OpenWeatherMap\weather.py] - Ошибка при проверке даты запроса: Expecting value: line 1 column 1 (char 0)
2026-04-10 10:35:47 - ERROR - [logic\api\OpenWeatherMap\weather.py] - Ошибка при проверке даты запроса: Expecting value: line 1 column 1 (char 0)
2026-04-10 10:36:09 - ERROR - [logic\api\OpenWeatherMap\weather.py] - Ошибка при получении данных погоды для города (Москва): HTTPConnectionPool(host='api.openweathermap.org', port=80): Max retries exceeded with url: /data/2.5/weather?q=%D0%9C%D0%BE%D1%81%D0%BA%D0%B2%D0%B0&appid=6bb8642792165bf0e9cee96779374806&units=metric (Caused by ConnectTimeoutError(<HTTPConnection(host='api.openweathermap.org', port=80) at 0x17d8d7a7500>, 'Connection to api.openweathermap.org timed out. (connect timeout=None)'))
2026-04-10 10:37:22 - ERROR - [logic\api\OpenWeatherMap\weather.py] - Ошибка при проверке даты запроса: unsupported operand type(s) for -: 'str' and 'datetime.datetime'
2026-04-10 10:37:29 - ERROR - [logic\api\OpenWeatherMap\weather.py] - Ошибка при проверке даты запроса: unsupported operand type(s) for -: 'str' and 'datetime.datetime'
2026-04-10 10:39:59 - ERROR - [logic\api\OpenWeatherMap\weather.py] - Ошибка при получении данных погоды для города (Москва): HTTPConnectionPool(host='api.openweathermap.org', port=80): Max retries exceeded with url: /data/2.5/weather?q=%D0%9C%D0%BE%D1%81%D0%BA%D0%B2%D0%B0&appid=6bb8642792165bf0e9cee96779374806&units=metric (Caused by ConnectTimeoutError(<HTTPConnection(host='api.openweathermap.org', port=80) at 0x1e619729310>, 'Connection to api.openweathermap.org timed out. (connect timeout=None)'))
2026-04-10 10:41:29 - ERROR - [logic\api\OpenWeatherMap\weather.py] - Ошибка при получении данных погоды для города (Москва): HTTPConnectionPool(host='api.openweathermap.org', port=80): Max retries exceeded with url: /data/2.5/weather?q=%D0%9C%D0%BE%D1%81%D0%BA%D0%B2%D0%B0&appid=6bb8642792165bf0e9cee96779374806&units=metric (Caused by ConnectTimeoutError(<HTTPConnection(host='api.openweathermap.org', port=80) at 0x1c94e7dab40>, 'Connection to api.openweathermap.org timed out. (connect timeout=None)'))
2026-04-10 10:42:02 - ERROR - [logic\api\OpenWeatherMap\weather.py] - Ошибка при получении данных погоды для города (Москва): HTTPSConnectionPool(host='api.openweathermap.org', port=443): Max retries exceeded with url: /data/2.5/weather?q=%D0%9C%D0%BE%D1%81%D0%BA%D0%B2%D0%B0&appid=6bb8642792165bf0e9cee96779374806&units=metric (Caused by ConnectTimeoutError(<HTTPSConnection(host='api.openweathermap.org', port=443) at 0x1b55ec14f20>, 'Connection to api.openweathermap.org timed out. (connect timeout=None)'))
2026-04-10 10:43:25 - ERROR - [logic\api\OpenWeatherMap\weather.py] - Ошибка при получении данных погоды для города (Москва): HTTPConnectionPool(host='api.openweathermap.org', port=80): Max retries exceeded with url: /data/2.5/weather?q=%D0%9C%D0%BE%D1%81%D0%BA%D0%B2%D0%B0&appid=6bb8642792165bf0e9cee96779374806&units=metric (Caused by ConnectTimeoutError(<HTTPConnection(host='api.openweathermap.org', port=80) at 0x1923a749160>, 'Connection to api.openweathermap.org timed out. (connect timeout=None)'))
2026-04-10 10:58:34 - ERROR - [logic\api\OpenWeatherMap\weather.py] - Ошибка при получении данных погоды для города (Москва): HTTPConnectionPool(host='api.openweathermap.org', port=80): Max retries exceeded with url: /data/2.5/weather?q=%D0%9C%D0%BE%D1%81%D0%BA%D0%B2%D0%B0&appid=6bb8642792165bf0e9cee96779374806&units=metric (Caused by ConnectTimeoutError(<HTTPConnection(host='api.openweathermap.org', port=80) at 0x24a619348c0>, 'Connection to api.openweathermap.org timed out. (connect timeout=None)'))
2026-04-10 11:17:00 - INFO - [app.py] - Инициализация основных компонентов приложения
2026-04-10 11:17:00 - INFO - [setup_db\create_db.py] - База данных создана
2026-04-10 11:17:22 - ERROR - [logic\api\OpenWeatherMap\weather.py] - Ошибка при получении данных погоды для города (Москва): HTTPConnectionPool(host='api.openweathermap.org', port=80): Max retries exceeded with url: /data/2.5/weather?q=%D0%9C%D0%BE%D1%81%D0%BA%D0%B2%D0%B0&appid=6bb8642792165bf0e9cee96779374806&units=metric (Caused by ConnectTimeoutError(<HTTPConnection(host='api.openweathermap.org', port=80) at 0x211a1a5d310>, 'Connection to api.openweathermap.org timed out. (connect timeout=None)'))
2026-04-10 11:17:22 - INFO - [app.py] - Приложение запущено
2026-04-10 11:17:37 - INFO - [app.py] - Приложение остановлено
2026-04-10 11:17:38 - INFO - [app.py] - Инициализация основных компонентов приложения
2026-04-10 11:17:38 - INFO - [setup_db\create_db.py] - База данных создана
2026-04-10 11:17:59 - ERROR - [logic\api\OpenWeatherMap\weather.py] - Ошибка при получении данных погоды для города (Москва): HTTPConnectionPool(host='api.openweathermap.org', port=80): Max retries exceeded with url: /data/2.5/weather?q=%D0%9C%D0%BE%D1%81%D0%BA%D0%B2%D0%B0&appid=6bb8642792165bf0e9cee96779374806&units=metric (Caused by ConnectTimeoutError(<HTTPConnection(host='api.openweathermap.org', port=80) at 0x1d72e54d220>, 'Connection to api.openweathermap.org timed out. (connect timeout=None)'))
2026-04-10 11:17:59 - INFO - [app.py] - Приложение запущено
2026-04-10 11:18:00 - INFO - [app.py] - Инициализация основных компонентов приложения
2026-04-10 11:18:00 - INFO - [setup_db\create_db.py] - База данных создана
2026-04-10 11:18:21 - ERROR - [logic\api\OpenWeatherMap\weather.py] - Ошибка при получении данных погоды для города (Москва): HTTPConnectionPool(host='api.openweathermap.org', port=80): Max retries exceeded with url: /data/2.5/weather?q=%D0%9C%D0%BE%D1%81%D0%BA%D0%B2%D0%B0&appid=6bb8642792165bf0e9cee96779374806&units=metric (Caused by ConnectTimeoutError(<HTTPConnection(host='api.openweathermap.org', port=80) at 0x1b79a70d370>, 'Connection to api.openweathermap.org timed out. (connect timeout=None)'))
2026-04-10 11:18:21 - INFO - [app.py] - Приложение запущено
2026-04-10 11:20:07 - INFO - [app.py] - Приложение остановлено
2026-04-10 11:20:07 - INFO - [app.py] - Приложение остановлено
2026-04-10 13:18:14 - INFO - [app.py] - Инициализация основных компонентов приложения
2026-04-10 13:18:14 - INFO - [setup_db\create_db.py] - База данных создана
2026-04-10 13:18:35 - ERROR - [logic\api\OpenWeatherMap\weather.py] - Ошибка при получении данных погоды для города (Москва): HTTPConnectionPool(host='api.openweathermap.org', port=80): Max retries exceeded with url: /data/2.5/weather?q=%D0%9C%D0%BE%D1%81%D0%BA%D0%B2%D0%B0&appid=6bb8642792165bf0e9cee96779374806&units=metric (Caused by ConnectTimeoutError(<HTTPConnection(host='api.openweathermap.org', port=80) at 0x18d86afa0f0>, 'Connection to api.openweathermap.org timed out. (connect timeout=None)'))
2026-04-10 13:18:35 - INFO - [app.py] - Приложение запущено
2026-04-10 13:18:36 - INFO - [app.py] - Инициализация основных компонентов приложения
2026-04-10 13:18:36 - INFO - [setup_db\create_db.py] - База данных создана
2026-04-10 13:18:57 - ERROR - [logic\api\OpenWeatherMap\weather.py] - Ошибка при получении данных погоды для города (Москва): HTTPConnectionPool(host='api.openweathermap.org', port=80): Max retries exceeded with url: /data/2.5/weather?q=%D0%9C%D0%BE%D1%81%D0%BA%D0%B2%D0%B0&appid=6bb8642792165bf0e9cee96779374806&units=metric (Caused by ConnectTimeoutError(<HTTPConnection(host='api.openweathermap.org', port=80) at 0x23f8165a030>, 'Connection to api.openweathermap.org timed out. (connect timeout=None)'))
2026-04-10 13:18:57 - INFO - [app.py] - Приложение запущено
2026-04-10 13:19:01 - INFO - [logic\pages\auth\auth.py] - Данные для аунтентификации получены
2026-04-10 13:19:02 - INFO - [logic\pages\auth\auth.py] - Пользователь (liwstry5@gmail.com) авторизован
2026-04-10 13:42:00 - INFO - [app.py] - Приложение остановлено
2026-04-10 13:42:01 - INFO - [app.py] - Инициализация основных компонентов приложения
2026-04-10 13:42:01 - INFO - [setup_db\create_db.py] - База данных создана
2026-04-10 13:42:02 - INFO - [app.py] - Приложение запущено
2026-04-10 13:42:57 - INFO - [app.py] - Приложение остановлено
2026-04-10 13:42:58 - INFO - [app.py] - Инициализация основных компонентов приложения
2026-04-10 13:42:58 - INFO - [setup_db\create_db.py] - База данных создана
2026-04-10 13:42:58 - INFO - [app.py] - Приложение запущено
2026-04-10 13:43:37 - INFO - [app.py] - Приложение остановлено
2026-04-10 13:43:38 - INFO - [app.py] - Инициализация основных компонентов приложения
2026-04-10 13:43:38 - INFO - [setup_db\create_db.py] - База данных создана
2026-04-10 13:43:38 - INFO - [app.py] - Приложение запущено
2026-04-10 13:43:53 - INFO - [app.py] - Приложение остановлено
2026-04-10 13:43:54 - INFO - [app.py] - Инициализация основных компонентов приложения
2026-04-10 13:43:54 - INFO - [setup_db\create_db.py] - База данных создана
2026-04-10 13:43:54 - INFO - [app.py] - Приложение запущено
2026-04-10 13:44:22 - INFO - [app.py] - Приложение остановлено
2026-04-10 13:44:23 - INFO - [app.py] - Инициализация основных компонентов приложения
2026-04-10 13:44:23 - INFO - [setup_db\create_db.py] - База данных создана
2026-04-10 13:44:24 - INFO - [app.py] - Приложение запущено
2026-04-10 13:44:37 - INFO - [app.py] - Приложение остановлено
2026-04-10 13:44:38 - INFO - [app.py] - Инициализация основных компонентов приложения
2026-04-10 13:44:38 - INFO - [setup_db\create_db.py] - База данных создана
2026-04-10 13:44:39 - INFO - [app.py] - Приложение запущено
2026-04-10 13:45:35 - INFO - [app.py] - Приложение остановлено
2026-04-10 13:45:36 - INFO - [app.py] - Инициализация основных компонентов приложения
2026-04-10 13:45:36 - INFO - [setup_db\create_db.py] - База данных создана
2026-04-10 13:45:36 - INFO - [app.py] - Приложение запущено
2026-04-10 13:46:02 - INFO - [app.py] - Приложение остановлено
2026-04-10 13:46:03 - INFO - [app.py] - Инициализация основных компонентов приложения
2026-04-10 13:46:03 - INFO - [setup_db\create_db.py] - База данных создана
2026-04-10 13:46:03 - INFO - [app.py] - Приложение запущено
2026-04-10 13:46:17 - INFO - [app.py] - Приложение остановлено
2026-04-10 13:46:18 - INFO - [app.py] - Инициализация основных компонентов приложения
2026-04-10 13:46:18 - INFO - [setup_db\create_db.py] - База данных создана
2026-04-10 13:46:18 - INFO - [app.py] - Приложение запущено
2026-04-10 13:47:36 - INFO - [app.py] - Приложение остановлено
2026-04-10 13:47:37 - INFO - [app.py] - Инициализация основных компонентов приложения
2026-04-10 13:47:37 - INFO - [setup_db\create_db.py] - База данных создана
2026-04-10 13:47:37 - INFO - [app.py] - Приложение запущено
2026-04-10 13:47:38 - INFO - [app.py] - Приложение остановлено
2026-04-10 13:47:39 - INFO - [app.py] - Инициализация основных компонентов приложения
2026-04-10 13:47:39 - INFO - [setup_db\create_db.py] - База данных создана
2026-04-10 13:47:39 - INFO - [app.py] - Приложение запущено
2026-04-10 13:48:25 - INFO - [logic\pages\auth\auth.py] - Данные для аунтентификации получены
2026-04-10 13:48:26 - INFO - [logic\pages\auth\auth.py] - Пользователь (liwstry5@gmail.com) авторизован
2026-04-10 13:50:14 - INFO - [app.py] - Приложение остановлено
2026-04-10 13:50:14 - INFO - [app.py] - Приложение остановлено
2026-04-10 13:51:21 - INFO - [app.py] - Инициализация основных компонентов приложения
2026-04-10 13:51:21 - INFO - [setup_db\create_db.py] - База данных создана
2026-04-10 13:53:11 - INFO - [app.py] - Инициализация основных компонентов приложения
2026-04-10 13:53:11 - INFO - [setup_db\create_db.py] - База данных создана
2026-04-10 13:53:11 - INFO - [app.py] - Приложение запущено
2026-04-10 13:53:12 - INFO - [app.py] - Инициализация основных компонентов приложения
2026-04-10 13:53:12 - INFO - [setup_db\create_db.py] - База данных создана
2026-04-10 13:53:13 - INFO - [app.py] - Приложение запущено
2026-04-10 13:53:25 - INFO - [app.py] - Приложение остановлено
2026-04-10 13:53:26 - INFO - [app.py] - Инициализация основных компонентов приложения
2026-04-10 13:53:26 - INFO - [setup_db\create_db.py] - База данных создана
2026-04-10 13:53:27 - INFO - [app.py] - Приложение запущено
2026-04-10 13:53:28 - INFO - [app.py] - Приложение остановлено
2026-04-10 13:53:28 - INFO - [app.py] - Приложение остановлено
2026-04-10 14:53:30 - INFO - [app.py] - Инициализация основных компонентов приложения
2026-04-10 14:53:31 - INFO - [setup_db\create_db.py] - База данных создана
2026-04-10 14:53:31 - INFO - [app.py] - Приложение запущено
2026-04-10 14:53:32 - INFO - [app.py] - Инициализация основных компонентов приложения
2026-04-10 14:53:32 - INFO - [setup_db\create_db.py] - База данных создана
2026-04-10 14:53:33 - INFO - [app.py] - Приложение запущено
2026-04-10 14:53:45 - INFO - [app.py] - Приложение остановлено
2026-04-10 14:53:46 - INFO - [app.py] - Инициализация основных компонентов приложения
2026-04-10 14:53:46 - INFO - [setup_db\create_db.py] - База данных создана
2026-04-10 14:54:30 - ERROR - [logic\api\OpenWeatherMap\weather.py] - Ошибка при получении данных погоды для города (Москва): HTTPConnectionPool(host='api.openweathermap.org', port=80): Read timed out. (read timeout=None)
2026-04-10 14:54:30 - INFO - [app.py] - Приложение запущено
2026-04-10 14:54:34 - INFO - [logic\pages\auth\auth.py] - Данные для аунтентификации получены
2026-04-10 14:54:34 - INFO - [logic\pages\auth\auth.py] - Пользователь (liwstry5@gmail.com) авторизован
2026-04-10 14:55:02 - INFO - [app.py] - Приложение остановлено
2026-04-10 14:55:03 - INFO - [app.py] - Инициализация основных компонентов приложения
2026-04-10 14:55:03 - INFO - [setup_db\create_db.py] - База данных создана
2026-04-10 14:55:03 - INFO - [app.py] - Приложение запущено
2026-04-10 14:55:21 - INFO - [app.py] - Приложение остановлено
2026-04-10 14:55:22 - INFO - [app.py] - Инициализация основных компонентов приложения
2026-04-10 14:55:22 - INFO - [setup_db\create_db.py] - База данных создана
2026-04-10 14:55:22 - INFO - [app.py] - Приложение запущено
2026-04-10 14:56:22 - INFO - [app.py] - Приложение остановлено
2026-04-10 14:56:22 - INFO - [app.py] - Приложение остановлено
2026-04-10 14:56:38 - INFO - [app.py] - Инициализация основных компонентов приложения
2026-04-10 14:56:38 - INFO - [setup_db\create_db.py] - База данных создана
2026-04-10 14:57:07 - INFO - [app.py] - Инициализация основных компонентов приложения
2026-04-10 14:57:07 - INFO - [setup_db\create_db.py] - База данных создана
2026-04-10 14:57:07 - INFO - [app.py] - Приложение запущено
2026-04-10 14:57:08 - INFO - [app.py] - Инициализация основных компонентов приложения
2026-04-10 14:57:08 - INFO - [setup_db\create_db.py] - База данных создана
2026-04-10 14:57:08 - INFO - [app.py] - Приложение запущено
2026-04-10 14:58:04 - INFO - [app.py] - Приложение остановлено
2026-04-10 14:58:05 - INFO - [app.py] - Инициализация основных компонентов приложения
2026-04-10 14:58:05 - INFO - [setup_db\create_db.py] - База данных создана
2026-04-10 14:58:06 - INFO - [app.py] - Приложение запущено
2026-04-10 14:58:35 - INFO - [app.py] - Приложение остановлено
2026-04-10 14:58:36 - INFO - [app.py] - Инициализация основных компонентов приложения
2026-04-10 14:58:36 - INFO - [setup_db\create_db.py] - База данных создана
2026-04-10 14:58:36 - INFO - [app.py] - Приложение запущено
2026-04-10 14:58:53 - INFO - [app.py] - Приложение остановлено
2026-04-10 14:58:54 - INFO - [app.py] - Инициализация основных компонентов приложения
2026-04-10 14:58:54 - INFO - [setup_db\create_db.py] - База данных создана
2026-04-10 14:58:55 - INFO - [app.py] - Приложение запущено
2026-04-10 14:59:53 - INFO - [app.py] - Приложение остановлено
2026-04-10 15:01:34 - ERROR - [logic\api\OpenWeatherMap\weather.py] - Ошибка при получении данных погоды для города (Москва): HTTPConnectionPool(host='api.openweathermap.org', port=80): Read timed out. (read timeout=None)
2026-04-10 15:01:53 - INFO - [app.py] - Инициализация основных компонентов приложения
2026-04-10 15:01:53 - INFO - [setup_db\create_db.py] - База данных создана
2026-04-10 15:01:54 - INFO - [app.py] - Приложение запущено
2026-04-10 15:01:55 - INFO - [app.py] - Инициализация основных компонентов приложения
2026-04-10 15:01:55 - INFO - [setup_db\create_db.py] - База данных создана
2026-04-10 15:01:55 - INFO - [app.py] - Приложение запущено
2026-04-10 15:02:20 - INFO - [app.py] - Приложение остановлено
2026-04-10 15:02:21 - INFO - [app.py] - Инициализация основных компонентов приложения
2026-04-10 15:02:21 - INFO - [setup_db\create_db.py] - База данных создана
2026-04-10 15:03:01 - ERROR - [logic\api\OpenWeatherMap\weather.py] - Ошибка при получении данных погоды для города (Москва): HTTPConnectionPool(host='api.openweathermap.org', port=80): Read timed out. (read timeout=None)
2026-04-10 15:03:01 - INFO - [app.py] - Приложение запущено
2026-04-10 15:03:38 - INFO - [app.py] - Приложение остановлено
2026-04-10 15:03:39 - INFO - [app.py] - Инициализация основных компонентов приложения
2026-04-10 15:03:39 - INFO - [setup_db\create_db.py] - База данных создана
2026-04-10 15:03:40 - INFO - [app.py] - Приложение запущено
2026-04-10 15:04:10 - INFO - [app.py] - Приложение остановлено
2026-04-10 15:04:11 - INFO - [app.py] - Инициализация основных компонентов приложения
2026-04-10 15:04:11 - INFO - [setup_db\create_db.py] - База данных создана
2026-04-10 15:04:33 - ERROR - [logic\api\OpenWeatherMap\weather.py] - Ошибка при получении данных погоды для города (Москва): HTTPConnectionPool(host='api.openweathermap.org', port=80): Read timed out. (read timeout=None)
2026-04-10 15:04:51 - ERROR - [logic\api\OpenWeatherMap\weather.py] - Ошибка при получении данных погоды для города (Москва): HTTPConnectionPool(host='api.openweathermap.org', port=80): Read timed out. (read timeout=None)
2026-04-10 15:04:51 - INFO - [app.py] - Приложение запущено
2026-04-10 15:05:02 - INFO - [app.py] - Приложение остановлено
2026-04-10 15:05:03 - INFO - [app.py] - Инициализация основных компонентов приложения
2026-04-10 15:05:03 - INFO - [setup_db\create_db.py] - База данных создана
2026-04-10 15:05:43 - ERROR - [logic\api\OpenWeatherMap\weather.py] - Ошибка при получении данных погоды для города (Москва): HTTPConnectionPool(host='api.openweathermap.org', port=80): Read timed out. (read timeout=None)
2026-04-10 15:05:43 - INFO - [app.py] - Приложение запущено
2026-04-10 15:06:12 - ERROR - [logic\api\OpenWeatherMap\weather.py] - Ошибка при получении данных погоды для города (Москва): HTTPConnectionPool(host='api.openweathermap.org', port=80): Read timed out. (read timeout=None)
2026-04-10 15:06:14 - INFO - [app.py] - Приложение остановлено
2026-04-10 15:06:15 - INFO - [app.py] - Инициализация основных компонентов приложения
2026-04-10 15:06:15 - INFO - [setup_db\create_db.py] - База данных создана
2026-04-10 15:06:15 - INFO - [app.py] - Приложение запущено
2026-04-10 15:06:28 - INFO - [app.py] - Приложение остановлено
2026-04-10 15:06:29 - INFO - [app.py] - Инициализация основных компонентов приложения
2026-04-10 15:06:29 - INFO - [setup_db\create_db.py] - База данных создана
2026-04-10 15:06:29 - INFO - [app.py] - Приложение запущено
2026-04-10 15:07:02 - INFO - [app.py] - Приложение остановлено
2026-04-10 15:07:03 - INFO - [app.py] - Инициализация основных компонентов приложения
2026-04-10 15:07:03 - INFO - [setup_db\create_db.py] - База данных создана
2026-04-10 15:07:03 - INFO - [app.py] - Приложение запущено
2026-04-10 15:07:45 - INFO - [app.py] - Приложение остановлено
2026-04-10 15:07:46 - INFO - [app.py] - Инициализация основных компонентов приложения
2026-04-10 15:07:46 - INFO - [setup_db\create_db.py] - База данных создана
2026-04-10 15:07:47 - INFO - [app.py] - Приложение запущено
2026-04-10 15:08:10 - INFO - [app.py] - Приложение остановлено
2026-04-10 15:08:11 - INFO - [app.py] - Инициализация основных компонентов приложения
2026-04-10 15:08:11 - INFO - [setup_db\create_db.py] - База данных создана
2026-04-10 15:08:11 - INFO - [app.py] - Приложение запущено
2026-04-10 15:08:46 - INFO - [app.py] - Приложение остановлено
2026-04-10 15:08:46 - INFO - [app.py] - Приложение остановлено
2026-04-10 15:13:03 - INFO - [app.py] - Инициализация основных компонентов приложения
2026-04-10 15:13:03 - INFO - [setup_db\create_db.py] - База данных создана
2026-04-10 15:14:53 - INFO - [app.py] - Инициализация основных компонентов приложения
2026-04-10 15:14:53 - INFO - [setup_db\create_db.py] - База данных создана
2026-04-10 15:15:14 - INFO - [app.py] - Инициализация основных компонентов приложения
2026-04-10 15:15:14 - INFO - [setup_db\create_db.py] - База данных создана
2026-04-10 15:16:45 - INFO - [app.py] - Инициализация основных компонентов приложения
2026-04-10 15:16:46 - INFO - [setup_db\create_db.py] - База данных создана
2026-04-10 15:16:46 - INFO - [app.py] - Приложение запущено
2026-04-10 15:16:49 - INFO - [app.py] - Инициализация основных компонентов приложения
2026-04-10 15:16:49 - INFO - [setup_db\create_db.py] - База данных создана
2026-04-10 15:16:50 - INFO - [app.py] - Приложение запущено
2026-04-10 15:17:26 - INFO - [app.py] - Приложение остановлено
2026-04-10 15:17:27 - INFO - [app.py] - Приложение остановлено
2026-04-10 15:17:31 - INFO - [app.py] - Инициализация основных компонентов приложения
2026-04-10 15:17:31 - INFO - [setup_db\create_db.py] - База данных создана
2026-04-10 15:17:32 - INFO - [app.py] - Приложение запущено
2026-04-10 15:17:35 - INFO - [app.py] - Инициализация основных компонентов приложения
2026-04-10 15:17:35 - INFO - [setup_db\create_db.py] - База данных создана
2026-04-10 15:17:36 - INFO - [app.py] - Приложение запущено
2026-04-10 15:18:05 - INFO - [app.py] - Приложение остановлено
2026-04-10 15:18:06 - INFO - [app.py] - Приложение остановлено
2026-04-10 15:18:08 - INFO - [app.py] - Инициализация основных компонентов приложения
2026-04-10 15:18:08 - INFO - [setup_db\create_db.py] - База данных создана
2026-04-10 15:18:09 - INFO - [app.py] - Приложение запущено
2026-04-10 15:18:12 - INFO - [app.py] - Инициализация основных компонентов приложения
2026-04-10 15:18:12 - INFO - [setup_db\create_db.py] - База данных создана
2026-04-10 15:18:13 - INFO - [app.py] - Приложение запущено
2026-04-10 15:18:58 - INFO - [logic\pages\auth\auth.py] - Данные для аунтентификации получены
2026-04-10 15:18:59 - INFO - [logic\pages\auth\auth.py] - Пользователь (liwstry5@gmail.com) авторизован
2026-04-10 15:19:11 - INFO - [app.py] - Приложение остановлено
2026-04-10 15:19:12 - INFO - [app.py] - Приложение остановлено
2026-04-10 15:20:51 - INFO - [app.py] - Инициализация основных компонентов приложения
2026-04-10 15:20:51 - INFO - [setup_db\create_db.py] - База данных создана
2026-04-10 15:20:51 - INFO - [app.py] - Приложение запущено
2026-04-10 15:20:54 - INFO - [app.py] - Инициализация основных компонентов приложения
2026-04-10 15:20:54 - INFO - [setup_db\create_db.py] - База данных создана
2026-04-10 15:20:55 - INFO - [app.py] - Приложение запущено
2026-04-10 15:21:14 - INFO - [app.py] - Приложение остановлено
2026-04-10 15:21:15 - INFO - [app.py] - Приложение остановлено
2026-04-10 15:21:24 - INFO - [app.py] - Инициализация основных компонентов приложения
2026-04-10 15:21:24 - INFO - [setup_db\create_db.py] - База данных создана
2026-04-10 15:21:25 - INFO - [app.py] - Приложение запущено
2026-04-10 15:21:28 - INFO - [app.py] - Инициализация основных компонентов приложения
2026-04-10 15:21:28 - INFO - [setup_db\create_db.py] - База данных создана
2026-04-10 15:21:29 - INFO - [app.py] - Приложение запущено
2026-04-10 15:21:57 - INFO - [app.py] - Приложение остановлено
2026-04-10 15:21:59 - INFO - [app.py] - Инициализация основных компонентов приложения
2026-04-10 15:21:59 - INFO - [setup_db\create_db.py] - База данных создана
2026-04-10 15:22:00 - INFO - [app.py] - Приложение запущено
2026-04-10 15:23:32 - INFO - [app.py] - Приложение остановлено
2026-04-10 15:23:34 - INFO - [app.py] - Инициализация основных компонентов приложения
2026-04-10 15:23:34 - INFO - [setup_db\create_db.py] - База данных создана
2026-04-10 15:23:35 - INFO - [app.py] - Приложение запущено
2026-04-10 15:23:58 - INFO - [app.py] - Приложение остановлено
2026-04-10 15:23:58 - INFO - [app.py] - Приложение остановлено
2026-04-10 15:24:00 - INFO - [app.py] - Инициализация основных компонентов приложения
2026-04-10 15:24:00 - INFO - [setup_db\create_db.py] - База данных создана
2026-04-10 15:24:01 - INFO - [app.py] - Приложение запущено
2026-04-10 15:24:04 - INFO - [app.py] - Инициализация основных компонентов приложения
2026-04-10 15:24:04 - INFO - [setup_db\create_db.py] - База данных создана
2026-04-10 15:24:05 - INFO - [app.py] - Приложение запущено
2026-04-10 15:25:33 - INFO - [app.py] - Приложение остановлено
2026-04-10 15:25:35 - INFO - [app.py] - Инициализация основных компонентов приложения
2026-04-10 15:25:36 - INFO - [setup_db\create_db.py] - База данных создана
2026-04-10 15:25:36 - INFO - [app.py] - Приложение запущено
2026-04-10 15:25:40 - INFO - [app.py] - Приложение остановлено
2026-04-10 15:25:41 - INFO - [app.py] - Приложение остановлено
2026-04-10 15:45:13 - INFO - [app.py] - Инициализация основных компонентов приложения
2026-04-10 15:45:13 - INFO - [setup_db\create_db.py] - База данных создана
2026-04-10 15:45:14 - INFO - [app.py] - Приложение запущено
2026-04-10 15:45:17 - INFO - [app.py] - Инициализация основных компонентов приложения
2026-04-10 15:45:17 - INFO - [setup_db\create_db.py] - База данных создана
2026-04-10 15:45:18 - INFO - [app.py] - Приложение запущено
2026-04-10 15:45:22 - INFO - [app.py] - Приложение остановлено
2026-04-10 15:45:23 - INFO - [app.py] - Приложение остановлено
2026-04-10 15:45:45 - INFO - [app.py] - Инициализация основных компонентов приложения
2026-04-10 15:45:45 - INFO - [setup_db\create_db.py] - База данных создана
2026-04-10 15:45:46 - INFO - [app.py] - Приложение запущено
2026-04-10 15:45:49 - INFO - [app.py] - Инициализация основных компонентов приложения
2026-04-10 15:45:49 - INFO - [setup_db\create_db.py] - База данных создана
2026-04-10 15:45:49 - INFO - [app.py] - Приложение запущено
2026-04-10 15:46:06 - INFO - [app.py] - Приложение остановлено
2026-04-10 15:46:06 - INFO - [app.py] - Приложение остановлено
2026-04-10 15:47:22 - INFO - [app.py] - Инициализация основных компонентов приложения
2026-04-10 15:47:23 - INFO - [setup_db\create_db.py] - База данных создана
2026-04-10 15:47:23 - INFO - [app.py] - Приложение запущено
2026-04-10 15:47:24 - INFO - [app.py] - Инициализация основных компонентов приложения
2026-04-10 15:47:24 - INFO - [setup_db\create_db.py] - База данных создана
2026-04-10 15:47:24 - INFO - [app.py] - Приложение запущено
2026-04-10 15:47:35 - INFO - [logic\pages\auth\auth.py] - Данные для аунтентификации получены
2026-04-10 15:47:36 - INFO - [logic\pages\auth\auth.py] - Пользователь (liwstry5@gmail.com) авторизован
2026-04-10 15:47:53 - INFO - [app.py] - Приложение остановлено
2026-04-10 15:47:53 - INFO - [app.py] - Приложение остановлено
2026-04-10 15:54:20 - INFO - [app.py] - Инициализация основных компонентов приложения
2026-04-10 15:54:20 - INFO - [setup_db\create_db.py] - База данных создана
2026-04-10 15:54:20 - INFO - [app.py] - Приложение запущено
2026-04-10 15:54:21 - INFO - [app.py] - Инициализация основных компонентов приложения
2026-04-10 15:54:21 - INFO - [setup_db\create_db.py] - База данных создана
2026-04-10 15:54:21 - INFO - [app.py] - Приложение запущено
2026-04-10 15:54:24 - INFO - [app.py] - Приложение остановлено
2026-04-10 15:54:24 - INFO - [app.py] - Приложение остановлено
2026-04-10 15:55:23 - INFO - [app.py] - Инициализация основных компонентов приложения
2026-04-10 15:55:24 - INFO - [setup_db\create_db.py] - База данных создана
2026-04-10 15:55:24 - INFO - [app.py] - Приложение запущено
2026-04-10 15:55:25 - INFO - [app.py] - Инициализация основных компонентов приложения
2026-04-10 15:55:25 - INFO - [setup_db\create_db.py] - База данных создана
2026-04-10 15:55:25 - INFO - [app.py] - Приложение запущено
2026-04-10 15:55:32 - INFO - [logic\pages\auth\auth.py] - Данные для аунтентификации получены
2026-04-10 15:55:32 - INFO - [logic\pages\auth\auth.py] - Пользователь (liwstry5@gmail.com) авторизован
2026-04-10 15:56:02 - INFO - [app.py] - Приложение остановлено
2026-04-10 15:56:03 - INFO - [app.py] - Инициализация основных компонентов приложения
2026-04-10 15:56:03 - INFO - [setup_db\create_db.py] - База данных создана
2026-04-10 15:56:03 - INFO - [app.py] - Приложение запущено
2026-04-10 15:56:21 - INFO - [app.py] - Приложение остановлено
2026-04-10 15:56:22 - INFO - [app.py] - Инициализация основных компонентов приложения
2026-04-10 15:56:22 - INFO - [setup_db\create_db.py] - База данных создана
2026-04-10 15:56:22 - INFO - [app.py] - Приложение запущено
2026-04-10 15:56:40 - INFO - [app.py] - Приложение остановлено
2026-04-10 15:56:40 - INFO - [app.py] - Приложение остановлено
2026-04-10 15:56:43 - INFO - [app.py] - Инициализация основных компонентов приложения
2026-04-10 15:56:43 - INFO - [setup_db\create_db.py] - База данных создана
2026-04-10 15:56:43 - INFO - [app.py] - Приложение запущено
2026-04-10 15:56:46 - INFO - [app.py] - Инициализация основных компонентов приложения
2026-04-10 15:56:46 - INFO - [setup_db\create_db.py] - База данных создана
2026-04-10 15:56:47 - INFO - [app.py] - Приложение запущено
2026-04-10 15:57:16 - INFO - [logic\pages\auth\auth.py] - Данные для аунтентификации получены
2026-04-10 15:57:18 - INFO - [logic\pages\auth\auth.py] - Пользователь (liwstry5@gmail.com) авторизован
2026-04-10 15:57:19 - INFO - [app.py] - Приложение остановлено
2026-04-10 15:57:21 - INFO - [app.py] - Инициализация основных компонентов приложения
2026-04-10 15:57:21 - INFO - [setup_db\create_db.py] - База данных создана
2026-04-10 15:57:21 - INFO - [app.py] - Приложение запущено
2026-04-10 15:58:51 - INFO - [app.py] - Приложение остановлено
2026-04-10 15:58:51 - INFO - [app.py] - Приложение остановлено
2026-04-10 15:58:54 - INFO - [app.py] - Инициализация основных компонентов приложения
2026-04-10 15:58:54 - INFO - [setup_db\create_db.py] - База данных создана
2026-04-10 15:58:55 - INFO - [app.py] - Приложение запущено
2026-04-10 15:58:58 - INFO - [app.py] - Инициализация основных компонентов приложения
2026-04-10 15:58:58 - INFO - [setup_db\create_db.py] - База данных создана
2026-04-10 15:58:59 - INFO - [app.py] - Приложение запущено
2026-04-10 15:59:11 - INFO - [app.py] - Приложение остановлено
2026-04-10 15:59:11 - INFO - [app.py] - Приложение остановлено
2026-04-10 16:03:43 - INFO - [app.py] - Инициализация основных компонентов приложения
2026-04-10 16:03:43 - INFO - [setup_db\create_db.py] - База данных создана
2026-04-10 16:04:05 - INFO - [app.py] - Инициализация основных компонентов приложения
2026-04-10 16:04:05 - INFO - [setup_db\create_db.py] - База данных создана
2026-04-10 16:04:05 - INFO - [app.py] - Приложение запущено
2026-04-10 16:04:06 - INFO - [app.py] - Инициализация основных компонентов приложения
2026-04-10 16:04:06 - INFO - [setup_db\create_db.py] - База данных создана
2026-04-10 16:04:06 - INFO - [app.py] - Приложение запущено
2026-04-10 16:04:21 - INFO - [app.py] - Приложение остановлено
2026-04-10 16:04:21 - INFO - [app.py] - Приложение остановлено
2026-04-10 16:11:29 - INFO - [app.py] - Инициализация основных компонентов приложения
2026-04-10 16:11:29 - INFO - [setup_db\create_db.py] - База данных создана
2026-04-10 16:11:29 - INFO - [app.py] - Приложение запущено
2026-04-10 16:11:30 - INFO - [app.py] - Инициализация основных компонентов приложения
2026-04-10 16:11:30 - INFO - [setup_db\create_db.py] - База данных создана
2026-04-10 16:11:30 - INFO - [app.py] - Приложение запущено
2026-04-10 16:11:32 - INFO - [app.py] - Приложение остановлено
2026-04-10 16:11:32 - INFO - [app.py] - Приложение остановлено
2026-04-10 16:11:55 - INFO - [app.py] - Инициализация основных компонентов приложения
2026-04-10 16:11:55 - INFO - [setup_db\create_db.py] - База данных создана
2026-04-10 16:11:55 - INFO - [app.py] - Приложение запущено
2026-04-10 16:11:55 - INFO - [app.py] - Инициализация основных компонентов приложения
2026-04-10 16:11:56 - INFO - [setup_db\create_db.py] - База данных создана
2026-04-10 16:11:56 - INFO - [app.py] - Приложение запущено
2026-04-10 16:11:57 - INFO - [app.py] - Приложение остановлено
2026-04-10 16:11:57 - INFO - [app.py] - Приложение остановлено
2026-04-10 16:12:21 - INFO - [app.py] - Инициализация основных компонентов приложения
2026-04-10 16:12:21 - INFO - [setup_db\create_db.py] - База данных создана
2026-04-10 16:12:21 - INFO - [app.py] - Приложение запущено
2026-04-10 16:12:22 - INFO - [app.py] - Инициализация основных компонентов приложения
2026-04-10 16:12:22 - INFO - [setup_db\create_db.py] - База данных создана
2026-04-10 16:12:22 - INFO - [app.py] - Приложение запущено
2026-04-10 16:12:30 - INFO - [app.py] - Приложение остановлено
2026-04-10 16:12:31 - INFO - [app.py] - Приложение остановлено
2026-04-10 16:12:34 - INFO - [app.py] - Инициализация основных компонентов приложения
2026-04-10 16:12:34 - INFO - [setup_db\create_db.py] - База данных создана
2026-04-10 16:12:34 - INFO - [app.py] - Приложение запущено
2026-04-10 16:12:34 - INFO - [app.py] - Инициализация основных компонентов приложения
2026-04-10 16:12:35 - INFO - [setup_db\create_db.py] - База данных создана
2026-04-10 16:12:35 - INFO - [app.py] - Приложение запущено
2026-04-10 16:12:40 - INFO - [logic\pages\auth\auth.py] - Данные для аунтентификации получены
2026-04-10 16:12:40 - INFO - [logic\pages\auth\auth.py] - Пользователь (liwstry5@gmail.com) авторизован
2026-04-10 16:13:30 - INFO - [app.py] - Приложение остановлено
2026-04-10 16:13:30 - INFO - [app.py] - Приложение остановлено
2026-04-10 16:16:20 - INFO - [app.py] - Инициализация основных компонентов приложения
2026-04-10 16:16:20 - INFO - [setup_db\create_db.py] - База данных создана
2026-04-10 16:16:20 - INFO - [app.py] - Приложение запущено
2026-04-10 16:16:21 - INFO - [app.py] - Инициализация основных компонентов приложения
2026-04-10 16:16:21 - INFO - [setup_db\create_db.py] - База данных создана
2026-04-10 16:16:21 - INFO - [app.py] - Приложение запущено
2026-04-10 16:16:36 - INFO - [app.py] - Приложение остановлено
2026-04-10 16:16:36 - INFO - [app.py] - Инициализация основных компонентов приложения
2026-04-10 16:16:37 - INFO - [setup_db\create_db.py] - База данных создана
2026-04-10 16:16:37 - INFO - [app.py] - Приложение запущено
2026-04-10 16:16:47 - INFO - [app.py] - Приложение остановлено
2026-04-10 16:16:48 - INFO - [app.py] - Инициализация основных компонентов приложения
2026-04-10 16:16:48 - INFO - [setup_db\create_db.py] - База данных создана
2026-04-10 16:16:48 - INFO - [app.py] - Приложение запущено
2026-04-10 16:16:57 - INFO - [app.py] - Приложение остановлено
2026-04-10 16:16:57 - INFO - [app.py] - Приложение остановлено
2026-04-10 16:22:00 - INFO - [app.py] - Инициализация основных компонентов приложения
2026-04-10 16:22:00 - INFO - [setup_db\create_db.py] - База данных создана
2026-04-10 16:22:00 - INFO - [app.py] - Приложение запущено
2026-04-10 16:22:01 - INFO - [app.py] - Инициализация основных компонентов приложения
2026-04-10 16:22:01 - INFO - [setup_db\create_db.py] - База данных создана
2026-04-10 16:22:01 - INFO - [app.py] - Приложение запущено
2026-04-10 16:22:05 - INFO - [logic\pages\auth\auth.py] - Данные для аунтентификации получены
2026-04-10 16:22:05 - INFO - [logic\pages\auth\auth.py] - Пользователь (liwstry5@gmail.com) авторизован
2026-04-10 16:22:23 - INFO - [app.py] - Приложение остановлено
2026-04-10 16:22:24 - INFO - [app.py] - Инициализация основных компонентов приложения
2026-04-10 16:22:24 - INFO - [setup_db\create_db.py] - База данных создана
2026-04-10 16:22:24 - INFO - [app.py] - Приложение запущено
2026-04-10 16:22:36 - INFO - [app.py] - Приложение остановлено
2026-04-10 16:22:37 - INFO - [app.py] - Инициализация основных компонентов приложения
2026-04-10 16:22:37 - INFO - [setup_db\create_db.py] - База данных создана
2026-04-10 16:22:37 - INFO - [app.py] - Приложение запущено
2026-04-10 16:23:00 - INFO - [app.py] - Приложение остановлено
2026-04-10 16:23:01 - INFO - [app.py] - Инициализация основных компонентов приложения
2026-04-10 16:23:01 - INFO - [setup_db\create_db.py] - База данных создана
2026-04-10 16:23:01 - INFO - [app.py] - Приложение запущено
2026-04-10 16:23:22 - INFO - [logic\pages\auth\auth.py] - Данные для аунтентификации получены
2026-04-10 16:23:23 - INFO - [logic\pages\auth\auth.py] - Пользователь (liwstry5@gmail.com) авторизован
2026-04-10 16:23:39 - ERROR - [logic\api\OpenWeatherMap\weather.py] - Ошибка при получении данных погоды для города (Москва): HTTPConnectionPool(host='api.openweathermap.org', port=80): Read timed out. (read timeout=None)
2026-04-10 16:23:39 - ERROR - [logic\api\OpenWeatherMap\weather.py] - Ошибка при получении данных погоды для города (Москва): HTTPConnectionPool(host='api.openweathermap.org', port=80): Read timed out. (read timeout=None)
2026-04-10 16:23:40 - ERROR - [logic\api\OpenWeatherMap\weather.py] - Ошибка при получении данных погоды для города (Москва): HTTPConnectionPool(host='api.openweathermap.org', port=80): Read timed out. (read timeout=None)
2026-04-10 16:23:41 - ERROR - [logic\api\OpenWeatherMap\weather.py] - Ошибка при получении данных погоды для города (Москва): HTTPConnectionPool(host='api.openweathermap.org', port=80): Read timed out. (read timeout=None)
2026-04-10 16:24:10 - INFO - [app.py] - Приложение остановлено
2026-04-10 16:24:11 - INFO - [app.py] - Инициализация основных компонентов приложения
2026-04-10 16:24:11 - INFO - [setup_db\create_db.py] - База данных создана
2026-04-10 16:24:11 - INFO - [app.py] - Приложение запущено
2026-04-10 16:24:18 - INFO - [app.py] - Приложение остановлено
2026-04-10 16:24:19 - INFO - [app.py] - Инициализация основных компонентов приложения
2026-04-10 16:24:19 - INFO - [setup_db\create_db.py] - База данных создана
2026-04-10 16:24:19 - INFO - [app.py] - Приложение запущено
2026-04-10 16:24:31 - INFO - [logic\pages\auth\auth.py] - Данные для аунтентификации получены
2026-04-10 16:24:32 - INFO - [logic\pages\auth\auth.py] - Пользователь (liwstry5@gmail.com) авторизован
2026-04-10 16:24:48 - INFO - [app.py] - Приложение остановлено
2026-04-10 16:24:49 - INFO - [app.py] - Инициализация основных компонентов приложения
2026-04-10 16:24:49 - INFO - [setup_db\create_db.py] - База данных создана
2026-04-10 16:24:49 - INFO - [app.py] - Приложение запущено
2026-04-10 16:24:56 - INFO - [app.py] - Приложение остановлено
2026-04-10 16:24:57 - INFO - [app.py] - Инициализация основных компонентов приложения
2026-04-10 16:24:57 - INFO - [setup_db\create_db.py] - База данных создана
2026-04-10 16:24:57 - INFO - [app.py] - Приложение запущено
2026-04-10 16:25:07 - INFO - [app.py] - Приложение остановлено
2026-04-10 16:25:08 - INFO - [app.py] - Инициализация основных компонентов приложения
2026-04-10 16:25:08 - INFO - [setup_db\create_db.py] - База данных создана
2026-04-10 16:25:08 - INFO - [app.py] - Приложение запущено
2026-04-10 16:25:33 - INFO - [logic\pages\auth\auth.py] - Данные для аунтентификации получены
2026-04-10 16:25:34 - INFO - [logic\pages\auth\auth.py] - Пользователь (liwstry5@gmail.com) авторизован
2026-04-10 16:25:46 - ERROR - [logic\api\OpenWeatherMap\weather.py] - Ошибка при получении данных погоды для города (Москва): HTTPConnectionPool(host='api.openweathermap.org', port=80): Read timed out. (read timeout=None)
2026-04-10 16:25:47 - ERROR - [logic\api\OpenWeatherMap\weather.py] - Ошибка при получении данных погоды для города (Москва): HTTPConnectionPool(host='api.openweathermap.org', port=80): Read timed out. (read timeout=None)
2026-04-10 16:25:52 - ERROR - [logic\api\OpenWeatherMap\weather.py] - Ошибка при получении данных погоды для города (Москва): HTTPConnectionPool(host='api.openweathermap.org', port=80): Read timed out. (read timeout=None)
2026-04-10 16:27:07 - ERROR - [logic\api\OpenWeatherMap\weather.py] - Ошибка при получении данных погоды для города (Москва): HTTPConnectionPool(host='api.openweathermap.org', port=80): Read timed out. (read timeout=None)
2026-04-10 16:27:09 - ERROR - [logic\api\OpenWeatherMap\weather.py] - Ошибка при получении данных погоды для города (Москва): HTTPConnectionPool(host='api.openweathermap.org', port=80): Read timed out. (read timeout=None)
2026-04-10 16:27:11 - ERROR - [logic\api\OpenWeatherMap\weather.py] - Ошибка при получении данных погоды для города (Москва): HTTPConnectionPool(host='api.openweathermap.org', port=80): Read timed out. (read timeout=None)
2026-04-10 16:27:19 - INFO - [app.py] - Приложение остановлено
2026-04-10 16:27:19 - INFO - [app.py] - Приложение остановлено
